<?xml version="1.0" encoding="utf-8"?>
<!DOCTYPE coverage SYSTEM "http://cobertura.sourceforge.net/xml/coverage-04.dtd">
<coverage line-rate="0.241153342070773" branch-rate="0.152173913043478" lines-covered="184" lines-valid="763" branches-covered="21" branches-valid="138" complexity="249" version="0" timestamp="1698760093">
  <sources>
    <source>D:\Users\lmoph\</source>
  </sources>
  <packages>
    <package name="consoleApp" line-rate="0.151693667157585" branch-rate="0.152173913043478" complexity="234">
      <classes>
        <class name="arrayShuffler" filename="D:\Users\lmoph\OneDrive\Skrivebord\github repos\software-utvikling\lecture1-2\consoleApp\consoleApp\Program.cs" line-rate="0" branch-rate="0" complexity="2">
          <methods>
            <method name="Shuffle" signature="(...)" line-rate="0" branch-rate="0" complexity="2">
              <lines>
                <line number="22" hits="0" branch="false" />
                <line number="23" hits="0" branch="false" />
                <line number="24" hits="0" branch="true" condition-coverage="0% (0/2)" />
                <line number="25" hits="0" branch="false" />
                <line number="26" hits="0" branch="false" />
                <line number="27" hits="0" branch="false" />
                <line number="28" hits="0" branch="false" />
                <line number="29" hits="0" branch="false" />
                <line number="30" hits="0" branch="false" />
                <line number="31" hits="0" branch="false" />
              </lines>
            </method>
          </methods>
          <lines>
            <line number="22" hits="0" branch="false" />
            <line number="23" hits="0" branch="false" />
            <line number="24" hits="0" branch="true" condition-coverage="0% (0/2)" />
            <line number="25" hits="0" branch="false" />
            <line number="26" hits="0" branch="false" />
            <line number="27" hits="0" branch="false" />
            <line number="28" hits="0" branch="false" />
            <line number="29" hits="0" branch="false" />
            <line number="30" hits="0" branch="false" />
            <line number="31" hits="0" branch="false" />
          </lines>
        </class>
        <class name="consoleApp.Program" filename="D:\Users\lmoph\OneDrive\Skrivebord\github repos\software-utvikling\lecture1-2\consoleApp\consoleApp\Program.cs" line-rate="0.153961136023916" branch-rate="0.154411764705882" complexity="232">
          <methods>
            <method name="Main" signature="(...)" line-rate="0" branch-rate="1" complexity="1">
              <lines>
                <line number="38" hits="0" branch="false" />
                <line number="39" hits="0" branch="false" />
                <line number="40" hits="0" branch="false" />
                <line number="41" hits="0" branch="false" />
                <line number="42" hits="0" branch="false" />
              </lines>
            </method>
            <method name="deleteAllData" signature="()" line-rate="0" branch-rate="1" complexity="1">
              <lines>
                <line number="226" hits="0" branch="false" />
                <line number="227" hits="0" branch="false" />
                <line number="228" hits="0" branch="false" />
              </lines>
            </method>
            <method name="addEducation" signature="(...)" line-rate="0" branch-rate="1" complexity="1">
              <lines>
                <line number="231" hits="0" branch="false" />
                <line number="232" hits="0" branch="false" />
                <line number="233" hits="0" branch="false" />
                <line number="234" hits="0" branch="false" />
                <line number="235" hits="0" branch="false" />
                <line number="236" hits="0" branch="false" />
              </lines>
            </method>
            <method name="addStudent" signature="(...)" line-rate="0.666666666666667" branch-rate="1" complexity="1">
              <lines>
                <line number="238" hits="1" branch="false" />
                <line number="239" hits="1" branch="false" />
                <line number="240" hits="1" branch="false" />
                <line number="241" hits="1" branch="false" />
                <line number="242" hits="0" branch="false" />
                <line number="243" hits="0" branch="false" />
              </lines>
            </method>
            <method name="addTeacher" signature="(...)" line-rate="0" branch-rate="1" complexity="1">
              <lines>
                <line number="245" hits="0" branch="false" />
                <line number="246" hits="0" branch="false" />
                <line number="247" hits="0" branch="false" />
                <line number="248" hits="0" branch="false" />
                <line number="249" hits="0" branch="false" />
                <line number="250" hits="0" branch="false" />
              </lines>
            </method>
            <method name="addStudents" signature="(...)" line-rate="0" branch-rate="1" complexity="1">
              <lines>
                <line number="252" hits="0" branch="false" />
                <line number="253" hits="0" branch="false" />
                <line number="254" hits="0" branch="false" />
                <line number="255" hits="0" branch="false" />
                <line number="256" hits="0" branch="false" />
              </lines>
            </method>
            <method name="getStudentNamesLINQ" signature="()" line-rate="0" branch-rate="0" complexity="2">
              <lines>
                <line number="258" hits="0" branch="false" />
                <line number="259" hits="0" branch="false" />
                <line number="260" hits="0" branch="false" />
                <line number="261" hits="0" branch="true" condition-coverage="0% (0/2)" />
                <line number="262" hits="0" branch="false" />
                <line number="263" hits="0" branch="false" />
                <line number="264" hits="0" branch="false" />
                <line number="265" hits="0" branch="false" />
              </lines>
            </method>
            <method name="getTeacherLINQ" signature="()" line-rate="0" branch-rate="0" complexity="2">
              <lines>
                <line number="267" hits="0" branch="false" />
                <line number="268" hits="0" branch="false" />
                <line number="269" hits="0" branch="false" />
                <line number="270" hits="0" branch="false" />
                <line number="271" hits="0" branch="false" />
                <line number="272" hits="0" branch="true" condition-coverage="0% (0/2)" />
                <line number="273" hits="0" branch="false" />
                <line number="274" hits="0" branch="false" />
                <line number="276" hits="0" branch="false" />
                <line number="278" hits="0" branch="false" />
              </lines>
            </method>
            <method name="getStudentLINQ" signature="()" line-rate="0" branch-rate="0" complexity="2">
              <lines>
                <line number="280" hits="0" branch="false" />
                <line number="281" hits="0" branch="false" />
                <line number="282" hits="0" branch="false" />
                <line number="283" hits="0" branch="false" />
                <line number="284" hits="0" branch="false" />
                <line number="285" hits="0" branch="true" condition-coverage="0% (0/2)" />
                <line number="286" hits="0" branch="false" />
                <line number="287" hits="0" branch="false" />
                <line number="288" hits="0" branch="false" />
                <line number="290" hits="0" branch="false" />
                <line number="292" hits="0" branch="false" />
              </lines>
            </method>
            <method name="getStudentEducationLINQ" signature="()" line-rate="0" branch-rate="0" complexity="4">
              <lines>
                <line number="294" hits="0" branch="false" />
                <line number="295" hits="0" branch="false" />
                <line number="296" hits="0" branch="false" />
                <line number="297" hits="0" branch="false" />
                <line number="298" hits="0" branch="false" />
                <line number="299" hits="0" branch="true" condition-coverage="0% (0/2)" />
                <line number="300" hits="0" branch="false" />
                <line number="301" hits="0" branch="true" condition-coverage="0% (0/2)" />
                <line number="302" hits="0" branch="false" />
                <line number="303" hits="0" branch="false" />
                <line number="304" hits="0" branch="false" />
                <line number="305" hits="0" branch="false" />
                <line number="306" hits="0" branch="false" />
              </lines>
            </method>
            <method name="UpdateStudentChangeNameLINQ" signature="(...)" line-rate="0" branch-rate="0" complexity="2">
              <lines>
                <line number="308" hits="0" branch="false" />
                <line number="309" hits="0" branch="false" />
                <line number="310" hits="0" branch="false" />
                <line number="311" hits="0" branch="true" condition-coverage="0% (0/2)" />
                <line number="312" hits="0" branch="false" />
                <line number="313" hits="0" branch="false" />
                <line number="314" hits="0" branch="false" />
                <line number="315" hits="0" branch="false" />
                <line number="316" hits="0" branch="false" />
                <line number="317" hits="0" branch="false" />
                <line number="318" hits="0" branch="false" />
              </lines>
            </method>
            <method name="DeleteStudentLINQ" signature="(...)" line-rate="0" branch-rate="0" complexity="2">
              <lines>
                <line number="320" hits="0" branch="false" />
                <line number="321" hits="0" branch="false" />
                <line number="322" hits="0" branch="false" />
                <line number="323" hits="0" branch="true" condition-coverage="0% (0/2)" />
                <line number="324" hits="0" branch="false" />
                <line number="325" hits="0" branch="false" />
                <line number="326" hits="0" branch="false" />
                <line number="327" hits="0" branch="false" />
                <line number="328" hits="0" branch="false" />
                <line number="329" hits="0" branch="false" />
              </lines>
            </method>
            <method name="playBlackjack" signature="()" line-rate="0" branch-rate="0" complexity="6">
              <lines>
                <line number="907" hits="0" branch="false" />
                <line number="908" hits="0" branch="false" />
                <line number="909" hits="0" branch="true" condition-coverage="0% (0/2)" />
                <line number="910" hits="0" branch="false" />
                <line number="911" hits="0" branch="false" />
                <line number="912" hits="0" branch="false" />
                <line number="913" hits="0" branch="false" />
                <line number="914" hits="0" branch="true" condition-coverage="0% (0/2)" />
                <line number="915" hits="0" branch="true" condition-coverage="0% (0/2)" />
                <line number="916" hits="0" branch="false" />
                <line number="918" hits="0" branch="false" />
                <line number="919" hits="0" branch="false" />
              </lines>
            </method>
            <method name="blackjack" signature="()" line-rate="0" branch-rate="0" complexity="16">
              <lines>
                <line number="922" hits="0" branch="false" />
                <line number="923" hits="0" branch="false" />
                <line number="924" hits="0" branch="false" />
                <line number="925" hits="0" branch="false" />
                <line number="926" hits="0" branch="false" />
                <line number="927" hits="0" branch="false" />
                <line number="928" hits="0" branch="false" />
                <line number="929" hits="0" branch="false" />
                <line number="930" hits="0" branch="false" />
                <line number="931" hits="0" branch="false" />
                <line number="932" hits="0" branch="false" />
                <line number="933" hits="0" branch="false" />
                <line number="935" hits="0" branch="true" condition-coverage="0% (0/2)" />
                <line number="936" hits="0" branch="false" />
                <line number="937" hits="0" branch="false" />
                <line number="938" hits="0" branch="true" condition-coverage="0% (0/2)" />
                <line number="939" hits="0" branch="false" />
                <line number="940" hits="0" branch="true" condition-coverage="0% (0/4)" />
                <line number="941" hits="0" branch="true" condition-coverage="0% (0/2)" />
                <line number="943" hits="0" branch="true" condition-coverage="0% (0/6)" />
                <line number="944" hits="0" branch="false" />
                <line number="945" hits="0" branch="false" />
                <line number="946" hits="0" branch="false" />
                <line number="947" hits="0" branch="false" />
                <line number="948" hits="0" branch="false" />
                <line number="950" hits="0" branch="false" />
              </lines>
            </method>
            <method name="CalculateWinner" signature="(...)" line-rate="0" branch-rate="0" complexity="6">
              <lines>
                <line number="952" hits="0" branch="false" />
                <line number="953" hits="0" branch="true" condition-coverage="0% (0/2)" />
                <line number="954" hits="0" branch="true" condition-coverage="0% (0/2)" />
                <line number="955" hits="0" branch="true" condition-coverage="0% (0/2)" />
                <line number="956" hits="0" branch="false" />
              </lines>
            </method>
            <method name="PlayerTurn" signature="(...)" line-rate="0" branch-rate="0" complexity="4">
              <lines>
                <line number="959" hits="0" branch="false" />
                <line number="960" hits="0" branch="false" />
                <line number="961" hits="0" branch="false" />
                <line number="962" hits="0" branch="false" />
                <line number="963" hits="0" branch="false" />
                <line number="964" hits="0" branch="true" condition-coverage="0% (0/2)" />
                <line number="965" hits="0" branch="true" condition-coverage="0% (0/2)" />
                <line number="966" hits="0" branch="false" />
                <line number="967" hits="0" branch="false" />
                <line number="969" hits="0" branch="false" />
              </lines>
            </method>
            <method name="DealerTurn" signature="(...)" line-rate="0" branch-rate="0" complexity="2">
              <lines>
                <line number="971" hits="0" branch="false" />
                <line number="972" hits="0" branch="true" condition-coverage="0% (0/2)" />
                <line number="973" hits="0" branch="false" />
                <line number="974" hits="0" branch="false" />
              </lines>
            </method>
            <method name="endscreen" signature="(...)" line-rate="0" branch-rate="1" complexity="1">
              <lines>
                <line number="975" hits="0" branch="false" />
              </lines>
            </method>
            <method name="extractEvenNumbersFromArray" signature="(...)" line-rate="0" branch-rate="0" complexity="6">
              <lines>
                <line number="980" hits="0" branch="false" />
                <line number="981" hits="0" branch="false" />
                <line number="982" hits="0" branch="true" condition-coverage="0% (0/2)" />
                <line number="983" hits="0" branch="false" />
                <line number="984" hits="0" branch="true" condition-coverage="0% (0/2)" />
                <line number="985" hits="0" branch="false" />
                <line number="986" hits="0" branch="true" condition-coverage="0% (0/2)" />
                <line number="987" hits="0" branch="false" />
                <line number="988" hits="0" branch="false" />
                <line number="989" hits="0" branch="false" />
                <line number="991" hits="0" branch="false" />
              </lines>
            </method>
            <method name="categorizePeople" signature="()" line-rate="0" branch-rate="0" complexity="4">
              <lines>
                <line number="993" hits="0" branch="false" />
                <line number="994" hits="0" branch="false" />
                <line number="995" hits="0" branch="false" />
                <line number="996" hits="0" branch="false" />
                <line number="997" hits="0" branch="false" />
                <line number="998" hits="0" branch="false" />
                <line number="1000" hits="0" branch="true" condition-coverage="0% (0/2)" />
                <line number="1001" hits="0" branch="false" />
                <line number="1002" hits="0" branch="false" />
                <line number="1003" hits="0" branch="false" />
                <line number="1004" hits="0" branch="true" condition-coverage="0% (0/2)" />
                <line number="1005" hits="0" branch="false" />
                <line number="1006" hits="0" branch="false" />
                <line number="1007" hits="0" branch="false" />
                <line number="1008" hits="0" branch="false" />
                <line number="1009" hits="0" branch="false" />
              </lines>
            </method>
            <method name="converter" signature="()" line-rate="0" branch-rate="0" complexity="2">
              <lines>
                <line number="1011" hits="0" branch="false" />
                <line number="1012" hits="0" branch="false" />
                <line number="1013" hits="0" branch="false" />
                <line number="1014" hits="0" branch="false" />
                <line number="1015" hits="0" branch="false" />
                <line number="1018" hits="0" branch="true" condition-coverage="0% (0/2)" />
                <line number="1019" hits="0" branch="false" />
                <line number="1020" hits="0" branch="false" />
                <line number="1022" hits="0" branch="false" />
                <line number="1024" hits="0" branch="false" />
              </lines>
            </method>
            <method name="fruitColor" signature="()" line-rate="0" branch-rate="0" complexity="6">
              <lines>
                <line number="1026" hits="0" branch="false" />
                <line number="1028" hits="0" branch="false" />
                <line number="1029" hits="0" branch="false" />
                <line number="1030" hits="0" branch="true" condition-coverage="0% (0/2)" />
                <line number="1031" hits="0" branch="false" />
                <line number="1032" hits="0" branch="false" />
                <line number="1033" hits="0" branch="false" />
                <line number="1034" hits="0" branch="true" condition-coverage="0% (0/2)" />
                <line number="1035" hits="0" branch="false" />
                <line number="1036" hits="0" branch="false" />
                <line number="1037" hits="0" branch="false" />
                <line number="1038" hits="0" branch="true" condition-coverage="0% (0/2)" />
                <line number="1039" hits="0" branch="false" />
                <line number="1040" hits="0" branch="false" />
                <line number="1041" hits="0" branch="false" />
                <line number="1042" hits="0" branch="false" />
                <line number="1044" hits="0" branch="false" />
              </lines>
            </method>
            <method name="loop" signature="()" line-rate="0" branch-rate="0" complexity="4">
              <lines>
                <line number="1046" hits="0" branch="false" />
                <line number="1047" hits="0" branch="false" />
                <line number="1048" hits="0" branch="true" condition-coverage="0% (0/2)" />
                <line number="1049" hits="0" branch="false" />
                <line number="1050" hits="0" branch="false" />
                <line number="1051" hits="0" branch="false" />
                <line number="1052" hits="0" branch="true" condition-coverage="0% (0/2)" />
                <line number="1053" hits="0" branch="false" />
                <line number="1054" hits="0" branch="false" />
                <line number="1055" hits="0" branch="false" />
                <line number="1056" hits="0" branch="false" />
              </lines>
            </method>
            <method name="dice" signature="()" line-rate="0" branch-rate="0" complexity="2">
              <lines>
                <line number="1058" hits="0" branch="false" />
                <line number="1059" hits="0" branch="false" />
                <line number="1060" hits="0" branch="false" />
                <line number="1061" hits="0" branch="false" />
                <line number="1062" hits="0" branch="true" condition-coverage="0% (0/2)" />
                <line number="1063" hits="0" branch="false" />
                <line number="1064" hits="0" branch="false" />
                <line number="1065" hits="0" branch="false" />
                <line number="1066" hits="0" branch="false" />
                <line number="1067" hits="0" branch="false" />
                <line number="1068" hits="0" branch="false" />
                <line number="1069" hits="0" branch="false" />
              </lines>
            </method>
            <method name="fibonacci" signature="()" line-rate="0" branch-rate="0" complexity="2">
              <lines>
                <line number="1071" hits="0" branch="false" />
                <line number="1072" hits="0" branch="false" />
                <line number="1073" hits="0" branch="false" />
                <line number="1074" hits="0" branch="false" />
                <line number="1075" hits="0" branch="false" />
                <line number="1076" hits="0" branch="false" />
                <line number="1078" hits="0" branch="true" condition-coverage="0% (0/2)" />
                <line number="1079" hits="0" branch="false" />
                <line number="1080" hits="0" branch="false" />
                <line number="1081" hits="0" branch="false" />
                <line number="1082" hits="0" branch="false" />
                <line number="1084" hits="0" branch="false" />
                <line number="1085" hits="0" branch="false" />
              </lines>
            </method>
            <method name="countWords" signature="(...)" line-rate="0" branch-rate="1" complexity="1">
              <lines>
                <line number="1087" hits="0" branch="false" />
                <line number="1088" hits="0" branch="false" />
                <line number="1089" hits="0" branch="false" />
                <line number="1090" hits="0" branch="false" />
              </lines>
            </method>
            <method name="inheritanceDemo" signature="()" line-rate="0" branch-rate="0" complexity="2">
              <lines>
                <line number="1092" hits="0" branch="false" />
                <line number="1093" hits="0" branch="false" />
                <line number="1097" hits="0" branch="false" />
                <line number="1098" hits="0" branch="false" />
                <line number="1099" hits="0" branch="false" />
                <line number="1100" hits="0" branch="false" />
                <line number="1101" hits="0" branch="false" />
                <line number="1102" hits="0" branch="false" />
                <line number="1104" hits="0" branch="true" condition-coverage="0% (0/2)" />
                <line number="1105" hits="0" branch="false" />
                <line number="1106" hits="0" branch="false" />
                <line number="1107" hits="0" branch="false" />
                <line number="1108" hits="0" branch="false" />
              </lines>
            </method>
            <method name="Insert" signature="(...)" line-rate="0" branch-rate="0" complexity="2">
              <lines>
                <line number="65" hits="0" branch="false" />
                <line number="67" hits="0" branch="false" />
                <line number="69" hits="0" branch="false" />
                <line number="70" hits="0" branch="false" />
                <line number="71" hits="0" branch="false" />
                <line number="72" hits="0" branch="false" />
                <line number="73" hits="0" branch="false" />
                <line number="74" hits="0" branch="false" />
                <line number="75" hits="0" branch="false" />
                <line number="76" hits="0" branch="false" />
                <line number="78" hits="0" branch="true" condition-coverage="0% (0/2)" />
                <line number="79" hits="0" branch="false" />
                <line number="80" hits="0" branch="false" />
                <line number="81" hits="0" branch="false" />
                <line number="82" hits="0" branch="false" />
                <line number="83" hits="0" branch="false" />
                <line number="84" hits="0" branch="false" />
                <line number="85" hits="0" branch="false" />
                <line number="86" hits="0" branch="false" />
              </lines>
            </method>
            <method name="extractDataObject" signature="(...)" line-rate="0" branch-rate="0" complexity="4">
              <lines>
                <line number="88" hits="0" branch="false" />
                <line number="89" hits="0" branch="false" />
                <line number="90" hits="0" branch="false" />
                <line number="91" hits="0" branch="false" />
                <line number="92" hits="0" branch="false" />
                <line number="94" hits="0" branch="false" />
                <line number="95" hits="0" branch="false" />
                <line number="96" hits="0" branch="false" />
                <line number="97" hits="0" branch="false" />
                <line number="98" hits="0" branch="false" />
                <line number="99" hits="0" branch="false" />
                <line number="100" hits="0" branch="true" condition-coverage="0% (0/2)" />
                <line number="101" hits="0" branch="false" />
                <line number="102" hits="0" branch="false" />
                <line number="103" hits="0" branch="false" />
                <line number="104" hits="0" branch="false" />
                <line number="105" hits="0" branch="false" />
                <line number="107" hits="0" branch="false" />
                <line number="108" hits="0" branch="false" />
                <line number="109" hits="0" branch="false" />
                <line number="110" hits="0" branch="false" />
                <line number="111" hits="0" branch="true" condition-coverage="0% (0/2)" />
                <line number="112" hits="0" branch="false" />
                <line number="113" hits="0" branch="false" />
                <line number="114" hits="0" branch="false" />
                <line number="115" hits="0" branch="false" />
                <line number="117" hits="0" branch="false" />
              </lines>
            </method>
            <method name=".ctor" signature="(...)" line-rate="0" branch-rate="1" complexity="1">
              <lines>
                <line number="47" hits="0" branch="false" />
                <line number="48" hits="0" branch="false" />
                <line number="49" hits="0" branch="false" />
                <line number="51" hits="0" branch="false" />
                <line number="52" hits="0" branch="false" />
                <line number="53" hits="0" branch="false" />
                <line number="54" hits="0" branch="false" />
                <line number="55" hits="0" branch="false" />
                <line number="56" hits="0" branch="false" />
                <line number="57" hits="0" branch="false" />
                <line number="58" hits="0" branch="false" />
              </lines>
            </method>
            <method name=".ctor" signature="()" line-rate="0" branch-rate="1" complexity="1">
              <lines>
                <line number="59" hits="0" branch="false" />
                <line number="60" hits="0" branch="false" />
                <line number="62" hits="0" branch="false" />
              </lines>
            </method>
            <method name="WriteToFile" signature="()" line-rate="0" branch-rate="1" complexity="1">
              <lines>
                <line number="145" hits="0" branch="false" />
                <line number="146" hits="0" branch="false" />
                <line number="147" hits="0" branch="false" />
                <line number="148" hits="0" branch="false" />
                <line number="149" hits="0" branch="false" />
                <line number="150" hits="0" branch="false" />
              </lines>
            </method>
            <method name=".ctor" signature="()" line-rate="0" branch-rate="1" complexity="1">
              <lines>
                <line number="130" hits="0" branch="false" />
                <line number="131" hits="0" branch="false" />
                <line number="132" hits="0" branch="false" />
                <line number="133" hits="0" branch="false" />
                <line number="134" hits="0" branch="false" />
                <line number="135" hits="0" branch="false" />
                <line number="136" hits="0" branch="false" />
              </lines>
            </method>
            <method name=".ctor" signature="(...)" line-rate="0" branch-rate="1" complexity="1">
              <lines>
                <line number="137" hits="0" branch="false" />
                <line number="138" hits="0" branch="false" />
                <line number="139" hits="0" branch="false" />
                <line number="140" hits="0" branch="false" />
                <line number="141" hits="0" branch="false" />
                <line number="142" hits="0" branch="false" />
                <line number="143" hits="0" branch="false" />
              </lines>
            </method>
            <method name="GetSingleton" signature="()" line-rate="0" branch-rate="0" complexity="2">
              <lines>
                <line number="162" hits="0" branch="false" />
                <line number="163" hits="0" branch="true" condition-coverage="0% (0/2)" />
                <line number="164" hits="0" branch="false" />
                <line number="165" hits="0" branch="false" />
              </lines>
            </method>
            <method name=".ctor" signature="()" line-rate="0" branch-rate="1" complexity="1">
              <lines>
                <line number="159" hits="0" branch="false" />
              </lines>
            </method>
            <method name="planDelivery" signature="()" line-rate="0" branch-rate="1" complexity="1">
              <lines>
                <line number="179" hits="0" branch="false" />
                <line number="180" hits="0" branch="false" />
                <line number="181" hits="0" branch="false" />
                <line number="182" hits="0" branch="false" />
              </lines>
            </method>
            <method name="createTransport" signature="()" line-rate="0" branch-rate="1" complexity="1">
              <lines>
                <line number="189" hits="0" branch="false" />
                <line number="190" hits="0" branch="false" />
                <line number="191" hits="0" branch="false" />
              </lines>
            </method>
            <method name="createTransport" signature="()" line-rate="0" branch-rate="1" complexity="1">
              <lines>
                <line number="196" hits="0" branch="false" />
                <line number="197" hits="0" branch="false" />
                <line number="198" hits="0" branch="false" />
              </lines>
            </method>
            <method name="deliver" signature="()" line-rate="0" branch-rate="1" complexity="1">
              <lines>
                <line number="205" hits="0" branch="false" />
                <line number="207" hits="0" branch="false" />
              </lines>
            </method>
            <method name="deliver" signature="()" line-rate="0" branch-rate="1" complexity="1">
              <lines>
                <line number="213" hits="0" branch="false" />
              </lines>
            </method>
            <method name="deliver" signature="()" line-rate="0" branch-rate="1" complexity="1">
              <lines>
                <line number="217" hits="0" branch="false" />
              </lines>
            </method>
            <method name="get_Id" signature="()" line-rate="0" branch-rate="1" complexity="1">
              <lines>
                <line number="334" hits="0" branch="false" />
              </lines>
            </method>
            <method name="get_Name" signature="()" line-rate="1" branch-rate="1" complexity="1">
              <lines>
                <line number="335" hits="2" branch="false" />
              </lines>
            </method>
            <method name="get_EducationId" signature="()" line-rate="1" branch-rate="1" complexity="1">
              <lines>
                <line number="336" hits="1" branch="false" />
              </lines>
            </method>
            <method name="get_phoneNumber" signature="()" line-rate="1" branch-rate="1" complexity="1">
              <lines>
                <line number="339" hits="2" branch="false" />
              </lines>
            </method>
            <method name="get_Education" signature="()" line-rate="0" branch-rate="1" complexity="1">
              <lines>
                <line number="341" hits="0" branch="false" />
              </lines>
            </method>
            <method name="ToString" signature="()" line-rate="0" branch-rate="1" complexity="1">
              <lines>
                <line number="343" hits="0" branch="false" />
                <line number="344" hits="0" branch="false" />
                <line number="345" hits="0" branch="false" />
              </lines>
            </method>
            <method name="OnModelCreating" signature="(...)" line-rate="1" branch-rate="1" complexity="1">
              <lines>
                <line number="347" hits="1" branch="false" />
                <line number="348" hits="1" branch="false" />
                <line number="349" hits="1" branch="false" />
                <line number="350" hits="1" branch="false" />
                <line number="352" hits="1" branch="false" />
              </lines>
            </method>
            <method name="get_id" signature="()" line-rate="0" branch-rate="1" complexity="1">
              <lines>
                <line number="357" hits="0" branch="false" />
              </lines>
            </method>
            <method name="get_Name" signature="()" line-rate="0" branch-rate="1" complexity="1">
              <lines>
                <line number="358" hits="0" branch="false" />
              </lines>
            </method>
            <method name="get_studentCapacity" signature="()" line-rate="0" branch-rate="1" complexity="1">
              <lines>
                <line number="359" hits="0" branch="false" />
              </lines>
            </method>
            <method name="OnModelCreating" signature="(...)" line-rate="1" branch-rate="1" complexity="1">
              <lines>
                <line number="361" hits="1" branch="false" />
                <line number="362" hits="1" branch="false" />
                <line number="363" hits="1" branch="false" />
                <line number="364" hits="1" branch="false" />
                <line number="365" hits="1" branch="false" />
              </lines>
            </method>
            <method name="get_EducationId" signature="()" line-rate="0" branch-rate="1" complexity="1">
              <lines>
                <line number="369" hits="0" branch="false" />
              </lines>
            </method>
            <method name="get_CourseId" signature="()" line-rate="0" branch-rate="1" complexity="1">
              <lines>
                <line number="370" hits="0" branch="false" />
              </lines>
            </method>
            <method name="OnModelCreating" signature="(...)" line-rate="1" branch-rate="1" complexity="1">
              <lines>
                <line number="373" hits="1" branch="false" />
                <line number="374" hits="1" branch="false" />
                <line number="375" hits="1" branch="false" />
              </lines>
            </method>
            <method name="get_Id" signature="()" line-rate="0" branch-rate="1" complexity="1">
              <lines>
                <line number="379" hits="0" branch="false" />
              </lines>
            </method>
            <method name="get_Name" signature="()" line-rate="0" branch-rate="1" complexity="1">
              <lines>
                <line number="380" hits="0" branch="false" />
              </lines>
            </method>
            <method name="get_Teaches" signature="()" line-rate="0" branch-rate="1" complexity="1">
              <lines>
                <line number="382" hits="0" branch="false" />
              </lines>
            </method>
            <method name="ToString" signature="()" line-rate="0" branch-rate="0" complexity="2">
              <lines>
                <line number="385" hits="0" branch="false" />
                <line number="386" hits="0" branch="true" condition-coverage="0% (0/2)" />
                <line number="387" hits="0" branch="false" />
              </lines>
            </method>
            <method name="get_Id" signature="()" line-rate="0" branch-rate="1" complexity="1">
              <lines>
                <line number="392" hits="0" branch="false" />
              </lines>
            </method>
            <method name="get_Name" signature="()" line-rate="0" branch-rate="1" complexity="1">
              <lines>
                <line number="393" hits="0" branch="false" />
              </lines>
            </method>
            <method name="get_Students" signature="()" line-rate="0" branch-rate="1" complexity="1">
              <lines>
                <line number="395" hits="0" branch="false" />
              </lines>
            </method>
            <method name="ToString" signature="()" line-rate="0" branch-rate="1" complexity="1">
              <lines>
                <line number="397" hits="0" branch="false" />
                <line number="398" hits="0" branch="false" />
                <line number="399" hits="0" branch="false" />
              </lines>
            </method>
            <method name="get_students" signature="()" line-rate="0" branch-rate="1" complexity="1">
              <lines>
                <line number="403" hits="0" branch="false" />
              </lines>
            </method>
            <method name="get_education" signature="()" line-rate="0" branch-rate="1" complexity="1">
              <lines>
                <line number="404" hits="0" branch="false" />
              </lines>
            </method>
            <method name="get_teacher" signature="()" line-rate="0" branch-rate="1" complexity="1">
              <lines>
                <line number="405" hits="0" branch="false" />
              </lines>
            </method>
            <method name="get_course" signature="()" line-rate="0" branch-rate="1" complexity="1">
              <lines>
                <line number="406" hits="0" branch="false" />
              </lines>
            </method>
            <method name="get_EducationCourse" signature="()" line-rate="0" branch-rate="1" complexity="1">
              <lines>
                <line number="407" hits="0" branch="false" />
              </lines>
            </method>
            <method name="OnConfiguring" signature="(...)" line-rate="1" branch-rate="1" complexity="1">
              <lines>
                <line number="410" hits="1" branch="false" />
                <line number="411" hits="1" branch="false" />
                <line number="412" hits="1" branch="false" />
              </lines>
            </method>
            <method name="OnModelCreating" signature="(...)" line-rate="1" branch-rate="1" complexity="4">
              <lines>
                <line number="414" hits="1" branch="false" />
                <line number="415" hits="13" branch="true" condition-coverage="100% (2/2)" />
                <line number="416" hits="5" branch="false" />
                <line number="417" hits="5" branch="false" />
                <line number="418" hits="5" branch="false" />
                <line number="419" hits="5" branch="true" condition-coverage="100% (2/2)" />
                <line number="420" hits="3" branch="false" />
                <line number="421" hits="3" branch="false" />
                <line number="422" hits="3" branch="false" />
                <line number="423" hits="5" branch="false" />
                <line number="424" hits="1" branch="false" />
              </lines>
            </method>
            <method name="get_Name" signature="()" line-rate="0" branch-rate="1" complexity="1">
              <lines>
                <line number="435" hits="0" branch="false" />
              </lines>
            </method>
            <method name=".ctor" signature="()" line-rate="0" branch-rate="1" complexity="1">
              <lines>
                <line number="437" hits="0" branch="false" />
              </lines>
            </method>
            <method name="GetDescription" signature="()" line-rate="0" branch-rate="1" complexity="1">
              <lines>
                <line number="451" hits="0" branch="false" />
                <line number="452" hits="0" branch="false" />
                <line number="453" hits="0" branch="false" />
              </lines>
            </method>
            <method name="GetPrice" signature="()" line-rate="0" branch-rate="1" complexity="1">
              <lines>
                <line number="456" hits="0" branch="false" />
                <line number="457" hits="0" branch="false" />
                <line number="458" hits="0" branch="false" />
              </lines>
            </method>
            <method name=".ctor" signature="(...)" line-rate="0" branch-rate="1" complexity="1">
              <lines>
                <line number="445" hits="0" branch="false" />
                <line number="446" hits="0" branch="false" />
                <line number="447" hits="0" branch="false" />
                <line number="448" hits="0" branch="false" />
              </lines>
            </method>
            <method name="GetPrice" signature="()" line-rate="0" branch-rate="1" complexity="1">
              <lines>
                <line number="472" hits="0" branch="false" />
                <line number="473" hits="0" branch="false" />
                <line number="474" hits="0" branch="false" />
              </lines>
            </method>
            <method name="GetDescription" signature="()" line-rate="0" branch-rate="1" complexity="1">
              <lines>
                <line number="477" hits="0" branch="false" />
                <line number="478" hits="0" branch="false" />
                <line number="479" hits="0" branch="false" />
              </lines>
            </method>
            <method name=".ctor" signature="(...)" line-rate="0" branch-rate="1" complexity="1">
              <lines>
                <line number="464" hits="0" branch="false" />
                <line number="465" hits="0" branch="false" />
                <line number="466" hits="0" branch="false" />
                <line number="467" hits="0" branch="false" />
                <line number="468" hits="0" branch="false" />
                <line number="469" hits="0" branch="false" />
              </lines>
            </method>
            <method name="GetPrice" signature="()" line-rate="0" branch-rate="1" complexity="1">
              <lines>
                <line number="491" hits="0" branch="false" />
                <line number="492" hits="0" branch="false" />
                <line number="493" hits="0" branch="false" />
              </lines>
            </method>
            <method name="GetDescription" signature="()" line-rate="0" branch-rate="1" complexity="1">
              <lines>
                <line number="496" hits="0" branch="false" />
                <line number="497" hits="0" branch="false" />
                <line number="498" hits="0" branch="false" />
              </lines>
            </method>
            <method name=".ctor" signature="(...)" line-rate="0" branch-rate="1" complexity="1">
              <lines>
                <line number="483" hits="0" branch="false" />
                <line number="484" hits="0" branch="false" />
                <line number="485" hits="0" branch="false" />
                <line number="486" hits="0" branch="false" />
                <line number="487" hits="0" branch="false" />
                <line number="488" hits="0" branch="false" />
              </lines>
            </method>
            <method name="GetDescription" signature="()" line-rate="0" branch-rate="1" complexity="1">
              <lines>
                <line number="511" hits="0" branch="false" />
                <line number="512" hits="0" branch="false" />
                <line number="513" hits="0" branch="false" />
              </lines>
            </method>
            <method name="GetPrice" signature="()" line-rate="0" branch-rate="1" complexity="1">
              <lines>
                <line number="515" hits="0" branch="false" />
                <line number="516" hits="0" branch="false" />
                <line number="517" hits="0" branch="false" />
              </lines>
            </method>
            <method name=".ctor" signature="(...)" line-rate="0" branch-rate="1" complexity="1">
              <lines>
                <line number="505" hits="0" branch="false" />
                <line number="506" hits="0" branch="false" />
                <line number="508" hits="0" branch="false" />
              </lines>
            </method>
            <method name="GetDescription" signature="()" line-rate="0" branch-rate="1" complexity="1">
              <lines>
                <line number="527" hits="0" branch="false" />
                <line number="528" hits="0" branch="false" />
                <line number="529" hits="0" branch="false" />
              </lines>
            </method>
            <method name="GetPrice" signature="()" line-rate="0" branch-rate="1" complexity="1">
              <lines>
                <line number="531" hits="0" branch="false" />
                <line number="532" hits="0" branch="false" />
                <line number="533" hits="0" branch="false" />
              </lines>
            </method>
            <method name=".ctor" signature="(...)" line-rate="0" branch-rate="1" complexity="1">
              <lines>
                <line number="521" hits="0" branch="false" />
                <line number="522" hits="0" branch="false" />
                <line number="524" hits="0" branch="false" />
              </lines>
            </method>
            <method name="get_Id" signature="()" line-rate="0" branch-rate="1" complexity="1">
              <lines>
                <line number="547" hits="0" branch="false" />
              </lines>
            </method>
            <method name="get_Name" signature="()" line-rate="0" branch-rate="1" complexity="1">
              <lines>
                <line number="548" hits="0" branch="false" />
              </lines>
            </method>
            <method name="get_Email" signature="()" line-rate="0" branch-rate="1" complexity="1">
              <lines>
                <line number="549" hits="0" branch="false" />
              </lines>
            </method>
            <method name="get_Password" signature="()" line-rate="0" branch-rate="1" complexity="1">
              <lines>
                <line number="550" hits="0" branch="false" />
              </lines>
            </method>
            <method name=".ctor" signature="(...)" line-rate="0" branch-rate="1" complexity="1">
              <lines>
                <line number="551" hits="0" branch="false" />
                <line number="552" hits="0" branch="false" />
                <line number="553" hits="0" branch="false" />
                <line number="554" hits="0" branch="false" />
                <line number="555" hits="0" branch="false" />
              </lines>
            </method>
            <method name="PrintAllUsers" signature="()" line-rate="0" branch-rate="0" complexity="2">
              <lines>
                <line number="566" hits="0" branch="false" />
                <line number="567" hits="0" branch="false" />
                <line number="568" hits="0" branch="true" condition-coverage="0% (0/2)" />
                <line number="569" hits="0" branch="false" />
                <line number="570" hits="0" branch="false" />
                <line number="571" hits="0" branch="false" />
                <line number="572" hits="0" branch="false" />
              </lines>
            </method>
            <method name=".ctor" signature="(...)" line-rate="0" branch-rate="1" complexity="1">
              <lines>
                <line number="561" hits="0" branch="false" />
                <line number="562" hits="0" branch="false" />
                <line number="563" hits="0" branch="false" />
                <line number="564" hits="0" branch="false" />
              </lines>
            </method>
            <method name="GetUsers" signature="()" line-rate="0" branch-rate="1" complexity="1">
              <lines>
                <line number="577" hits="0" branch="false" />
                <line number="578" hits="0" branch="false" />
                <line number="579" hits="0" branch="false" />
                <line number="580" hits="0" branch="false" />
                <line number="581" hits="0" branch="false" />
                <line number="582" hits="0" branch="false" />
              </lines>
            </method>
            <method name="GetUsers" signature="()" line-rate="0" branch-rate="1" complexity="1">
              <lines>
                <line number="587" hits="0" branch="false" />
                <line number="588" hits="0" branch="false" />
                <line number="589" hits="0" branch="false" />
                <line number="590" hits="0" branch="false" />
                <line number="591" hits="0" branch="false" />
                <line number="592" hits="0" branch="false" />
              </lines>
            </method>
            <method name="get_Numerator" signature="()" line-rate="1" branch-rate="1" complexity="1">
              <lines>
                <line number="599" hits="166" branch="false" />
              </lines>
            </method>
            <method name="get_Denominator" signature="()" line-rate="1" branch-rate="1" complexity="1">
              <lines>
                <line number="600" hits="172" branch="false" />
              </lines>
            </method>
            <method name="ToString" signature="()" line-rate="0" branch-rate="1" complexity="1">
              <lines>
                <line number="627" hits="0" branch="false" />
                <line number="628" hits="0" branch="false" />
                <line number="629" hits="0" branch="false" />
              </lines>
            </method>
            <method name="ToDouble" signature="()" line-rate="1" branch-rate="1" complexity="1">
              <lines>
                <line number="631" hits="1" branch="false" />
                <line number="632" hits="1" branch="false" />
                <line number="633" hits="1" branch="false" />
              </lines>
            </method>
            <method name="op_Addition" signature="(...)" line-rate="1" branch-rate="1" complexity="1">
              <lines>
                <line number="638" hits="1" branch="false" />
                <line number="639" hits="1" branch="false" />
                <line number="640" hits="1" branch="false" />
                <line number="641" hits="1" branch="false" />
                <line number="642" hits="1" branch="false" />
              </lines>
            </method>
            <method name="Equals" signature="(...)" line-rate="1" branch-rate="0.5" complexity="4">
              <lines>
                <line number="644" hits="4" branch="false" />
                <line number="645" hits="4" branch="true" condition-coverage="50% (2/4)" />
                <line number="647" hits="4" branch="false" />
                <line number="648" hits="4" branch="false" />
                <line number="650" hits="4" branch="false" />
              </lines>
            </method>
            <method name="op_Multiply" signature="(...)" line-rate="1" branch-rate="1" complexity="1">
              <lines>
                <line number="652" hits="1" branch="false" />
                <line number="653" hits="1" branch="false" />
                <line number="654" hits="1" branch="false" />
                <line number="655" hits="1" branch="false" />
                <line number="656" hits="1" branch="false" />
              </lines>
            </method>
            <method name="op_Division" signature="(...)" line-rate="1" branch-rate="1" complexity="1">
              <lines>
                <line number="658" hits="1" branch="false" />
                <line number="659" hits="1" branch="false" />
                <line number="660" hits="1" branch="false" />
                <line number="661" hits="1" branch="false" />
                <line number="662" hits="1" branch="false" />
              </lines>
            </method>
            <method name="op_Subtraction" signature="(...)" line-rate="1" branch-rate="1" complexity="1">
              <lines>
                <line number="664" hits="1" branch="false" />
                <line number="665" hits="1" branch="false" />
                <line number="666" hits="1" branch="false" />
                <line number="667" hits="1" branch="false" />
                <line number="668" hits="1" branch="false" />
              </lines>
            </method>
            <method name="op_Equality" signature="(...)" line-rate="1" branch-rate="1" complexity="4">
              <lines>
                <line number="670" hits="7" branch="false" />
                <line number="671" hits="19" branch="true" condition-coverage="100% (4/4)" />
                <line number="672" hits="1" branch="false" />
                <line number="673" hits="7" branch="false" />
              </lines>
            </method>
            <method name="op_Inequality" signature="(...)" line-rate="1" branch-rate="0.75" complexity="4">
              <lines>
                <line number="675" hits="2" branch="false" />
                <line number="676" hits="4" branch="true" condition-coverage="75% (3/4)" />
                <line number="677" hits="1" branch="false" />
                <line number="678" hits="2" branch="false" />
              </lines>
            </method>
            <method name="op_LessThan" signature="(...)" line-rate="1" branch-rate="1" complexity="2">
              <lines>
                <line number="680" hits="3" branch="false" />
                <line number="681" hits="3" branch="false" />
                <line number="682" hits="3" branch="false" />
                <line number="683" hits="5" branch="true" condition-coverage="100% (2/2)" />
                <line number="684" hits="2" branch="false" />
                <line number="685" hits="3" branch="false" />
              </lines>
            </method>
            <method name="op_GreaterThan" signature="(...)" line-rate="1" branch-rate="1" complexity="2">
              <lines>
                <line number="687" hits="3" branch="false" />
                <line number="688" hits="3" branch="false" />
                <line number="689" hits="3" branch="false" />
                <line number="690" hits="5" branch="true" condition-coverage="100% (2/2)" />
                <line number="691" hits="2" branch="false" />
                <line number="692" hits="3" branch="false" />
              </lines>
            </method>
            <method name="op_Implicit" signature="(...)" line-rate="1" branch-rate="1" complexity="1">
              <lines>
                <line number="695" hits="1" branch="false" />
                <line number="696" hits="1" branch="false" />
                <line number="697" hits="1" branch="false" />
              </lines>
            </method>
            <method name=".ctor" signature="(...)" line-rate="1" branch-rate="1" complexity="2">
              <lines>
                <line number="602" hits="33" branch="false" />
                <line number="603" hits="33" branch="false" />
                <line number="604" hits="35" branch="true" condition-coverage="100% (2/2)" />
                <line number="605" hits="32" branch="false" />
                <line number="607" hits="32" branch="false" />
                <line number="610" hits="32" branch="false" />
                <line number="612" hits="102" branch="false" />
                <line number="613" hits="166" branch="true" condition-coverage="100% (2/2)" />
                <line number="614" hits="70" branch="false" />
                <line number="615" hits="102" branch="false" />
                <line number="619" hits="32" branch="false" />
                <line number="620" hits="32" branch="false" />
                <line number="621" hits="32" branch="false" />
                <line number="623" hits="32" branch="false" />
                <line number="624" hits="32" branch="false" />
                <line number="625" hits="32" branch="false" />
              </lines>
            </method>
            <method name="Contact" signature="()" line-rate="0" branch-rate="1" complexity="1">
              <lines>
                <line number="704" hits="0" branch="false" />
              </lines>
            </method>
            <method name="Contact" signature="()" line-rate="0" branch-rate="1" complexity="1">
              <lines>
                <line number="705" hits="0" branch="false" />
              </lines>
            </method>
            <method name="Contact" signature="()" line-rate="0" branch-rate="1" complexity="1">
              <lines>
                <line number="706" hits="0" branch="false" />
              </lines>
            </method>
            <method name="get_Fullname" signature="()" line-rate="0" branch-rate="1" complexity="1">
              <lines>
                <line number="712" hits="0" branch="false" />
              </lines>
            </method>
            <method name="get_FirstName" signature="()" line-rate="0" branch-rate="1" complexity="1">
              <lines>
                <line number="714" hits="0" branch="false" />
              </lines>
            </method>
            <method name="get_LastName" signature="()" line-rate="0" branch-rate="0" complexity="2">
              <lines>
                <line number="718" hits="0" branch="false" />
                <line number="719" hits="0" branch="true" condition-coverage="0% (0/2)" />
                <line number="720" hits="0" branch="false" />
                <line number="721" hits="0" branch="false" />
              </lines>
            </method>
            <method name="set_LastName" signature="(...)" line-rate="0" branch-rate="1" complexity="1">
              <lines>
                <line number="723" hits="0" branch="false" />
                <line number="724" hits="0" branch="false" />
                <line number="725" hits="0" branch="false" />
              </lines>
            </method>
            <method name=".ctor" signature="(...)" line-rate="0" branch-rate="1" complexity="1">
              <lines>
                <line number="727" hits="0" branch="false" />
                <line number="728" hits="0" branch="false" />
                <line number="729" hits="0" branch="false" />
                <line number="730" hits="0" branch="false" />
              </lines>
            </method>
            <method name=".ctor" signature="(...)" line-rate="0" branch-rate="1" complexity="1">
              <lines>
                <line number="731" hits="0" branch="false" />
                <line number="732" hits="0" branch="false" />
                <line number="733" hits="0" branch="false" />
                <line number="734" hits="0" branch="false" />
                <line number="735" hits="0" branch="false" />
              </lines>
            </method>
            <method name="get_Month" signature="()" line-rate="0" branch-rate="1" complexity="1">
              <lines>
                <line number="745" hits="0" branch="false" />
                <line number="746" hits="0" branch="false" />
                <line number="747" hits="0" branch="false" />
              </lines>
            </method>
            <method name="set_Month" signature="(...)" line-rate="0" branch-rate="0" complexity="4">
              <lines>
                <line number="749" hits="0" branch="false" />
                <line number="750" hits="0" branch="true" condition-coverage="0% (0/4)" />
                <line number="751" hits="0" branch="false" />
                <line number="752" hits="0" branch="false" />
                <line number="753" hits="0" branch="false" />
                <line number="755" hits="0" branch="false" />
                <line number="756" hits="0" branch="false" />
              </lines>
            </method>
            <method name="get_MonthName" signature="()" line-rate="0" branch-rate="1" complexity="1">
              <lines>
                <line number="761" hits="0" branch="false" />
                <line number="762" hits="0" branch="false" />
                <line number="764" hits="0" branch="false" />
              </lines>
            </method>
            <method name="DrawCard" signature="()" line-rate="0" branch-rate="1" complexity="1">
              <lines>
                <line number="809" hits="0" branch="false" />
                <line number="810" hits="0" branch="false" />
                <line number="811" hits="0" branch="false" />
                <line number="812" hits="0" branch="false" />
                <line number="813" hits="0" branch="false" />
              </lines>
            </method>
            <method name=".ctor" signature="()" line-rate="0" branch-rate="0" complexity="4">
              <lines>
                <line number="791" hits="0" branch="false" />
                <line number="792" hits="0" branch="false" />
                <line number="793" hits="0" branch="false" />
                <line number="794" hits="0" branch="false" />
                <line number="795" hits="0" branch="true" condition-coverage="0% (0/2)" />
                <line number="796" hits="0" branch="false" />
                <line number="797" hits="0" branch="true" condition-coverage="0% (0/2)" />
                <line number="798" hits="0" branch="false" />
                <line number="799" hits="0" branch="false" />
                <line number="800" hits="0" branch="false" />
                <line number="802" hits="0" branch="false" />
                <line number="803" hits="0" branch="false" />
                <line number="804" hits="0" branch="false" />
                <line number="806" hits="0" branch="false" />
                <line number="807" hits="0" branch="false" />
              </lines>
            </method>
            <method name="ToString" signature="()" line-rate="0" branch-rate="1" complexity="1">
              <lines>
                <line number="851" hits="0" branch="false" />
                <line number="852" hits="0" branch="false" />
                <line number="853" hits="0" branch="false" />
              </lines>
            </method>
            <method name=".ctor" signature="(...)" line-rate="0" branch-rate="1" complexity="1">
              <lines>
                <line number="844" hits="0" branch="false" />
                <line number="845" hits="0" branch="false" />
                <line number="846" hits="0" branch="false" />
                <line number="847" hits="0" branch="false" />
                <line number="848" hits="0" branch="false" />
              </lines>
            </method>
            <method name="AddCard" signature="(...)" line-rate="0" branch-rate="1" complexity="1">
              <lines>
                <line number="865" hits="0" branch="false" />
                <line number="866" hits="0" branch="false" />
                <line number="867" hits="0" branch="false" />
                <line number="868" hits="0" branch="false" />
                <line number="869" hits="0" branch="false" />
              </lines>
            </method>
            <method name="CalculateScore" signature="()" line-rate="0" branch-rate="0" complexity="10">
              <lines>
                <line number="871" hits="0" branch="false" />
                <line number="872" hits="0" branch="false" />
                <line number="873" hits="0" branch="false" />
                <line number="874" hits="0" branch="true" condition-coverage="0% (0/2)" />
                <line number="875" hits="0" branch="false" />
                <line number="876" hits="0" branch="true" condition-coverage="0% (0/2)" />
                <line number="877" hits="0" branch="true" condition-coverage="0% (0/2)" />
                <line number="878" hits="0" branch="false" />
                <line number="879" hits="0" branch="false" />
                <line number="880" hits="0" branch="true" condition-coverage="0% (0/4)" />
                <line number="882" hits="0" branch="false" />
              </lines>
            </method>
            <method name="ToString" signature="()" line-rate="0" branch-rate="0" complexity="4">
              <lines>
                <line number="884" hits="0" branch="false" />
                <line number="885" hits="0" branch="false" />
                <line number="886" hits="0" branch="false" />
                <line number="888" hits="0" branch="true" condition-coverage="0% (0/2)" />
                <line number="889" hits="0" branch="false" />
                <line number="890" hits="0" branch="false" />
                <line number="891" hits="0" branch="false" />
                <line number="892" hits="0" branch="true" condition-coverage="0% (0/2)" />
                <line number="893" hits="0" branch="false" />
                <line number="894" hits="0" branch="false" />
                <line number="896" hits="0" branch="false" />
                <line number="898" hits="0" branch="false" />
                <line number="899" hits="0" branch="false" />
              </lines>
            </method>
            <method name="getScore" signature="()" line-rate="0" branch-rate="1" complexity="1">
              <lines>
                <line number="901" hits="0" branch="false" />
              </lines>
            </method>
            <method name="getName" signature="()" line-rate="0" branch-rate="1" complexity="1">
              <lines>
                <line number="902" hits="0" branch="false" />
              </lines>
            </method>
            <method name=".ctor" signature="(...)" line-rate="0" branch-rate="0" complexity="1">
              <lines>
                <line number="861" hits="0" branch="false" />
                <line number="862" hits="0" branch="false" />
                <line number="865" hits="0" branch="false" />
                <line number="866" hits="0" branch="false" />
                <line number="867" hits="0" branch="false" />
                <line number="868" hits="0" branch="false" />
                <line number="869" hits="0" branch="false" />
                <line number="871" hits="0" branch="false" />
                <line number="872" hits="0" branch="false" />
                <line number="873" hits="0" branch="false" />
                <line number="874" hits="0" branch="true" condition-coverage="0% (0/2)" />
                <line number="875" hits="0" branch="false" />
                <line number="876" hits="0" branch="true" condition-coverage="0% (0/2)" />
                <line number="877" hits="0" branch="true" condition-coverage="0% (0/2)" />
                <line number="878" hits="0" branch="false" />
                <line number="879" hits="0" branch="false" />
                <line number="880" hits="0" branch="true" condition-coverage="0% (0/4)" />
                <line number="882" hits="0" branch="false" />
                <line number="884" hits="0" branch="false" />
                <line number="885" hits="0" branch="false" />
                <line number="886" hits="0" branch="false" />
                <line number="888" hits="0" branch="true" condition-coverage="0% (0/2)" />
                <line number="889" hits="0" branch="false" />
                <line number="890" hits="0" branch="false" />
                <line number="891" hits="0" branch="false" />
                <line number="892" hits="0" branch="true" condition-coverage="0% (0/2)" />
                <line number="893" hits="0" branch="false" />
                <line number="894" hits="0" branch="false" />
                <line number="896" hits="0" branch="false" />
                <line number="898" hits="0" branch="false" />
                <line number="899" hits="0" branch="false" />
                <line number="901" hits="0" branch="false" />
                <line number="902" hits="0" branch="false" />
                <line number="904" hits="0" branch="false" />
              </lines>
            </method>
          </methods>
          <lines>
            <line number="38" hits="0" branch="false" />
            <line number="39" hits="0" branch="false" />
            <line number="40" hits="0" branch="false" />
            <line number="41" hits="0" branch="false" />
            <line number="42" hits="0" branch="false" />
            <line number="47" hits="0" branch="false" />
            <line number="48" hits="0" branch="false" />
            <line number="49" hits="0" branch="false" />
            <line number="51" hits="0" branch="false" />
            <line number="52" hits="0" branch="false" />
            <line number="53" hits="0" branch="false" />
            <line number="54" hits="0" branch="false" />
            <line number="55" hits="0" branch="false" />
            <line number="56" hits="0" branch="false" />
            <line number="57" hits="0" branch="false" />
            <line number="58" hits="0" branch="false" />
            <line number="59" hits="0" branch="false" />
            <line number="60" hits="0" branch="false" />
            <line number="62" hits="0" branch="false" />
            <line number="65" hits="0" branch="false" />
            <line number="67" hits="0" branch="false" />
            <line number="69" hits="0" branch="false" />
            <line number="70" hits="0" branch="false" />
            <line number="71" hits="0" branch="false" />
            <line number="72" hits="0" branch="false" />
            <line number="73" hits="0" branch="false" />
            <line number="74" hits="0" branch="false" />
            <line number="75" hits="0" branch="false" />
            <line number="76" hits="0" branch="false" />
            <line number="78" hits="0" branch="true" condition-coverage="0% (0/2)" />
            <line number="79" hits="0" branch="false" />
            <line number="80" hits="0" branch="false" />
            <line number="81" hits="0" branch="false" />
            <line number="82" hits="0" branch="false" />
            <line number="83" hits="0" branch="false" />
            <line number="84" hits="0" branch="false" />
            <line number="85" hits="0" branch="false" />
            <line number="86" hits="0" branch="false" />
            <line number="88" hits="0" branch="false" />
            <line number="89" hits="0" branch="false" />
            <line number="90" hits="0" branch="false" />
            <line number="91" hits="0" branch="false" />
            <line number="92" hits="0" branch="false" />
            <line number="94" hits="0" branch="false" />
            <line number="95" hits="0" branch="false" />
            <line number="96" hits="0" branch="false" />
            <line number="97" hits="0" branch="false" />
            <line number="98" hits="0" branch="false" />
            <line number="99" hits="0" branch="false" />
            <line number="100" hits="0" branch="true" condition-coverage="0% (0/2)" />
            <line number="101" hits="0" branch="false" />
            <line number="102" hits="0" branch="false" />
            <line number="103" hits="0" branch="false" />
            <line number="104" hits="0" branch="false" />
            <line number="105" hits="0" branch="false" />
            <line number="107" hits="0" branch="false" />
            <line number="108" hits="0" branch="false" />
            <line number="109" hits="0" branch="false" />
            <line number="110" hits="0" branch="false" />
            <line number="111" hits="0" branch="true" condition-coverage="0% (0/2)" />
            <line number="112" hits="0" branch="false" />
            <line number="113" hits="0" branch="false" />
            <line number="114" hits="0" branch="false" />
            <line number="115" hits="0" branch="false" />
            <line number="117" hits="0" branch="false" />
            <line number="130" hits="0" branch="false" />
            <line number="131" hits="0" branch="false" />
            <line number="132" hits="0" branch="false" />
            <line number="133" hits="0" branch="false" />
            <line number="134" hits="0" branch="false" />
            <line number="135" hits="0" branch="false" />
            <line number="136" hits="0" branch="false" />
            <line number="137" hits="0" branch="false" />
            <line number="138" hits="0" branch="false" />
            <line number="139" hits="0" branch="false" />
            <line number="140" hits="0" branch="false" />
            <line number="141" hits="0" branch="false" />
            <line number="142" hits="0" branch="false" />
            <line number="143" hits="0" branch="false" />
            <line number="145" hits="0" branch="false" />
            <line number="146" hits="0" branch="false" />
            <line number="147" hits="0" branch="false" />
            <line number="148" hits="0" branch="false" />
            <line number="149" hits="0" branch="false" />
            <line number="150" hits="0" branch="false" />
            <line number="159" hits="0" branch="false" />
            <line number="162" hits="0" branch="false" />
            <line number="163" hits="0" branch="true" condition-coverage="0% (0/2)" />
            <line number="164" hits="0" branch="false" />
            <line number="165" hits="0" branch="false" />
            <line number="179" hits="0" branch="false" />
            <line number="180" hits="0" branch="false" />
            <line number="181" hits="0" branch="false" />
            <line number="182" hits="0" branch="false" />
            <line number="189" hits="0" branch="false" />
            <line number="190" hits="0" branch="false" />
            <line number="191" hits="0" branch="false" />
            <line number="196" hits="0" branch="false" />
            <line number="197" hits="0" branch="false" />
            <line number="198" hits="0" branch="false" />
            <line number="205" hits="0" branch="false" />
            <line number="207" hits="0" branch="false" />
            <line number="213" hits="0" branch="false" />
            <line number="217" hits="0" branch="false" />
            <line number="226" hits="0" branch="false" />
            <line number="227" hits="0" branch="false" />
            <line number="228" hits="0" branch="false" />
            <line number="231" hits="0" branch="false" />
            <line number="232" hits="0" branch="false" />
            <line number="233" hits="0" branch="false" />
            <line number="234" hits="0" branch="false" />
            <line number="235" hits="0" branch="false" />
            <line number="236" hits="0" branch="false" />
            <line number="238" hits="1" branch="false" />
            <line number="239" hits="1" branch="false" />
            <line number="240" hits="1" branch="false" />
            <line number="241" hits="1" branch="false" />
            <line number="242" hits="0" branch="false" />
            <line number="243" hits="0" branch="false" />
            <line number="245" hits="0" branch="false" />
            <line number="246" hits="0" branch="false" />
            <line number="247" hits="0" branch="false" />
            <line number="248" hits="0" branch="false" />
            <line number="249" hits="0" branch="false" />
            <line number="250" hits="0" branch="false" />
            <line number="252" hits="0" branch="false" />
            <line number="253" hits="0" branch="false" />
            <line number="254" hits="0" branch="false" />
            <line number="255" hits="0" branch="false" />
            <line number="256" hits="0" branch="false" />
            <line number="258" hits="0" branch="false" />
            <line number="259" hits="0" branch="false" />
            <line number="260" hits="0" branch="false" />
            <line number="261" hits="0" branch="true" condition-coverage="0% (0/2)" />
            <line number="262" hits="0" branch="false" />
            <line number="263" hits="0" branch="false" />
            <line number="264" hits="0" branch="false" />
            <line number="265" hits="0" branch="false" />
            <line number="267" hits="0" branch="false" />
            <line number="268" hits="0" branch="false" />
            <line number="269" hits="0" branch="false" />
            <line number="270" hits="0" branch="false" />
            <line number="271" hits="0" branch="false" />
            <line number="272" hits="0" branch="true" condition-coverage="0% (0/2)" />
            <line number="273" hits="0" branch="false" />
            <line number="274" hits="0" branch="false" />
            <line number="276" hits="0" branch="false" />
            <line number="278" hits="0" branch="false" />
            <line number="280" hits="0" branch="false" />
            <line number="281" hits="0" branch="false" />
            <line number="282" hits="0" branch="false" />
            <line number="283" hits="0" branch="false" />
            <line number="284" hits="0" branch="false" />
            <line number="285" hits="0" branch="true" condition-coverage="0% (0/2)" />
            <line number="286" hits="0" branch="false" />
            <line number="287" hits="0" branch="false" />
            <line number="288" hits="0" branch="false" />
            <line number="290" hits="0" branch="false" />
            <line number="292" hits="0" branch="false" />
            <line number="294" hits="0" branch="false" />
            <line number="295" hits="0" branch="false" />
            <line number="296" hits="0" branch="false" />
            <line number="297" hits="0" branch="false" />
[...]
            <line number="982" hits="0" branch="true" condition-coverage="0% (0/2)" />
            <line number="983" hits="0" branch="false" />
            <line number="984" hits="0" branch="true" condition-coverage="0% (0/2)" />
            <line number="985" hits="0" branch="false" />
            <line number="986" hits="0" branch="true" condition-coverage="0% (0/2)" />
            <line number="987" hits="0" branch="false" />
            <line number="988" hits="0" branch="false" />
            <line number="989" hits="0" branch="false" />
            <line number="991" hits="0" branch="false" />
            <line number="993" hits="0" branch="false" />
            <line number="994" hits="0" branch="false" />
            <line number="995" hits="0" branch="false" />
            <line number="996" hits="0" branch="false" />
            <line number="997" hits="0" branch="false" />
            <line number="998" hits="0" branch="false" />
            <line number="1000" hits="0" branch="true" condition-coverage="0% (0/2)" />
            <line number="1001" hits="0" branch="false" />
            <line number="1002" hits="0" branch="false" />
            <line number="1003" hits="0" branch="false" />
            <line number="1004" hits="0" branch="true" condition-coverage="0% (0/2)" />
            <line number="1005" hits="0" branch="false" />
            <line number="1006" hits="0" branch="false" />
            <line number="1007" hits="0" branch="false" />
            <line number="1008" hits="0" branch="false" />
            <line number="1009" hits="0" branch="false" />
            <line number="1011" hits="0" branch="false" />
            <line number="1012" hits="0" branch="false" />
            <line number="1013" hits="0" branch="false" />
            <line number="1014" hits="0" branch="false" />
            <line number="1015" hits="0" branch="false" />
            <line number="1018" hits="0" branch="true" condition-coverage="0% (0/2)" />
            <line number="1019" hits="0" branch="false" />
            <line number="1020" hits="0" branch="false" />
            <line number="1022" hits="0" branch="false" />
            <line number="1024" hits="0" branch="false" />
            <line number="1026" hits="0" branch="false" />
            <line number="1028" hits="0" branch="false" />
            <line number="1029" hits="0" branch="false" />
            <line number="1030" hits="0" branch="true" condition-coverage="0% (0/2)" />
            <line number="1031" hits="0" branch="false" />
            <line number="1032" hits="0" branch="false" />
            <line number="1033" hits="0" branch="false" />
            <line number="1034" hits="0" branch="true" condition-coverage="0% (0/2)" />
            <line number="1035" hits="0" branch="false" />
            <line number="1036" hits="0" branch="false" />
            <line number="1037" hits="0" branch="false" />
            <line number="1038" hits="0" branch="true" condition-coverage="0% (0/2)" />
            <line number="1039" hits="0" branch="false" />
            <line number="1040" hits="0" branch="false" />
            <line number="1041" hits="0" branch="false" />
            <line number="1042" hits="0" branch="false" />
            <line number="1044" hits="0" branch="false" />
            <line number="1046" hits="0" branch="false" />
            <line number="1047" hits="0" branch="false" />
            <line number="1048" hits="0" branch="true" condition-coverage="0% (0/2)" />
            <line number="1049" hits="0" branch="false" />
            <line number="1050" hits="0" branch="false" />
            <line number="1051" hits="0" branch="false" />
            <line number="1052" hits="0" branch="true" condition-coverage="0% (0/2)" />
            <line number="1053" hits="0" branch="false" />
            <line number="1054" hits="0" branch="false" />
            <line number="1055" hits="0" branch="false" />
            <line number="1056" hits="0" branch="false" />
            <line number="1058" hits="0" branch="false" />
            <line number="1059" hits="0" branch="false" />
            <line number="1060" hits="0" branch="false" />
            <line number="1061" hits="0" branch="false" />
            <line number="1062" hits="0" branch="true" condition-coverage="0% (0/2)" />
            <line number="1063" hits="0" branch="false" />
            <line number="1064" hits="0" branch="false" />
            <line number="1065" hits="0" branch="false" />
            <line number="1066" hits="0" branch="false" />
            <line number="1067" hits="0" branch="false" />
            <line number="1068" hits="0" branch="false" />
            <line number="1069" hits="0" branch="false" />
            <line number="1071" hits="0" branch="false" />
            <line number="1072" hits="0" branch="false" />
            <line number="1073" hits="0" branch="false" />
            <line number="1074" hits="0" branch="false" />
            <line number="1075" hits="0" branch="false" />
            <line number="1076" hits="0" branch="false" />
            <line number="1078" hits="0" branch="true" condition-coverage="0% (0/2)" />
            <line number="1079" hits="0" branch="false" />
            <line number="1080" hits="0" branch="false" />
            <line number="1081" hits="0" branch="false" />
            <line number="1082" hits="0" branch="false" />
            <line number="1084" hits="0" branch="false" />
            <line number="1085" hits="0" branch="false" />
            <line number="1087" hits="0" branch="false" />
            <line number="1088" hits="0" branch="false" />
            <line number="1089" hits="0" branch="false" />
            <line number="1090" hits="0" branch="false" />
            <line number="1092" hits="0" branch="false" />
            <line number="1093" hits="0" branch="false" />
            <line number="1097" hits="0" branch="false" />
            <line number="1098" hits="0" branch="false" />
            <line number="1099" hits="0" branch="false" />
            <line number="1100" hits="0" branch="false" />
            <line number="1101" hits="0" branch="false" />
            <line number="1102" hits="0" branch="false" />
            <line number="1104" hits="0" branch="true" condition-coverage="0% (0/2)" />
            <line number="1105" hits="0" branch="false" />
            <line number="1106" hits="0" branch="false" />
            <line number="1107" hits="0" branch="false" />
            <line number="1108" hits="0" branch="false" />
          </lines>
        </class>
      </classes>
    </package>
    <package name="consoleApp.UnitTest" line-rate="0.964285714285714" branch-rate="1" complexity="15">
      <classes>
        <class name="AutoGeneratedProgram" filename="D:\Users\lmoph\.nuget\packages\microsoft.net.test.sdk\17.7.2\build\netcoreapp3.1\Microsoft.NET.Test.Sdk.Program.cs" line-rate="0" branch-rate="1" complexity="1">
          <methods>
            <method name="Main" signature="(...)" line-rate="0" branch-rate="1" complexity="1">
              <lines>
                <line number="4" hits="0" branch="false" />
              </lines>
            </method>
          </methods>
          <lines>
            <line number="4" hits="0" branch="false" />
          </lines>
        </class>
        <class name="Tests" filename="D:\Users\lmoph\OneDrive\Skrivebord\github repos\software-utvikling\lecture1-2\consoleApp\consoleApp.UnitTest\UnitTest1.cs" line-rate="0.975903614457831" branch-rate="1" complexity="14">
          <methods>
            <method name="Setup" signature="()" line-rate="1" branch-rate="1" complexity="1">
              <lines>
                <line number="7" hits="13" branch="false" />
                <line number="8" hits="13" branch="false" />
              </lines>
            </method>
            <method name="ToDoubleTest" signature="()" line-rate="1" branch-rate="1" complexity="1">
              <lines>
                <line number="13" hits="1" branch="false" />
                <line number="14" hits="1" branch="false" />
                <line number="15" hits="1" branch="false" />
                <line number="16" hits="1" branch="false" />
                <line number="17" hits="1" branch="false" />
              </lines>
            </method>
            <method name="additionTest" signature="()" line-rate="1" branch-rate="1" complexity="1">
              <lines>
                <line number="21" hits="1" branch="false" />
                <line number="22" hits="1" branch="false" />
                <line number="23" hits="1" branch="false" />
                <line number="24" hits="1" branch="false" />
                <line number="25" hits="1" branch="false" />
                <line number="26" hits="1" branch="false" />
              </lines>
            </method>
            <method name="subtractionTest" signature="()" line-rate="1" branch-rate="1" complexity="1">
              <lines>
                <line number="29" hits="1" branch="false" />
                <line number="30" hits="1" branch="false" />
                <line number="31" hits="1" branch="false" />
                <line number="32" hits="1" branch="false" />
                <line number="33" hits="1" branch="false" />
                <line number="34" hits="1" branch="false" />
              </lines>
            </method>
            <method name="multiplicationTest" signature="()" line-rate="1" branch-rate="1" complexity="1">
              <lines>
                <line number="37" hits="1" branch="false" />
                <line number="38" hits="1" branch="false" />
                <line number="39" hits="1" branch="false" />
                <line number="40" hits="1" branch="false" />
                <line number="41" hits="1" branch="false" />
                <line number="42" hits="1" branch="false" />
              </lines>
            </method>
            <method name="divisionTest" signature="()" line-rate="1" branch-rate="1" complexity="1">
              <lines>
                <line number="45" hits="1" branch="false" />
                <line number="46" hits="1" branch="false" />
                <line number="47" hits="1" branch="false" />
                <line number="48" hits="1" branch="false" />
                <line number="49" hits="1" branch="false" />
                <line number="50" hits="1" branch="false" />
              </lines>
            </method>
            <method name="equalsTest" signature="()" line-rate="1" branch-rate="1" complexity="1">
              <lines>
                <line number="53" hits="1" branch="false" />
                <line number="54" hits="1" branch="false" />
                <line number="55" hits="1" branch="false" />
                <line number="56" hits="1" branch="false" />
                <line number="57" hits="1" branch="false" />
                <line number="58" hits="1" branch="false" />
                <line number="59" hits="1" branch="false" />
              </lines>
            </method>
            <method name="notEqualsTest" signature="()" line-rate="1" branch-rate="1" complexity="1">
              <lines>
                <line number="62" hits="1" branch="false" />
                <line number="63" hits="1" branch="false" />
                <line number="64" hits="1" branch="false" />
                <line number="65" hits="1" branch="false" />
                <line number="66" hits="1" branch="false" />
                <line number="67" hits="1" branch="false" />
                <line number="68" hits="1" branch="false" />
              </lines>
            </method>
            <method name="greaterThanTest" signature="()" line-rate="1" branch-rate="1" complexity="1">
              <lines>
                <line number="71" hits="1" branch="false" />
                <line number="72" hits="1" branch="false" />
                <line number="73" hits="1" branch="false" />
                <line number="74" hits="1" branch="false" />
                <line number="75" hits="1" branch="false" />
                <line number="76" hits="1" branch="false" />
                <line number="77" hits="1" branch="false" />
                <line number="78" hits="1" branch="false" />
              </lines>
            </method>
            <method name="lesserThanTest" signature="()" line-rate="1" branch-rate="1" complexity="1">
              <lines>
                <line number="81" hits="1" branch="false" />
                <line number="82" hits="1" branch="false" />
                <line number="83" hits="1" branch="false" />
                <line number="84" hits="1" branch="false" />
                <line number="85" hits="1" branch="false" />
                <line number="86" hits="1" branch="false" />
                <line number="87" hits="1" branch="false" />
                <line number="88" hits="1" branch="false" />
              </lines>
            </method>
            <method name="reductionTest" signature="()" line-rate="1" branch-rate="1" complexity="1">
              <lines>
                <line number="91" hits="1" branch="false" />
                <line number="92" hits="1" branch="false" />
                <line number="93" hits="1" branch="false" />
                <line number="94" hits="1" branch="false" />
                <line number="95" hits="1" branch="false" />
              </lines>
            </method>
            <method name="throwErrorTest" signature="()" line-rate="1" branch-rate="1" complexity="1">
              <lines>
                <line number="98" hits="1" branch="false" />
                <line number="99" hits="2" branch="false" />
                <line number="100" hits="1" branch="false" />
              </lines>
            </method>
            <method name="implicitCastToDoubleTest" signature="()" line-rate="1" branch-rate="1" complexity="1">
              <lines>
                <line number="103" hits="1" branch="false" />
                <line number="104" hits="1" branch="false" />
                <line number="105" hits="1" branch="false" />
                <line number="106" hits="1" branch="false" />
                <line number="107" hits="1" branch="false" />
                <line number="108" hits="1" branch="false" />
              </lines>
            </method>
            <method name="addAndReadDataTest" signature="()" line-rate="0.75" branch-rate="1" complexity="1">
              <lines>
                <line number="111" hits="1" branch="false" />
                <line number="112" hits="1" branch="false" />
                <line number="113" hits="1" branch="false" />
                <line number="114" hits="1" branch="false" />
                <line number="115" hits="1" branch="false" />
                <line number="116" hits="1" branch="false" />
                <line number="117" hits="0" branch="false" />
                <line number="118" hits="0" branch="false" />
              </lines>
            </method>
          </methods>
          <lines>
            <line number="7" hits="13" branch="false" />
            <line number="8" hits="13" branch="false" />
            <line number="13" hits="1" branch="false" />
            <line number="14" hits="1" branch="false" />
            <line number="15" hits="1" branch="false" />
            <line number="16" hits="1" branch="false" />
            <line number="17" hits="1" branch="false" />
            <line number="21" hits="1" branch="false" />
            <line number="22" hits="1" branch="false" />
            <line number="23" hits="1" branch="false" />
            <line number="24" hits="1" branch="false" />
            <line number="25" hits="1" branch="false" />
            <line number="26" hits="1" branch="false" />
            <line number="29" hits="1" branch="false" />
            <line number="30" hits="1" branch="false" />
            <line number="31" hits="1" branch="false" />
            <line number="32" hits="1" branch="false" />
            <line number="33" hits="1" branch="false" />
            <line number="34" hits="1" branch="false" />
            <line number="37" hits="1" branch="false" />
            <line number="38" hits="1" branch="false" />
            <line number="39" hits="1" branch="false" />
            <line number="40" hits="1" branch="false" />
            <line number="41" hits="1" branch="false" />
            <line number="42" hits="1" branch="false" />
            <line number="45" hits="1" branch="false" />
            <line number="46" hits="1" branch="false" />
            <line number="47" hits="1" branch="false" />
            <line number="48" hits="1" branch="false" />
            <line number="49" hits="1" branch="false" />
            <line number="50" hits="1" branch="false" />
            <line number="53" hits="1" branch="false" />
            <line number="54" hits="1" branch="false" />
            <line number="55" hits="1" branch="false" />
            <line number="56" hits="1" branch="false" />
            <line number="57" hits="1" branch="false" />
            <line number="58" hits="1" branch="false" />
            <line number="59" hits="1" branch="false" />
            <line number="62" hits="1" branch="false" />
            <line number="63" hits="1" branch="false" />
            <line number="64" hits="1" branch="false" />
            <line number="65" hits="1" branch="false" />
            <line number="66" hits="1" branch="false" />
            <line number="67" hits="1" branch="false" />
            <line number="68" hits="1" branch="false" />
            <line number="71" hits="1" branch="false" />
            <line number="72" hits="1" branch="false" />
            <line number="73" hits="1" branch="false" />
            <line number="74" hits="1" branch="false" />
            <line number="75" hits="1" branch="false" />
            <line number="76" hits="1" branch="false" />
            <line number="77" hits="1" branch="false" />
            <line number="78" hits="1" branch="false" />
            <line number="81" hits="1" branch="false" />
            <line number="82" hits="1" branch="false" />
            <line number="83" hits="1" branch="false" />
            <line number="84" hits="1" branch="false" />
            <line number="85" hits="1" branch="false" />
            <line number="86" hits="1" branch="false" />
            <line number="87" hits="1" branch="false" />
            <line number="88" hits="1" branch="false" />
            <line number="91" hits="1" branch="false" />
            <line number="92" hits="1" branch="false" />
            <line number="93" hits="1" branch="false" />
            <line number="94" hits="1" branch="false" />
            <line number="95" hits="1" branch="false" />
            <line number="98" hits="1" branch="false" />
            <line number="99" hits="2" branch="false" />
            <line number="100" hits="1" branch="false" />
            <line number="103" hits="1" branch="false" />
            <line number="104" hits="1" branch="false" />
            <line number="105" hits="1" branch="false" />
            <line number="106" hits="1" branch="false" />
            <line number="107" hits="1" branch="false" />
            <line number="108" hits="1" branch="false" />
            <line number="111" hits="1" branch="false" />
            <line number="112" hits="1" branch="false" />
            <line number="113" hits="1" branch="false" />
            <line number="114" hits="1" branch="false" />
            <line number="115" hits="1" branch="false" />
            <line number="116" hits="1" branch="false" />
            <line number="117" hits="0" branch="false" />
            <line number="118" hits="0" branch="false" />
          </lines>
        </class>
      </classes>
    </package>
  </packages>
</coverage>