TpTrace Verbose: 0 : 17056, 1, 2023/10/31, 13:48:11.142, 573706685776, vstest.console.dll, Version: 17.7.1-release-23418-01 Current process architecture: X64
TpTrace Verbose: 0 : 17056, 1, 2023/10/31, 13:48:11.143, 573706697667, vstest.console.dll, Runtime location: C:\Program Files\dotnet\shared\Microsoft.NETCore.App\7.0.11
TpTrace Verbose: 0 : 17056, 1, 2023/10/31, 13:48:11.145, 573706714997, vstest.console.dll, ArtifactProcessingPostProcessModeProcessorExecutor.Initialize: ArtifactProcessingMode.Collect
TpTrace Verbose: 0 : 17056, 1, 2023/10/31, 13:48:11.145, 573706715731, vstest.console.dll, TestSessionCorrelationIdProcessorModeProcessorExecutor.Initialize: TestSessionCorrelationId '15880_ac9596f2-0bf1-4cd9-a34f-40525dcd5d1f'
TpTrace Information: 0 : 17056, 1, 2023/10/31, 13:48:11.150, 573706771500, vstest.console.dll, FilePatternParser: The given file D:\Users\lmoph\OneDrive\Skrivebord\github repos\software-utvikling\lecture1-2\consoleApp\consoleApp.UnitTest\bin\Debug\net7.0\fine-code-coverage\build-output\consoleApp.UnitTest.dll is a full path.
TpTrace Verbose: 0 : 17056, 1, 2023/10/31, 13:48:11.154, 573706805286, vstest.console.dll, TestPluginCache.DiscoverTestExtensions: finding test extensions in assemblies ends with: RuntimeProvider.dll TPluginInfo: Microsoft.VisualStudio.TestPlatform.Common.ExtensionFramework.Utilities.TestRuntimePluginInformation TExtension: Microsoft.VisualStudio.TestPlatform.ObjectModel.Host.ITestRuntimeProvider
TpTrace Verbose: 0 : 17056, 1, 2023/10/31, 13:48:11.154, 573706807800, vstest.console.dll, TestPluginCache.GetExtensionPaths: Filtered extension paths: 
TpTrace Verbose: 0 : 17056, 1, 2023/10/31, 13:48:11.154, 573706808426, vstest.console.dll, TestPluginCache.GetExtensionPaths: Added default extension paths: C:\Program Files\dotnet\sdk\7.0.401\Extensions\Microsoft.Diagnostics.NETCore.Client.dll
C:\Program Files\dotnet\sdk\7.0.401\Extensions\Microsoft.TestPlatform.Extensions.BlameDataCollector.dll
C:\Program Files\dotnet\sdk\7.0.401\Extensions\Microsoft.TestPlatform.Extensions.EventLogCollector.dll
C:\Program Files\dotnet\sdk\7.0.401\Extensions\Microsoft.TestPlatform.TestHostRuntimeProvider.dll
C:\Program Files\dotnet\sdk\7.0.401\Extensions\Microsoft.VisualStudio.TestPlatform.Extensions.Html.TestLogger.dll
C:\Program Files\dotnet\sdk\7.0.401\Extensions\Microsoft.VisualStudio.TestPlatform.Extensions.Trx.TestLogger.dll
TpTrace Verbose: 0 : 17056, 1, 2023/10/31, 13:48:11.154, 573706808660, vstest.console.dll, TestPluginCache.GetExtensionPaths: Added unfilterableExtensionPaths: 
TpTrace Information: 0 : 17056, 1, 2023/10/31, 13:48:11.154, 573706812911, vstest.console.dll, AssemblyResolver.ctor: Creating AssemblyResolver with searchDirectories C:\Program Files\dotnet\sdk\7.0.401\Extensions,C:\Program Files\dotnet\sdk\7.0.401
TpTrace Verbose: 0 : 17056, 1, 2023/10/31, 13:48:11.155, 573706820507, vstest.console.dll, TestPluginCache.DiscoverTestExtensions: Discovering the extensions using extension path.
TpTrace Verbose: 0 : 17056, 1, 2023/10/31, 13:48:11.155, 573706821283, vstest.console.dll, TestPluginCache.GetExtensionPaths: Filtered extension paths: 
TpTrace Verbose: 0 : 17056, 1, 2023/10/31, 13:48:11.155, 573706821555, vstest.console.dll, TestPluginCache.GetExtensionPaths: Added default extension paths: C:\Program Files\dotnet\sdk\7.0.401\Extensions\Microsoft.Diagnostics.NETCore.Client.dll
C:\Program Files\dotnet\sdk\7.0.401\Extensions\Microsoft.TestPlatform.Extensions.BlameDataCollector.dll
C:\Program Files\dotnet\sdk\7.0.401\Extensions\Microsoft.TestPlatform.Extensions.EventLogCollector.dll
C:\Program Files\dotnet\sdk\7.0.401\Extensions\Microsoft.TestPlatform.TestHostRuntimeProvider.dll
C:\Program Files\dotnet\sdk\7.0.401\Extensions\Microsoft.VisualStudio.TestPlatform.Extensions.Html.TestLogger.dll
C:\Program Files\dotnet\sdk\7.0.401\Extensions\Microsoft.VisualStudio.TestPlatform.Extensions.Trx.TestLogger.dll
TpTrace Verbose: 0 : 17056, 1, 2023/10/31, 13:48:11.155, 573706821743, vstest.console.dll, TestPluginCache.GetExtensionPaths: Added unfilterableExtensionPaths: 
TpTrace Verbose: 0 : 17056, 1, 2023/10/31, 13:48:11.155, 573706822724, vstest.console.dll, TestPluginCache.DiscoverTestExtensions: Discovering the extensions using allExtensionPaths: C:\Program Files\dotnet\sdk\7.0.401\Extensions\Microsoft.Diagnostics.NETCore.Client.dll
C:\Program Files\dotnet\sdk\7.0.401\Extensions\Microsoft.TestPlatform.Extensions.BlameDataCollector.dll
C:\Program Files\dotnet\sdk\7.0.401\Extensions\Microsoft.TestPlatform.Extensions.EventLogCollector.dll
C:\Program Files\dotnet\sdk\7.0.401\Extensions\Microsoft.TestPlatform.TestHostRuntimeProvider.dll
C:\Program Files\dotnet\sdk\7.0.401\Extensions\Microsoft.VisualStudio.TestPlatform.Extensions.Html.TestLogger.dll
C:\Program Files\dotnet\sdk\7.0.401\Extensions\Microsoft.VisualStudio.TestPlatform.Extensions.Trx.TestLogger.dll
TpTrace Information: 0 : 17056, 1, 2023/10/31, 13:48:11.155, 573706823495, vstest.console.dll, AssemblyResolver.AddSearchDirectories: Adding more searchDirectories C:\Program Files\dotnet\sdk\7.0.401\Extensions,C:\Program Files\dotnet\sdk\7.0.401
TpTrace Information: 0 : 17056, 1, 2023/10/31, 13:48:11.156, 573706823942, vstest.console.dll, AssemblyResolver.AddSearchDirectories: Adding more searchDirectories C:\Program Files\dotnet\sdk\7.0.401\Extensions,C:\Program Files\dotnet\sdk\7.0.401
TpTrace Information: 0 : 17056, 1, 2023/10/31, 13:48:11.156, 573706824216, vstest.console.dll, AssemblyResolver.AddSearchDirectories: Adding more searchDirectories C:\Program Files\dotnet\sdk\7.0.401\Extensions,C:\Program Files\dotnet\sdk\7.0.401
TpTrace Information: 0 : 17056, 1, 2023/10/31, 13:48:11.156, 573706824401, vstest.console.dll, AssemblyResolver.AddSearchDirectories: Adding more searchDirectories C:\Program Files\dotnet\sdk\7.0.401\Extensions,C:\Program Files\dotnet\sdk\7.0.401
TpTrace Information: 0 : 17056, 1, 2023/10/31, 13:48:11.156, 573706824579, vstest.console.dll, AssemblyResolver.AddSearchDirectories: Adding more searchDirectories C:\Program Files\dotnet\sdk\7.0.401\Extensions,C:\Program Files\dotnet\sdk\7.0.401
TpTrace Information: 0 : 17056, 1, 2023/10/31, 13:48:11.156, 573706824786, vstest.console.dll, AssemblyResolver.AddSearchDirectories: Adding more searchDirectories C:\Program Files\dotnet\sdk\7.0.401\Extensions,C:\Program Files\dotnet\sdk\7.0.401
TpTrace Information: 0 : 17056, 1, 2023/10/31, 13:48:11.156, 573706827376, vstest.console.dll, AssemblyResolver.OnResolve: Microsoft.Diagnostics.NETCore.Client: Resolving assembly.
TpTrace Information: 0 : 17056, 1, 2023/10/31, 13:48:11.156, 573706827935, vstest.console.dll, AssemblyResolver.OnResolve: Microsoft.Diagnostics.NETCore.Client: Searching in: 'C:\Program Files\dotnet\sdk\7.0.401\Extensions'.
TpTrace Information: 0 : 17056, 1, 2023/10/31, 13:48:11.160, 573706872979, vstest.console.dll, AssemblyResolver.OnResolve: Microsoft.Diagnostics.NETCore.Client: Loading assembly 'C:\Program Files\dotnet\sdk\7.0.401\Extensions\Microsoft.Diagnostics.NETCore.Client.dll'.
TpTrace Information: 0 : 17056, 1, 2023/10/31, 13:48:11.161, 573706875953, vstest.console.dll, AssemblyResolver.OnResolve: Resolved assembly: Microsoft.Diagnostics.NETCore.Client, from path: C:\Program Files\dotnet\sdk\7.0.401\Extensions\Microsoft.Diagnostics.NETCore.Client.dll
TpTrace Verbose: 0 : 17056, 1, 2023/10/31, 13:48:11.161, 573706883192, vstest.console.dll, MetadataReaderExtensionsHelper: Discovering extensions inside assembly 'Microsoft.Diagnostics.NETCore.Client, Version=0.2.8.21101, Culture=neutral, PublicKeyToken=31bf3856ad364e35' file path 'C:\Program Files\dotnet\sdk\7.0.401\Extensions\Microsoft.Diagnostics.NETCore.Client.dll'
TpTrace Information: 0 : 17056, 1, 2023/10/31, 13:48:11.164, 573706908141, vstest.console.dll, AssemblyResolver.OnResolve: Microsoft.Bcl.AsyncInterfaces: Resolving assembly.
TpTrace Information: 0 : 17056, 1, 2023/10/31, 13:48:11.164, 573706908552, vstest.console.dll, AssemblyResolver.OnResolve: Microsoft.Bcl.AsyncInterfaces: Searching in: 'C:\Program Files\dotnet\sdk\7.0.401\Extensions'.
TpTrace Information: 0 : 17056, 1, 2023/10/31, 13:48:11.164, 573706909168, vstest.console.dll, AssemblyResolver.OnResolve: Microsoft.Bcl.AsyncInterfaces: Assembly path does not exist: 'C:\Program Files\dotnet\sdk\7.0.401\Extensions\Microsoft.Bcl.AsyncInterfaces.dll', returning.
TpTrace Information: 0 : 17056, 1, 2023/10/31, 13:48:11.164, 573706909898, vstest.console.dll, AssemblyResolver.OnResolve: Microsoft.Bcl.AsyncInterfaces: Assembly path does not exist: 'C:\Program Files\dotnet\sdk\7.0.401\Extensions\Microsoft.Bcl.AsyncInterfaces.exe', returning.
TpTrace Information: 0 : 17056, 1, 2023/10/31, 13:48:11.164, 573706910142, vstest.console.dll, AssemblyResolver.OnResolve: Microsoft.Bcl.AsyncInterfaces: Searching in: 'C:\Program Files\dotnet\sdk\7.0.401'.
TpTrace Information: 0 : 17056, 1, 2023/10/31, 13:48:11.164, 573706910587, vstest.console.dll, AssemblyResolver.OnResolve: Microsoft.Bcl.AsyncInterfaces: Assembly path does not exist: 'C:\Program Files\dotnet\sdk\7.0.401\Microsoft.Bcl.AsyncInterfaces.dll', returning.
TpTrace Information: 0 : 17056, 1, 2023/10/31, 13:48:11.164, 573706911047, vstest.console.dll, AssemblyResolver.OnResolve: Microsoft.Bcl.AsyncInterfaces: Assembly path does not exist: 'C:\Program Files\dotnet\sdk\7.0.401\Microsoft.Bcl.AsyncInterfaces.exe', returning.
TpTrace Information: 0 : 17056, 1, 2023/10/31, 13:48:11.164, 573706911252, vstest.console.dll, AssemblyResolver.OnResolve: Microsoft.Bcl.AsyncInterfaces: Failed to load assembly.
TpTrace Verbose: 0 : 17056, 1, 2023/10/31, 13:48:11.164, 573706911463, vstest.console.dll, CurrentDomainAssemblyResolve: Resolving assembly 'Microsoft.Bcl.AsyncInterfaces'.
TpTrace Information: 0 : 17056, 1, 2023/10/31, 13:48:11.164, 573706911800, vstest.console.dll, AssemblyResolver.OnResolve: Microsoft.Bcl.AsyncInterfaces: Resolving assembly.
TpTrace Information: 0 : 17056, 1, 2023/10/31, 13:48:11.164, 573706912034, vstest.console.dll, AssemblyResolver.OnResolve: Microsoft.Bcl.AsyncInterfaces: Resolved from cache.
TpTrace Verbose: 0 : 17056, 1, 2023/10/31, 13:48:11.164, 573706912236, vstest.console.dll, CurrentDomainAssemblyResolve: Resolving assembly 'Microsoft.Bcl.AsyncInterfaces'.
TpTrace Verbose: 0 : 17056, 1, 2023/10/31, 13:48:11.164, 573706912451, vstest.console.dll, CurrentDomainAssemblyResolve: Failed to resolve assembly 'Microsoft.Bcl.AsyncInterfaces'.
TpTrace Verbose: 0 : 17056, 1, 2023/10/31, 13:48:11.165, 573706918051, vstest.console.dll, CurrentDomainAssemblyResolve: Failed to resolve assembly 'Microsoft.Bcl.AsyncInterfaces'.
TpTrace Warning: 0 : 17056, 1, 2023/10/31, 13:48:11.171, 573706978717, vstest.console.dll, TestPluginDiscoverer: Failed to get types from assembly 'Microsoft.Diagnostics.NETCore.Client, Version=0.2.8.21101, Culture=neutral, PublicKeyToken=31bf3856ad364e35'. Error: System.Reflection.ReflectionTypeLoadException: Unable to load one or more of the requested types.
Could not load file or assembly 'Microsoft.Bcl.AsyncInterfaces, Version=1.0.0.0, Culture=neutral, PublicKeyToken=cc7b13ffcd2ddd51'. Systemet finner ikke angitt fil.
   at System.Reflection.RuntimeModule.GetTypes(RuntimeModule module)
   at System.Reflection.Assembly.GetTypes()
   at Microsoft.VisualStudio.TestPlatform.Common.ExtensionFramework.TestPluginDiscoverer.GetTestExtensionsFromAssembly[TPluginInfo,TExtension](Assembly assembly, Dictionary`2 pluginInfos, String filePath) in /_/src/Microsoft.TestPlatform.Common/ExtensionFramework/TestPluginDiscoverer.cs:line 158
System.IO.FileNotFoundException: Could not load file or assembly 'Microsoft.Bcl.AsyncInterfaces, Version=1.0.0.0, Culture=neutral, PublicKeyToken=cc7b13ffcd2ddd51'. Systemet finner ikke angitt fil.
File name: 'Microsoft.Bcl.AsyncInterfaces, Version=1.0.0.0, Culture=neutral, PublicKeyToken=cc7b13ffcd2ddd51'
 ---> System.IO.FileNotFoundException: Could not load file or assembly 'Microsoft.Bcl.AsyncInterfaces, Culture=neutral, PublicKeyToken=null'. Systemet finner ikke angitt fil.
File name: 'Microsoft.Bcl.AsyncInterfaces, Culture=neutral, PublicKeyToken=null'
   at System.Reflection.RuntimeAssembly.InternalLoad(AssemblyName assemblyName, StackCrawlMark& stackMark, AssemblyLoadContext assemblyLoadContext, RuntimeAssembly requestingAssembly, Boolean throwOnFileNotFound)
   at System.Reflection.Assembly.Load(AssemblyName assemblyRef)
   at Microsoft.VisualStudio.TestPlatform.Common.ExtensionFramework.TestPluginCache.CurrentDomainAssemblyResolve(Object sender, AssemblyResolveEventArgs args) in /_/src/Microsoft.TestPlatform.Common/ExtensionFramework/TestPluginCache.cs:line 513
   at System.Runtime.Loader.AssemblyLoadContext.GetFirstResolvedAssemblyFromResolvingEvent(AssemblyName assemblyName)
   at System.Runtime.Loader.AssemblyLoadContext.ResolveUsingEvent(AssemblyName assemblyName)
   at System.Runtime.Loader.AssemblyLoadContext.ResolveUsingResolvingEvent(IntPtr gchManagedAssemblyLoadContext, AssemblyName assemblyName)
TpTrace Warning: 0 : 17056, 1, 2023/10/31, 13:48:11.171, 573706981121, vstest.console.dll, LoaderExceptions: System.IO.FileNotFoundException: Could not load file or assembly 'Microsoft.Bcl.AsyncInterfaces, Version=1.0.0.0, Culture=neutral, PublicKeyToken=cc7b13ffcd2ddd51'. Systemet finner ikke angitt fil.
File name: 'Microsoft.Bcl.AsyncInterfaces, Version=1.0.0.0, Culture=neutral, PublicKeyToken=cc7b13ffcd2ddd51'
 ---> System.IO.FileNotFoundException: Could not load file or assembly 'Microsoft.Bcl.AsyncInterfaces, Culture=neutral, PublicKeyToken=null'. Systemet finner ikke angitt fil.
File name: 'Microsoft.Bcl.AsyncInterfaces, Culture=neutral, PublicKeyToken=null'
   at System.Reflection.RuntimeAssembly.InternalLoad(AssemblyName assemblyName, StackCrawlMark& stackMark, AssemblyLoadContext assemblyLoadContext, RuntimeAssembly requestingAssembly, Boolean throwOnFileNotFound)
   at System.Reflection.Assembly.Load(AssemblyName assemblyRef)
   at Microsoft.VisualStudio.TestPlatform.Common.ExtensionFramework.TestPluginCache.CurrentDomainAssemblyResolve(Object sender, AssemblyResolveEventArgs args) in /_/src/Microsoft.TestPlatform.Common/ExtensionFramework/TestPluginCache.cs:line 513
   at System.Runtime.Loader.AssemblyLoadContext.GetFirstResolvedAssemblyFromResolvingEvent(AssemblyName assemblyName)
   at System.Runtime.Loader.AssemblyLoadContext.ResolveUsingEvent(AssemblyName assemblyName)
   at System.Runtime.Loader.AssemblyLoadContext.ResolveUsingResolvingEvent(IntPtr gchManagedAssemblyLoadContext, AssemblyName assemblyName)
TpTrace Information: 0 : 17056, 1, 2023/10/31, 13:48:11.171, 573706982087, vstest.console.dll, AssemblyResolver.OnResolve: Microsoft.TestPlatform.Extensions.BlameDataCollector: Resolving assembly.
TpTrace Information: 0 : 17056, 1, 2023/10/31, 13:48:11.171, 573706982362, vstest.console.dll, AssemblyResolver.OnResolve: Microsoft.TestPlatform.Extensions.BlameDataCollector: Searching in: 'C:\Program Files\dotnet\sdk\7.0.401\Extensions'.
TpTrace Information: 0 : 17056, 1, 2023/10/31, 13:48:11.172, 573706984734, vstest.console.dll, AssemblyResolver.OnResolve: Microsoft.TestPlatform.Extensions.BlameDataCollector: Loading assembly 'C:\Program Files\dotnet\sdk\7.0.401\Extensions\Microsoft.TestPlatform.Extensions.BlameDataCollector.dll'.
TpTrace Information: 0 : 17056, 1, 2023/10/31, 13:48:11.172, 573706987388, vstest.console.dll, AssemblyResolver.OnResolve: Resolved assembly: Microsoft.TestPlatform.Extensions.BlameDataCollector, from path: C:\Program Files\dotnet\sdk\7.0.401\Extensions\Microsoft.TestPlatform.Extensions.BlameDataCollector.dll
TpTrace Verbose: 0 : 17056, 1, 2023/10/31, 13:48:11.172, 573706987881, vstest.console.dll, MetadataReaderExtensionsHelper: Discovering extensions inside assembly 'Microsoft.TestPlatform.Extensions.BlameDataCollector, Version=15.0.0.0, Culture=neutral, PublicKeyToken=b03f5f7f11d50a3a' file path 'C:\Program Files\dotnet\sdk\7.0.401\Extensions\Microsoft.TestPlatform.Extensions.BlameDataCollector.dll'
TpTrace Information: 0 : 17056, 1, 2023/10/31, 13:48:11.173, 573706996161, vstest.console.dll, AssemblyResolver.OnResolve: Microsoft.TestPlatform.Extensions.EventLogCollector: Resolving assembly.
TpTrace Information: 0 : 17056, 1, 2023/10/31, 13:48:11.173, 573706996544, vstest.console.dll, AssemblyResolver.OnResolve: Microsoft.TestPlatform.Extensions.EventLogCollector: Searching in: 'C:\Program Files\dotnet\sdk\7.0.401\Extensions'.
TpTrace Information: 0 : 17056, 1, 2023/10/31, 13:48:11.173, 573706998700, vstest.console.dll, AssemblyResolver.OnResolve: Microsoft.TestPlatform.Extensions.EventLogCollector: Loading assembly 'C:\Program Files\dotnet\sdk\7.0.401\Extensions\Microsoft.TestPlatform.Extensions.EventLogCollector.dll'.
TpTrace Information: 0 : 17056, 1, 2023/10/31, 13:48:11.173, 573707000601, vstest.console.dll, AssemblyResolver.OnResolve: Resolved assembly: Microsoft.TestPlatform.Extensions.EventLogCollector, from path: C:\Program Files\dotnet\sdk\7.0.401\Extensions\Microsoft.TestPlatform.Extensions.EventLogCollector.dll
TpTrace Verbose: 0 : 17056, 1, 2023/10/31, 13:48:11.173, 573707001052, vstest.console.dll, MetadataReaderExtensionsHelper: Discovering extensions inside assembly 'Microsoft.TestPlatform.Extensions.EventLogCollector, Version=15.0.0.0, Culture=neutral, PublicKeyToken=b03f5f7f11d50a3a' file path 'C:\Program Files\dotnet\sdk\7.0.401\Extensions\Microsoft.TestPlatform.Extensions.EventLogCollector.dll'
TpTrace Information: 0 : 17056, 1, 2023/10/31, 13:48:11.174, 573707011903, vstest.console.dll, AssemblyResolver.OnResolve: Microsoft.TestPlatform.TestHostRuntimeProvider: Resolving assembly.
TpTrace Information: 0 : 17056, 1, 2023/10/31, 13:48:11.174, 573707012277, vstest.console.dll, AssemblyResolver.OnResolve: Microsoft.TestPlatform.TestHostRuntimeProvider: Searching in: 'C:\Program Files\dotnet\sdk\7.0.401\Extensions'.
TpTrace Information: 0 : 17056, 1, 2023/10/31, 13:48:11.175, 573707014195, vstest.console.dll, AssemblyResolver.OnResolve: Microsoft.TestPlatform.TestHostRuntimeProvider: Loading assembly 'C:\Program Files\dotnet\sdk\7.0.401\Extensions\Microsoft.TestPlatform.TestHostRuntimeProvider.dll'.
TpTrace Information: 0 : 17056, 1, 2023/10/31, 13:48:11.175, 573707016309, vstest.console.dll, AssemblyResolver.OnResolve: Resolved assembly: Microsoft.TestPlatform.TestHostRuntimeProvider, from path: C:\Program Files\dotnet\sdk\7.0.401\Extensions\Microsoft.TestPlatform.TestHostRuntimeProvider.dll
TpTrace Verbose: 0 : 17056, 1, 2023/10/31, 13:48:11.175, 573707016747, vstest.console.dll, MetadataReaderExtensionsHelper: Discovering extensions inside assembly 'Microsoft.TestPlatform.TestHostRuntimeProvider, Version=15.0.0.0, Culture=neutral, PublicKeyToken=b03f5f7f11d50a3a' file path 'C:\Program Files\dotnet\sdk\7.0.401\Extensions\Microsoft.TestPlatform.TestHostRuntimeProvider.dll'
TpTrace Information: 0 : 17056, 1, 2023/10/31, 13:48:11.176, 573707027174, vstest.console.dll, GetTestExtensionFromType: Register extension with identifier data 'HostProvider://DefaultTestHost' and type 'Microsoft.VisualStudio.TestPlatform.CrossPlatEngine.Hosting.DefaultTestHostManager, Microsoft.TestPlatform.TestHostRuntimeProvider, Version=15.0.0.0, Culture=neutral, PublicKeyToken=b03f5f7f11d50a3a' inside file 'C:\Program Files\dotnet\sdk\7.0.401\Extensions\Microsoft.TestPlatform.TestHostRuntimeProvider.dll'
TpTrace Information: 0 : 17056, 1, 2023/10/31, 13:48:11.176, 573707028717, vstest.console.dll, GetTestExtensionFromType: Register extension with identifier data 'HostProvider://DotnetTestHost' and type 'Microsoft.VisualStudio.TestPlatform.CrossPlatEngine.Hosting.DotnetTestHostManager, Microsoft.TestPlatform.TestHostRuntimeProvider, Version=15.0.0.0, Culture=neutral, PublicKeyToken=b03f5f7f11d50a3a' inside file 'C:\Program Files\dotnet\sdk\7.0.401\Extensions\Microsoft.TestPlatform.TestHostRuntimeProvider.dll'
TpTrace Information: 0 : 17056, 1, 2023/10/31, 13:48:11.176, 573707029275, vstest.console.dll, AssemblyResolver.OnResolve: Microsoft.VisualStudio.TestPlatform.Extensions.Html.TestLogger: Resolving assembly.
TpTrace Information: 0 : 17056, 1, 2023/10/31, 13:48:11.176, 573707029493, vstest.console.dll, AssemblyResolver.OnResolve: Microsoft.VisualStudio.TestPlatform.Extensions.Html.TestLogger: Searching in: 'C:\Program Files\dotnet\sdk\7.0.401\Extensions'.
TpTrace Information: 0 : 17056, 1, 2023/10/31, 13:48:11.176, 573707031424, vstest.console.dll, AssemblyResolver.OnResolve: Microsoft.VisualStudio.TestPlatform.Extensions.Html.TestLogger: Loading assembly 'C:\Program Files\dotnet\sdk\7.0.401\Extensions\Microsoft.VisualStudio.TestPlatform.Extensions.Html.TestLogger.dll'.
TpTrace Information: 0 : 17056, 1, 2023/10/31, 13:48:11.176, 573707033591, vstest.console.dll, AssemblyResolver.OnResolve: Resolved assembly: Microsoft.VisualStudio.TestPlatform.Extensions.Html.TestLogger, from path: C:\Program Files\dotnet\sdk\7.0.401\Extensions\Microsoft.VisualStudio.TestPlatform.Extensions.Html.TestLogger.dll
TpTrace Verbose: 0 : 17056, 1, 2023/10/31, 13:48:11.177, 573707034051, vstest.console.dll, MetadataReaderExtensionsHelper: Discovering extensions inside assembly 'Microsoft.VisualStudio.TestPlatform.Extensions.Html.TestLogger, Version=15.0.0.0, Culture=neutral, PublicKeyToken=b03f5f7f11d50a3a' file path 'C:\Program Files\dotnet\sdk\7.0.401\Extensions\Microsoft.VisualStudio.TestPlatform.Extensions.Html.TestLogger.dll'
TpTrace Information: 0 : 17056, 1, 2023/10/31, 13:48:11.177, 573707038303, vstest.console.dll, AssemblyResolver.OnResolve: Microsoft.VisualStudio.TestPlatform.Extensions.Trx.TestLogger: Resolving assembly.
TpTrace Information: 0 : 17056, 1, 2023/10/31, 13:48:11.177, 573707038711, vstest.console.dll, AssemblyResolver.OnResolve: Microsoft.VisualStudio.TestPlatform.Extensions.Trx.TestLogger: Searching in: 'C:\Program Files\dotnet\sdk\7.0.401\Extensions'.
TpTrace Information: 0 : 17056, 1, 2023/10/31, 13:48:11.177, 573707040819, vstest.console.dll, AssemblyResolver.OnResolve: Microsoft.VisualStudio.TestPlatform.Extensions.Trx.TestLogger: Loading assembly 'C:\Program Files\dotnet\sdk\7.0.401\Extensions\Microsoft.VisualStudio.TestPlatform.Extensions.Trx.TestLogger.dll'.
TpTrace Information: 0 : 17056, 1, 2023/10/31, 13:48:11.177, 573707043681, vstest.console.dll, AssemblyResolver.OnResolve: Resolved assembly: Microsoft.VisualStudio.TestPlatform.Extensions.Trx.TestLogger, from path: C:\Program Files\dotnet\sdk\7.0.401\Extensions\Microsoft.VisualStudio.TestPlatform.Extensions.Trx.TestLogger.dll
TpTrace Verbose: 0 : 17056, 1, 2023/10/31, 13:48:11.178, 573707044122, vstest.console.dll, MetadataReaderExtensionsHelper: Discovering extensions inside assembly 'Microsoft.VisualStudio.TestPlatform.Extensions.Trx.TestLogger, Version=15.0.0.0, Culture=neutral, PublicKeyToken=b03f5f7f11d50a3a' file path 'C:\Program Files\dotnet\sdk\7.0.401\Extensions\Microsoft.VisualStudio.TestPlatform.Extensions.Trx.TestLogger.dll'
TpTrace Verbose: 0 : 17056, 1, 2023/10/31, 13:48:11.178, 573707050143, vstest.console.dll, TestPluginCache: Discovered the extensions using extension path ''.
TpTrace Verbose: 0 : 17056, 1, 2023/10/31, 13:48:11.178, 573707050545, vstest.console.dll, TestPluginCache: Discoverers are ''.
TpTrace Verbose: 0 : 17056, 1, 2023/10/31, 13:48:11.178, 573707050718, vstest.console.dll, TestPluginCache: Executors are ''.
TpTrace Verbose: 0 : 17056, 1, 2023/10/31, 13:48:11.178, 573707050906, vstest.console.dll, TestPluginCache: Executors2 are ''.
TpTrace Verbose: 0 : 17056, 1, 2023/10/31, 13:48:11.178, 573707051059, vstest.console.dll, TestPluginCache: Setting providers are ''.
TpTrace Verbose: 0 : 17056, 1, 2023/10/31, 13:48:11.178, 573707051210, vstest.console.dll, TestPluginCache: Loggers are ''.
TpTrace Verbose: 0 : 17056, 1, 2023/10/31, 13:48:11.178, 573707052000, vstest.console.dll, TestPluginCache: TestHosts are 'HostProvider://DefaultTestHost,HostProvider://DotnetTestHost'.
TpTrace Verbose: 0 : 17056, 1, 2023/10/31, 13:48:11.178, 573707052240, vstest.console.dll, TestPluginCache: DataCollectors are ''.
TpTrace Information: 0 : 17056, 1, 2023/10/31, 13:48:11.184, 573707111227, vstest.console.dll, RunTestsArgumentProcessor:Execute: Test run is starting.
TpTrace Verbose: 0 : 17056, 1, 2023/10/31, 13:48:11.184, 573707111673, vstest.console.dll, RunTestsArgumentProcessor:Execute: Queuing Test run.
TpTrace Information: 0 : 17056, 1, 2023/10/31, 13:48:11.184, 573707113134, vstest.console.dll, TestRequestManager.RunTests: run tests started.
TpTrace Information: 0 : 17056, 1, 2023/10/31, 13:48:11.189, 573707162580, vstest.console.dll, AssemblyMetadataProvider.GetFrameworkName: Determined framework:'.NETCoreApp,Version=v7.0' for source: 'D:\Users\lmoph\OneDrive\Skrivebord\github repos\software-utvikling\lecture1-2\consoleApp\consoleApp.UnitTest\bin\Debug\net7.0\fine-code-coverage\build-output\consoleApp.UnitTest.dll'
TpTrace Information: 0 : 17056, 1, 2023/10/31, 13:48:11.190, 573707164390, vstest.console.dll, Determined framework for all sources: .NETCoreApp,Version=v7.0
TpTrace Verbose: 0 : 17056, 1, 2023/10/31, 13:48:11.190, 573707167520, vstest.console.dll, TestRequestManager.UpdateRunSettingsIfRequired: Default architecture: X64 IsDefaultTargetArchitecture: True, Current process architecture: X64 OperatingSystem: Windows.
TpTrace Information: 0 : 17056, 1, 2023/10/31, 13:48:11.191, 573707181761, vstest.console.dll, AssemblyMetadataProvider.GetArchitecture: Determined architecture:AnyCPU info for assembly: D:\Users\lmoph\OneDrive\Skrivebord\github repos\software-utvikling\lecture1-2\consoleApp\consoleApp.UnitTest\bin\Debug\net7.0\fine-code-coverage\build-output\consoleApp.UnitTest.dll
TpTrace Information: 0 : 17056, 1, 2023/10/31, 13:48:11.191, 573707182111, vstest.console.dll, Determined platform for source 'D:\Users\lmoph\OneDrive\Skrivebord\github repos\software-utvikling\lecture1-2\consoleApp\consoleApp.UnitTest\bin\Debug\net7.0\fine-code-coverage\build-output\consoleApp.UnitTest.dll' was AnyCPU and it will use the default plaform X64.
TpTrace Information: 0 : 17056, 1, 2023/10/31, 13:48:11.191, 573707182310, vstest.console.dll, None of the sources provided any runnable platform, using the default platform: X64
TpTrace Information: 0 : 17056, 1, 2023/10/31, 13:48:11.191, 573707182810, vstest.console.dll, Platform was updated to 'X64'.
TpTrace Information: 0 : 17056, 1, 2023/10/31, 13:48:11.194, 573707205617, vstest.console.dll, InferRunSettingsHelper.IsTestSettingsEnabled: Unable to navigate to RunSettings/MSTest. Current node: RunSettings
TpTrace Information: 0 : 17056, 1, 2023/10/31, 13:48:11.194, 573707209667, vstest.console.dll, AssemblyResolver.OnResolve: Microsoft.VisualStudio.TestPlatform.Fakes: Resolving assembly.
TpTrace Information: 0 : 17056, 1, 2023/10/31, 13:48:11.194, 573707210079, vstest.console.dll, AssemblyResolver.OnResolve: Microsoft.VisualStudio.TestPlatform.Fakes: Searching in: 'C:\Program Files\dotnet\sdk\7.0.401\Extensions'.
TpTrace Information: 0 : 17056, 1, 2023/10/31, 13:48:11.194, 573707210898, vstest.console.dll, AssemblyResolver.OnResolve: Microsoft.VisualStudio.TestPlatform.Fakes: Assembly path does not exist: 'C:\Program Files\dotnet\sdk\7.0.401\Extensions\Microsoft.VisualStudio.TestPlatform.Fakes.dll', returning.
TpTrace Information: 0 : 17056, 1, 2023/10/31, 13:48:11.194, 573707211354, vstest.console.dll, AssemblyResolver.OnResolve: Microsoft.VisualStudio.TestPlatform.Fakes: Assembly path does not exist: 'C:\Program Files\dotnet\sdk\7.0.401\Extensions\Microsoft.VisualStudio.TestPlatform.Fakes.exe', returning.
TpTrace Information: 0 : 17056, 1, 2023/10/31, 13:48:11.194, 573707211581, vstest.console.dll, AssemblyResolver.OnResolve: Microsoft.VisualStudio.TestPlatform.Fakes: Searching in: 'C:\Program Files\dotnet\sdk\7.0.401'.
TpTrace Information: 0 : 17056, 1, 2023/10/31, 13:48:11.194, 573707212084, vstest.console.dll, AssemblyResolver.OnResolve: Microsoft.VisualStudio.TestPlatform.Fakes: Assembly path does not exist: 'C:\Program Files\dotnet\sdk\7.0.401\Microsoft.VisualStudio.TestPlatform.Fakes.dll', returning.
TpTrace Information: 0 : 17056, 1, 2023/10/31, 13:48:11.194, 573707212537, vstest.console.dll, AssemblyResolver.OnResolve: Microsoft.VisualStudio.TestPlatform.Fakes: Assembly path does not exist: 'C:\Program Files\dotnet\sdk\7.0.401\Microsoft.VisualStudio.TestPlatform.Fakes.exe', returning.
TpTrace Information: 0 : 17056, 1, 2023/10/31, 13:48:11.194, 573707212771, vstest.console.dll, AssemblyResolver.OnResolve: Microsoft.VisualStudio.TestPlatform.Fakes: Failed to load assembly.
TpTrace Information: 0 : 17056, 1, 2023/10/31, 13:48:11.195, 573707214624, vstest.console.dll, Failed to load assembly Microsoft.VisualStudio.TestPlatform.Fakes, Version=17.0.0.0, Culture=neutral. Reason:System.IO.FileNotFoundException: Could not load file or assembly 'Microsoft.VisualStudio.TestPlatform.Fakes, Version=17.0.0.0, Culture=neutral, PublicKeyToken=null'. Systemet finner ikke angitt fil.
File name: 'Microsoft.VisualStudio.TestPlatform.Fakes, Version=17.0.0.0, Culture=neutral, PublicKeyToken=null'
   at System.Reflection.RuntimeAssembly.InternalLoad(AssemblyName assemblyName, StackCrawlMark& stackMark, AssemblyLoadContext assemblyLoadContext, RuntimeAssembly requestingAssembly, Boolean throwOnFileNotFound)
   at System.Reflection.Assembly.Load(AssemblyName assemblyRef)
   at Microsoft.VisualStudio.TestPlatform.Common.Utilities.FakesUtilities.LoadTestPlatformAssembly() in /_/src/Microsoft.TestPlatform.Common/Utilities/FakesUtilities.cs:line 272
TpTrace Verbose: 0 : 17056, 1, 2023/10/31, 13:48:11.197, 573707236951, vstest.console.dll, TestPluginCache.DiscoverTestExtensions: finding test extensions in assemblies ends with: TestLogger.dll TPluginInfo: Microsoft.VisualStudio.TestPlatform.Common.ExtensionFramework.Utilities.TestLoggerPluginInformation TExtension: Microsoft.VisualStudio.TestPlatform.ObjectModel.Client.ITestLogger
TpTrace Verbose: 0 : 17056, 1, 2023/10/31, 13:48:11.197, 573707237519, vstest.console.dll, TestPluginCache.GetExtensionPaths: Filtered extension paths: 
TpTrace Verbose: 0 : 17056, 1, 2023/10/31, 13:48:11.197, 573707237737, vstest.console.dll, TestPluginCache.GetExtensionPaths: Added default extension paths: C:\Program Files\dotnet\sdk\7.0.401\Extensions\Microsoft.Diagnostics.NETCore.Client.dll
C:\Program Files\dotnet\sdk\7.0.401\Extensions\Microsoft.TestPlatform.Extensions.BlameDataCollector.dll
C:\Program Files\dotnet\sdk\7.0.401\Extensions\Microsoft.TestPlatform.Extensions.EventLogCollector.dll
C:\Program Files\dotnet\sdk\7.0.401\Extensions\Microsoft.TestPlatform.TestHostRuntimeProvider.dll
C:\Program Files\dotnet\sdk\7.0.401\Extensions\Microsoft.VisualStudio.TestPlatform.Extensions.Html.TestLogger.dll
C:\Program Files\dotnet\sdk\7.0.401\Extensions\Microsoft.VisualStudio.TestPlatform.Extensions.Trx.TestLogger.dll
TpTrace Verbose: 0 : 17056, 1, 2023/10/31, 13:48:11.197, 573707237917, vstest.console.dll, TestPluginCache.GetExtensionPaths: Added unfilterableExtensionPaths: 
TpTrace Information: 0 : 17056, 1, 2023/10/31, 13:48:11.197, 573707238749, vstest.console.dll, AssemblyResolver.AddSearchDirectories: Adding more searchDirectories C:\Program Files\dotnet\sdk\7.0.401\Extensions,C:\Program Files\dotnet\sdk\7.0.401
TpTrace Verbose: 0 : 17056, 1, 2023/10/31, 13:48:11.197, 573707239052, vstest.console.dll, TestPluginCache.DiscoverTestExtensions: Discovering the extensions using extension path.
TpTrace Verbose: 0 : 17056, 1, 2023/10/31, 13:48:11.197, 573707239259, vstest.console.dll, TestPluginCache.GetExtensionPaths: Filtered extension paths: 
TpTrace Verbose: 0 : 17056, 1, 2023/10/31, 13:48:11.197, 573707239469, vstest.console.dll, TestPluginCache.GetExtensionPaths: Added default extension paths: C:\Program Files\dotnet\sdk\7.0.401\Extensions\Microsoft.Diagnostics.NETCore.Client.dll
C:\Program Files\dotnet\sdk\7.0.401\Extensions\Microsoft.TestPlatform.Extensions.BlameDataCollector.dll
C:\Program Files\dotnet\sdk\7.0.401\Extensions\Microsoft.TestPlatform.Extensions.EventLogCollector.dll
C:\Program Files\dotnet\sdk\7.0.401\Extensions\Microsoft.TestPlatform.TestHostRuntimeProvider.dll
C:\Program Files\dotnet\sdk\7.0.401\Extensions\Microsoft.VisualStudio.TestPlatform.Extensions.Html.TestLogger.dll
C:\Program Files\dotnet\sdk\7.0.401\Extensions\Microsoft.VisualStudio.TestPlatform.Extensions.Trx.TestLogger.dll
TpTrace Verbose: 0 : 17056, 1, 2023/10/31, 13:48:11.197, 573707239647, vstest.console.dll, TestPluginCache.GetExtensionPaths: Added unfilterableExtensionPaths: 
TpTrace Verbose: 0 : 17056, 1, 2023/10/31, 13:48:11.197, 573707239846, vstest.console.dll, TestPluginCache.DiscoverTestExtensions: Discovering the extensions using allExtensionPaths: C:\Program Files\dotnet\sdk\7.0.401\Extensions\Microsoft.Diagnostics.NETCore.Client.dll
C:\Program Files\dotnet\sdk\7.0.401\Extensions\Microsoft.TestPlatform.Extensions.BlameDataCollector.dll
C:\Program Files\dotnet\sdk\7.0.401\Extensions\Microsoft.TestPlatform.Extensions.EventLogCollector.dll
C:\Program Files\dotnet\sdk\7.0.401\Extensions\Microsoft.TestPlatform.TestHostRuntimeProvider.dll
C:\Program Files\dotnet\sdk\7.0.401\Extensions\Microsoft.VisualStudio.TestPlatform.Extensions.Html.TestLogger.dll
C:\Program Files\dotnet\sdk\7.0.401\Extensions\Microsoft.VisualStudio.TestPlatform.Extensions.Trx.TestLogger.dll
TpTrace Information: 0 : 17056, 1, 2023/10/31, 13:48:11.197, 573707240574, vstest.console.dll, AssemblyResolver.AddSearchDirectories: Adding more searchDirectories C:\Program Files\dotnet\sdk\7.0.401\Extensions,C:\Program Files\dotnet\sdk\7.0.401
TpTrace Information: 0 : 17056, 1, 2023/10/31, 13:48:11.197, 573707240860, vstest.console.dll, AssemblyResolver.AddSearchDirectories: Adding more searchDirectories C:\Program Files\dotnet\sdk\7.0.401\Extensions,C:\Program Files\dotnet\sdk\7.0.401
TpTrace Information: 0 : 17056, 1, 2023/10/31, 13:48:11.197, 573707241058, vstest.console.dll, AssemblyResolver.AddSearchDirectories: Adding more searchDirectories C:\Program Files\dotnet\sdk\7.0.401\Extensions,C:\Program Files\dotnet\sdk\7.0.401
TpTrace Information: 0 : 17056, 1, 2023/10/31, 13:48:11.197, 573707241241, vstest.console.dll, AssemblyResolver.AddSearchDirectories: Adding more searchDirectories C:\Program Files\dotnet\sdk\7.0.401\Extensions,C:\Program Files\dotnet\sdk\7.0.401
TpTrace Information: 0 : 17056, 1, 2023/10/31, 13:48:11.197, 573707241450, vstest.console.dll, AssemblyResolver.AddSearchDirectories: Adding more searchDirectories C:\Program Files\dotnet\sdk\7.0.401\Extensions,C:\Program Files\dotnet\sdk\7.0.401
TpTrace Information: 0 : 17056, 1, 2023/10/31, 13:48:11.197, 573707241637, vstest.console.dll, AssemblyResolver.AddSearchDirectories: Adding more searchDirectories C:\Program Files\dotnet\sdk\7.0.401\Extensions,C:\Program Files\dotnet\sdk\7.0.401
TpTrace Verbose: 0 : 17056, 1, 2023/10/31, 13:48:11.197, 573707242298, vstest.console.dll, MetadataReaderExtensionsHelper: Discovering extensions inside assembly 'Microsoft.Diagnostics.NETCore.Client, Version=0.2.8.21101, Culture=neutral, PublicKeyToken=31bf3856ad364e35' file path 'C:\Program Files\dotnet\sdk\7.0.401\Extensions\Microsoft.Diagnostics.NETCore.Client.dll'
TpTrace Information: 0 : 17056, 1, 2023/10/31, 13:48:11.198, 573707246696, vstest.console.dll, AssemblyResolver.OnResolve: Microsoft.Bcl.AsyncInterfaces: Resolving assembly.
TpTrace Information: 0 : 17056, 1, 2023/10/31, 13:48:11.198, 573707247049, vstest.console.dll, AssemblyResolver.OnResolve: Microsoft.Bcl.AsyncInterfaces: Resolved from cache.
TpTrace Verbose: 0 : 17056, 1, 2023/10/31, 13:48:11.198, 573707247236, vstest.console.dll, CurrentDomainAssemblyResolve: Resolving assembly 'Microsoft.Bcl.AsyncInterfaces'.
TpTrace Information: 0 : 17056, 1, 2023/10/31, 13:48:11.198, 573707247490, vstest.console.dll, AssemblyResolver.OnResolve: Microsoft.Bcl.AsyncInterfaces: Resolving assembly.
TpTrace Information: 0 : 17056, 1, 2023/10/31, 13:48:11.198, 573707247669, vstest.console.dll, AssemblyResolver.OnResolve: Microsoft.Bcl.AsyncInterfaces: Resolved from cache.
TpTrace Verbose: 0 : 17056, 1, 2023/10/31, 13:48:11.198, 573707247862, vstest.console.dll, CurrentDomainAssemblyResolve: Resolving assembly 'Microsoft.Bcl.AsyncInterfaces'.
TpTrace Verbose: 0 : 17056, 1, 2023/10/31, 13:48:11.198, 573707248020, vstest.console.dll, CurrentDomainAssemblyResolve: Failed to resolve assembly 'Microsoft.Bcl.AsyncInterfaces'.
TpTrace Verbose: 0 : 17056, 1, 2023/10/31, 13:48:11.198, 573707248996, vstest.console.dll, CurrentDomainAssemblyResolve: Failed to resolve assembly 'Microsoft.Bcl.AsyncInterfaces'.
TpTrace Warning: 0 : 17056, 1, 2023/10/31, 13:48:11.198, 573707251381, vstest.console.dll, TestPluginDiscoverer: Failed to get types from assembly 'Microsoft.Diagnostics.NETCore.Client, Version=0.2.8.21101, Culture=neutral, PublicKeyToken=31bf3856ad364e35'. Error: System.Reflection.ReflectionTypeLoadException: Unable to load one or more of the requested types.
Could not load file or assembly 'Microsoft.Bcl.AsyncInterfaces, Version=1.0.0.0, Culture=neutral, PublicKeyToken=cc7b13ffcd2ddd51'. Systemet finner ikke angitt fil.
   at System.Reflection.RuntimeModule.GetTypes(RuntimeModule module)
   at System.Reflection.Assembly.GetTypes()
   at Microsoft.VisualStudio.TestPlatform.Common.ExtensionFramework.TestPluginDiscoverer.GetTestExtensionsFromAssembly[TPluginInfo,TExtension](Assembly assembly, Dictionary`2 pluginInfos, String filePath) in /_/src/Microsoft.TestPlatform.Common/ExtensionFramework/TestPluginDiscoverer.cs:line 158
System.IO.FileNotFoundException: Could not load file or assembly 'Microsoft.Bcl.AsyncInterfaces, Version=1.0.0.0, Culture=neutral, PublicKeyToken=cc7b13ffcd2ddd51'. Systemet finner ikke angitt fil.
File name: 'Microsoft.Bcl.AsyncInterfaces, Version=1.0.0.0, Culture=neutral, PublicKeyToken=cc7b13ffcd2ddd51'
 ---> System.IO.FileNotFoundException: Could not load file or assembly 'Microsoft.Bcl.AsyncInterfaces, Culture=neutral, PublicKeyToken=null'. Systemet finner ikke angitt fil.
File name: 'Microsoft.Bcl.AsyncInterfaces, Culture=neutral, PublicKeyToken=null'
   at System.Reflection.RuntimeAssembly.InternalLoad(AssemblyName assemblyName, StackCrawlMark& stackMark, AssemblyLoadContext assemblyLoadContext, RuntimeAssembly requestingAssembly, Boolean throwOnFileNotFound)
   at System.Reflection.Assembly.Load(AssemblyName assemblyRef)
   at Microsoft.VisualStudio.TestPlatform.Common.ExtensionFramework.TestPluginCache.CurrentDomainAssemblyResolve(Object sender, AssemblyResolveEventArgs args) in /_/src/Microsoft.TestPlatform.Common/ExtensionFramework/TestPluginCache.cs:line 513
   at System.Runtime.Loader.AssemblyLoadContext.GetFirstResolvedAssemblyFromResolvingEvent(AssemblyName assemblyName)
   at System.Runtime.Loader.AssemblyLoadContext.ResolveUsingEvent(AssemblyName assemblyName)
   at System.Runtime.Loader.AssemblyLoadContext.ResolveUsingResolvingEvent(IntPtr gchManagedAssemblyLoadContext, AssemblyName assemblyName)
TpTrace Warning: 0 : 17056, 1, 2023/10/31, 13:48:11.198, 573707252426, vstest.console.dll, LoaderExceptions: System.IO.FileNotFoundException: Could not load file or assembly 'Microsoft.Bcl.AsyncInterfaces, Version=1.0.0.0, Culture=neutral, PublicKeyToken=cc7b13ffcd2ddd51'. Systemet finner ikke angitt fil.
File name: 'Microsoft.Bcl.AsyncInterfaces, Version=1.0.0.0, Culture=neutral, PublicKeyToken=cc7b13ffcd2ddd51'
 ---> System.IO.FileNotFoundException: Could not load file or assembly 'Microsoft.Bcl.AsyncInterfaces, Culture=neutral, PublicKeyToken=null'. Systemet finner ikke angitt fil.
File name: 'Microsoft.Bcl.AsyncInterfaces, Culture=neutral, PublicKeyToken=null'
   at System.Reflection.RuntimeAssembly.InternalLoad(AssemblyName assemblyName, StackCrawlMark& stackMark, AssemblyLoadContext assemblyLoadContext, RuntimeAssembly requestingAssembly, Boolean throwOnFileNotFound)
   at System.Reflection.Assembly.Load(AssemblyName assemblyRef)
   at Microsoft.VisualStudio.TestPlatform.Common.ExtensionFramework.TestPluginCache.CurrentDomainAssemblyResolve(Object sender, AssemblyResolveEventArgs args) in /_/src/Microsoft.TestPlatform.Common/ExtensionFramework/TestPluginCache.cs:line 513
   at System.Runtime.Loader.AssemblyLoadContext.GetFirstResolvedAssemblyFromResolvingEvent(AssemblyName assemblyName)
   at System.Runtime.Loader.AssemblyLoadContext.ResolveUsingEvent(AssemblyName assemblyName)
   at System.Runtime.Loader.AssemblyLoadContext.ResolveUsingResolvingEvent(IntPtr gchManagedAssemblyLoadContext, AssemblyName assemblyName)
TpTrace Verbose: 0 : 17056, 1, 2023/10/31, 13:48:11.198, 573707252989, vstest.console.dll, MetadataReaderExtensionsHelper: Discovering extensions inside assembly 'Microsoft.TestPlatform.Extensions.BlameDataCollector, Version=15.0.0.0, Culture=neutral, PublicKeyToken=b03f5f7f11d50a3a' file path 'C:\Program Files\dotnet\sdk\7.0.401\Extensions\Microsoft.TestPlatform.Extensions.BlameDataCollector.dll'
TpTrace Information: 0 : 17056, 1, 2023/10/31, 13:48:11.199, 573707255763, vstest.console.dll, GetTestExtensionFromType: Register extension with identifier data 'logger://Microsoft/TestPlatform/Extensions/Blame/v1' and type 'Microsoft.TestPlatform.Extensions.BlameDataCollector.BlameLogger, Microsoft.TestPlatform.Extensions.BlameDataCollector, Version=15.0.0.0, Culture=neutral, PublicKeyToken=b03f5f7f11d50a3a' inside file 'C:\Program Files\dotnet\sdk\7.0.401\Extensions\Microsoft.TestPlatform.Extensions.BlameDataCollector.dll'
TpTrace Verbose: 0 : 17056, 1, 2023/10/31, 13:48:11.199, 573707256209, vstest.console.dll, MetadataReaderExtensionsHelper: Discovering extensions inside assembly 'Microsoft.TestPlatform.Extensions.EventLogCollector, Version=15.0.0.0, Culture=neutral, PublicKeyToken=b03f5f7f11d50a3a' file path 'C:\Program Files\dotnet\sdk\7.0.401\Extensions\Microsoft.TestPlatform.Extensions.EventLogCollector.dll'
TpTrace Verbose: 0 : 17056, 1, 2023/10/31, 13:48:11.199, 573707258091, vstest.console.dll, MetadataReaderExtensionsHelper: Discovering extensions inside assembly 'Microsoft.TestPlatform.TestHostRuntimeProvider, Version=15.0.0.0, Culture=neutral, PublicKeyToken=b03f5f7f11d50a3a' file path 'C:\Program Files\dotnet\sdk\7.0.401\Extensions\Microsoft.TestPlatform.TestHostRuntimeProvider.dll'
TpTrace Verbose: 0 : 17056, 1, 2023/10/31, 13:48:11.199, 573707260079, vstest.console.dll, MetadataReaderExtensionsHelper: Discovering extensions inside assembly 'Microsoft.VisualStudio.TestPlatform.Extensions.Html.TestLogger, Version=15.0.0.0, Culture=neutral, PublicKeyToken=b03f5f7f11d50a3a' file path 'C:\Program Files\dotnet\sdk\7.0.401\Extensions\Microsoft.VisualStudio.TestPlatform.Extensions.Html.TestLogger.dll'
TpTrace Information: 0 : 17056, 1, 2023/10/31, 13:48:11.199, 573707263230, vstest.console.dll, GetTestExtensionFromType: Register extension with identifier data 'logger://Microsoft/TestPlatform/HtmlLogger/v1' and type 'Microsoft.VisualStudio.TestPlatform.Extensions.HtmlLogger.HtmlLogger, Microsoft.VisualStudio.TestPlatform.Extensions.Html.TestLogger, Version=15.0.0.0, Culture=neutral, PublicKeyToken=b03f5f7f11d50a3a' inside file 'C:\Program Files\dotnet\sdk\7.0.401\Extensions\Microsoft.VisualStudio.TestPlatform.Extensions.Html.TestLogger.dll'
TpTrace Verbose: 0 : 17056, 1, 2023/10/31, 13:48:11.199, 573707263676, vstest.console.dll, MetadataReaderExtensionsHelper: Discovering extensions inside assembly 'Microsoft.VisualStudio.TestPlatform.Extensions.Trx.TestLogger, Version=15.0.0.0, Culture=neutral, PublicKeyToken=b03f5f7f11d50a3a' file path 'C:\Program Files\dotnet\sdk\7.0.401\Extensions\Microsoft.VisualStudio.TestPlatform.Extensions.Trx.TestLogger.dll'
TpTrace Information: 0 : 17056, 1, 2023/10/31, 13:48:11.200, 573707266018, vstest.console.dll, GetTestExtensionFromType: Register extension with identifier data 'logger://Microsoft/TestPlatform/TrxLogger/v1' and type 'Microsoft.VisualStudio.TestPlatform.Extensions.TrxLogger.TrxLogger, Microsoft.VisualStudio.TestPlatform.Extensions.Trx.TestLogger, Version=15.0.0.0, Culture=neutral, PublicKeyToken=b03f5f7f11d50a3a' inside file 'C:\Program Files\dotnet\sdk\7.0.401\Extensions\Microsoft.VisualStudio.TestPlatform.Extensions.Trx.TestLogger.dll'
TpTrace Verbose: 0 : 17056, 1, 2023/10/31, 13:48:11.200, 573707266627, vstest.console.dll, TestPluginCache: Discovered the extensions using extension path ''.
TpTrace Verbose: 0 : 17056, 1, 2023/10/31, 13:48:11.200, 573707266839, vstest.console.dll, TestPluginCache: Discoverers are ''.
TpTrace Verbose: 0 : 17056, 1, 2023/10/31, 13:48:11.200, 573707266995, vstest.console.dll, TestPluginCache: Executors are ''.
TpTrace Verbose: 0 : 17056, 1, 2023/10/31, 13:48:11.200, 573707267150, vstest.console.dll, TestPluginCache: Executors2 are ''.
TpTrace Verbose: 0 : 17056, 1, 2023/10/31, 13:48:11.200, 573707267300, vstest.console.dll, TestPluginCache: Setting providers are ''.
TpTrace Verbose: 0 : 17056, 1, 2023/10/31, 13:48:11.200, 573707267716, vstest.console.dll, TestPluginCache: Loggers are 'logger://Microsoft/TestPlatform/Extensions/Blame/v1,logger://Microsoft/TestPlatform/HtmlLogger/v1,logger://Microsoft/TestPlatform/TrxLogger/v1'.
TpTrace Verbose: 0 : 17056, 1, 2023/10/31, 13:48:11.200, 573707268016, vstest.console.dll, TestPluginCache: TestHosts are 'HostProvider://DefaultTestHost,HostProvider://DotnetTestHost'.
TpTrace Verbose: 0 : 17056, 1, 2023/10/31, 13:48:11.200, 573707268207, vstest.console.dll, TestPluginCache: DataCollectors are ''.
TpTrace Information: 0 : 17056, 1, 2023/10/31, 13:48:11.200, 573707273455, vstest.console.dll, TestPluginManager.CreateTestExtension: Attempting to load test extension: Microsoft.TestPlatform.Extensions.BlameDataCollector.BlameLogger
TpTrace Verbose: 0 : 17056, 1, 2023/10/31, 13:48:11.205, 573707319982, vstest.console.dll, TestEngine: Initializing Parallel Execution as MaxCpuCount is set to: 1
TpTrace Information: 0 : 17056, 1, 2023/10/31, 13:48:11.206, 573707330516, vstest.console.dll, TestPluginManager.CreateTestExtension: Attempting to load test extension: Microsoft.VisualStudio.TestPlatform.CrossPlatEngine.Hosting.DefaultTestHostManager
TpTrace Information: 0 : 17056, 1, 2023/10/31, 13:48:11.207, 573707334922, vstest.console.dll, TestPluginManager.CreateTestExtension: Attempting to load test extension: Microsoft.VisualStudio.TestPlatform.CrossPlatEngine.Hosting.DotnetTestHostManager
TpTrace Information: 0 : 17056, 1, 2023/10/31, 13:48:11.207, 573707338789, vstest.console.dll, InferRunSettingsHelper.IsTestSettingsEnabled: Unable to navigate to RunSettings/MSTest. Current node: RunSettings
TpTrace Verbose: 0 : 17056, 1, 2023/10/31, 13:48:11.207, 573707342522, vstest.console.dll, ParallelOperationManager.ClearSlots: Clearing all slots. Slots should accept more work: True
TpTrace Verbose: 0 : 17056, 1, 2023/10/31, 13:48:11.208, 573707346963, vstest.console.dll, ParallelOperationManager.SetOccupiedSlotCount: Setting slot counts AvailableSlotCount = 1, OccupiedSlotCount = 0.
TpTrace Verbose: 0 : 17056, 1, 2023/10/31, 13:48:11.208, 573707349635, vstest.console.dll, Occupied slots:

TpTrace Verbose: 0 : 17056, 1, 2023/10/31, 13:48:11.210, 573707371160, vstest.console.dll, TestEngine.GetExecutionManager: Chosen execution manager 'Microsoft.VisualStudio.TestPlatform.CrossPlatEngine.Client.Parallel.ParallelProxyExecutionManager, Microsoft.TestPlatform.CrossPlatEngine, Version=15.0.0.0, Culture=neutral, PublicKeyToken=b03f5f7f11d50a3a' ParallelLevel '1'.
TpTrace Verbose: 0 : 17056, 1, 2023/10/31, 13:48:11.210, 573707372011, vstest.console.dll, TestRunRequest.ExecuteAsync: Creating test run request.
TpTrace Verbose: 0 : 17056, 1, 2023/10/31, 13:48:11.210, 573707373430, vstest.console.dll, TestRunRequest.ExecuteAsync: Starting.
TpTrace Information: 0 : 17056, 1, 2023/10/31, 13:48:11.211, 573707375002, vstest.console.dll, TestRunRequest.ExecuteAsync: Starting run with settings:TestRunCriteria:
   KeepAlive=False,FrequencyOfRunStatsChangeEvent=10,RunStatsChangeEventTimeout=00:00:01.5000000,TestCaseFilter=,TestExecutorLauncher=
   Settingsxml=<RunSettings>
  <RunConfiguration>
    <ResultsDirectory>D:\Users\lmoph\OneDrive\Skrivebord\github repos\software-utvikling\lecture1-2\consoleApp\consoleApp.UnitTest\bin\Debug\net7.0\fine-code-coverage\coverage-tool-output</ResultsDirectory>
    <TargetPlatform>X64</TargetPlatform>
    <TargetFrameworkVersion>.NETCoreApp,Version=v7.0</TargetFrameworkVersion>
    <DesignMode>False</DesignMode>
    <CollectSourceInformation>False</CollectSourceInformation>
  </RunConfiguration>
  <LoggerRunSettings>
    <Loggers>
      <Logger friendlyName="blame" enabled="True" />
      <Logger friendlyName="Console" uri="logger://microsoft/TestPlatform/ConsoleLogger/v1" assemblyQualifiedName="Microsoft.VisualStudio.TestPlatform.CommandLine.Internal.ConsoleLogger, vstest.console, Version=15.0.0.0, Culture=neutral, PublicKeyToken=b03f5f7f11d50a3a" codeBase="C:\Program Files\dotnet\sdk\7.0.401\vstest.console.dll" enabled="True" />
    </Loggers>
  </LoggerRunSettings>
  <DataCollectionRunSettings>
    <DataCollectors>
      <DataCollector friendlyName="blame" enabled="True">
        <Configuration>
          <ResultsDirectory>D:\Users\lmoph\OneDrive\Skrivebord\github repos\software-utvikling\lecture1-2\consoleApp\consoleApp.UnitTest\bin\Debug\net7.0\fine-code-coverage\coverage-tool-output</ResultsDirectory>
        </Configuration>
      </DataCollector>
    </DataCollectors>
  </DataCollectionRunSettings>
</RunSettings>

TpTrace Verbose: 0 : 17056, 1, 2023/10/31, 13:48:11.211, 573707375379, vstest.console.dll, TestRunRequest.ExecuteAsync: Wait for the first run request is over.
TpTrace Verbose: 0 : 17056, 1, 2023/10/31, 13:48:11.211, 573707377059, vstest.console.dll, MulticastDelegateUtilities.SafeInvoke: TestRun.TestRunStart: Invoking callbacks was skipped because there are no subscribers.
TpTrace Verbose: 0 : 17056, 4, 2023/10/31, 13:48:11.211, 573707379494, vstest.console.dll, MulticastDelegateUtilities.SafeInvoke: InternalTestLoggerEvents.SendTestRunStart: Invoking callback 1/1 for Microsoft.VisualStudio.TestPlatform.CommandLine.Internal.ConsoleLogger., took 0 ms.
TpTrace Verbose: 0 : 17056, 1, 2023/10/31, 13:48:11.212, 573707385322, vstest.console.dll, ParallelProxyExecutionManager: Start execution. Total sources: 1
TpTrace Verbose: 0 : 17056, 1, 2023/10/31, 13:48:11.212, 573707387716, vstest.console.dll, ParallelOperationManager.StartWork: Starting adding 1 workloads.
TpTrace Verbose: 0 : 17056, 1, 2023/10/31, 13:48:11.212, 573707388465, vstest.console.dll, ParallelOperationManager.ClearSlots: Clearing all slots. Slots should accept more work: True
TpTrace Verbose: 0 : 17056, 1, 2023/10/31, 13:48:11.212, 573707388961, vstest.console.dll, ParallelOperationManager.SetOccupiedSlotCount: Setting slot counts AvailableSlotCount = 1, OccupiedSlotCount = 0.
TpTrace Verbose: 0 : 17056, 1, 2023/10/31, 13:48:11.212, 573707389216, vstest.console.dll, Occupied slots:

TpTrace Verbose: 0 : 17056, 1, 2023/10/31, 13:48:11.213, 573707398157, vstest.console.dll, TestRequestSender is acting as server.
TpTrace Verbose: 0 : 17056, 1, 2023/10/31, 13:48:11.214, 573707405353, vstest.console.dll, ParallelOperationManager.RunWorkInParallel: Adding 1 workload to slot, remaining workloads 0.
TpTrace Verbose: 0 : 17056, 1, 2023/10/31, 13:48:11.214, 573707405749, vstest.console.dll, ParallelOperationManager.SetOccupiedSlotCount: Setting slot counts AvailableSlotCount = 0, OccupiedSlotCount = 1.
TpTrace Verbose: 0 : 17056, 1, 2023/10/31, 13:48:11.214, 573707406461, vstest.console.dll, Occupied slots:
0: D:\Users\lmoph\OneDrive\Skrivebord\github repos\software-utvikling\lecture1-2\consoleApp\consoleApp.UnitTest\bin\Debug\net7.0\fine-code-coverage\build-output\consoleApp.UnitTest.dll
TpTrace Verbose: 0 : 17056, 1, 2023/10/31, 13:48:11.214, 573707413877, vstest.console.dll, ParallelOperationManager.RunWorkInParallel: Started host in slot number 0 for work (source): D:\Users\lmoph\OneDrive\Skrivebord\github repos\software-utvikling\lecture1-2\consoleApp\consoleApp.UnitTest\bin\Debug\net7.0\fine-code-coverage\build-output\consoleApp.UnitTest.dll.
TpTrace Verbose: 0 : 17056, 1, 2023/10/31, 13:48:11.215, 573707419670, vstest.console.dll, ParallelOperationManager.RunWorkInParallel: We started 1 work items, which is the max parallel level. Won't start more work.
TpTrace Verbose: 0 : 17056, 1, 2023/10/31, 13:48:11.215, 573707420134, vstest.console.dll, ParallelOperationManager.RunWorkInParallel: We started 1 work items in here, returning True.
TpTrace Information: 0 : 17056, 1, 2023/10/31, 13:48:11.215, 573707420353, vstest.console.dll, TestRunRequest.ExecuteAsync: Started.
TpTrace Verbose: 0 : 17056, 1, 2023/10/31, 13:48:11.215, 573707420748, vstest.console.dll, TestRunRequest.WaitForCompletion: Waiting with timeout -1.
TpTrace Verbose: 0 : 17056, 5, 2023/10/31, 13:48:11.215, 573707421662, vstest.console.dll, ParallelProxyExecutionManager.StartTestRunOnConcurrentManager: Initializing uninitialized client. Started clients: 0
TpTrace Verbose: 0 : 17056, 5, 2023/10/31, 13:48:11.215, 573707422794, vstest.console.dll, DataCollectionRequestSender.InitializeCommunication : Initialize communication. 
TpTrace Information: 0 : 17056, 5, 2023/10/31, 13:48:11.218, 573707452186, vstest.console.dll, Listening on Endpoint : 127.0.0.1:64262
TpTrace Verbose: 0 : 17056, 5, 2023/10/31, 13:48:11.223, 573707498416, vstest.console.dll, DotnetDataCollectionLauncher: Adding  --runtimeconfig "C:\Program Files\dotnet\sdk\7.0.401\datacollector.runtimeconfig.json" in args
TpTrace Verbose: 0 : 17056, 5, 2023/10/31, 13:48:11.223, 573707499159, vstest.console.dll, DotnetDataCollectionLauncher: Adding  --depsfile "C:\Program Files\dotnet\sdk\7.0.401\datacollector.deps.json" in args
TpTrace Verbose: 0 : 17056, 5, 2023/10/31, 13:48:11.223, 573707500225, vstest.console.dll, DotnetDataCollectionLauncher: Full path of dotnet.exe is C:\Program Files\dotnet\dotnet.exe
TpTrace Information: 0 : 17056, 5, 2023/10/31, 13:48:11.227, 573707540201, vstest.console.dll, ProxyDataCollectionManager.Initialize: Launched datacollector processId: 23484 port: 64262
TpTrace Information: 0 : 17056, 5, 2023/10/31, 13:48:11.227, 573707540862, vstest.console.dll, ProxyDataCollectionManager.Initialize: waiting for connection with timeout: 90 seconds
TpTrace Verbose: 0 : 17056, 5, 2023/10/31, 13:48:11.227, 573707541137, vstest.console.dll, DataCollectionRequestSender.WaitForRequestHandlerConnection : Waiting for connection with timeout: 90000
TpTrace Information: 0 : 17056, 7, 2023/10/31, 13:48:11.319, 573708458792, vstest.console.dll, Using the buffer size of 16384 bytes
TpTrace Verbose: 0 : 17056, 5, 2023/10/31, 13:48:11.319, 573708458874, vstest.console.dll, SocketCommunicationManager.WaitForClientConnection took: 91 ms, with 90000 ms timeout, and finished with True.
TpTrace Information: 0 : 17056, 7, 2023/10/31, 13:48:11.319, 573708459696, vstest.console.dll, Accepted Client request and set the flag
TpTrace Verbose: 0 : 17056, 5, 2023/10/31, 13:48:11.319, 573708460417, vstest.console.dll, ProxyDataCollectionManager.InvokeDataCollectionServiceAction: Starting.
TpTrace Information: 0 : 17056, 5, 2023/10/31, 13:48:11.319, 573708460953, vstest.console.dll, ProxyDataCollectionManager.BeforeTestRunStart: Get environment variable and port for datacollector processId: 23484 port: 64262
TpTrace Verbose: 0 : 17056, 5, 2023/10/31, 13:48:11.319, 573708461603, vstest.console.dll, DataCollectionRequestSender.SendBeforeTestRunStartAndGetResult: Send BeforeTestRunStart message with settingsXml <RunSettings><RunConfiguration><ResultsDirectory>D:\Users\lmoph\OneDrive\Skrivebord\github repos\software-utvikling\lecture1-2\consoleApp\consoleApp.UnitTest\bin\Debug\net7.0\fine-code-coverage\coverage-tool-output</ResultsDirectory><TargetPlatform>X64</TargetPlatform><TargetFrameworkVersion>.NETCoreApp,Version=v7.0</TargetFrameworkVersion><DesignMode>False</DesignMode><CollectSourceInformation>False</CollectSourceInformation><TestAdaptersPaths>C:\Program Files\dotnet\sdk\7.0.401\Extensions</TestAdaptersPaths></RunConfiguration><LoggerRunSettings><Loggers><Logger friendlyName="blame" enabled="True" /><Logger friendlyName="Console" uri="logger://microsoft/TestPlatform/ConsoleLogger/v1" assemblyQualifiedName="Microsoft.VisualStudio.TestPlatform.CommandLine.Internal.ConsoleLogger, vstest.console, Version=15.0.0.0, Culture=neutral, PublicKeyToken=b03f5f7f11d50a3a" codeBase="C:\Program Files\dotnet\sdk\7.0.401\vstest.console.dll" enabled="True" /></Loggers></LoggerRunSettings><DataCollectionRunSettings><DataCollectors><DataCollector friendlyName="blame" enabled="True"><Configuration><ResultsDirectory>D:\Users\lmoph\OneDrive\Skrivebord\github repos\software-utvikling\lecture1-2\consoleApp\consoleApp.UnitTest\bin\Debug\net7.0\fine-code-coverage\coverage-tool-output</ResultsDirectory></Configuration></DataCollector></DataCollectors></DataCollectionRunSettings></RunSettings> and sources System.Collections.Generic.List`1[System.String]: 
TpTrace Verbose: 0 : 17056, 5, 2023/10/31, 13:48:11.371, 573708980953, vstest.console.dll, DataCollectionRequestSender.SendBeforeTestRunStartAndGetResult: Received message: (DataCollection.SendMessage) -> {"MessageType":"DataCollection.SendMessage","Payload":{"FriendlyName":null,"Uri":null,"TestCaseId":"00000000-0000-0000-0000-000000000000","Message":"Logging DataCollector Diagnostics in file: D:\\Users\\lmoph\\OneDrive\\Skrivebord\\github repos\\software-utvikling\\lecture1-2\\consoleApp\\consoleApp.UnitTest\\bin\\Debug\\net7.0\\fine-code-coverage\\coverage-tool-output\\diagnostics.datacollector.23-10-31_13-48-11_22328_5.log","Level":0}}
TpTrace Verbose: 0 : 17056, 5, 2023/10/31, 13:48:11.426, 573709527743, vstest.console.dll, DataCollectionRequestSender.SendBeforeTestRunStartAndGetResult: Received message: (DataCollection.BeforeTestRunStartResult) -> {"MessageType":"DataCollection.BeforeTestRunStartResult","Payload":{"EnvironmentVariables":{},"DataCollectionEventsPort":64264}}
TpTrace Information: 0 : 17056, 5, 2023/10/31, 13:48:11.429, 573709562738, vstest.console.dll, ProxyDataCollectionManager.BeforeTestRunStart: SendBeforeTestRunStartAndGetResult successful, env variable from datacollector:   and testhost port: 64264
TpTrace Information: 0 : 17056, 5, 2023/10/31, 13:48:11.429, 573709563512, vstest.console.dll, ProxyDataCollectionManager.InvokeDataCollectionServiceAction: Completed.
TpTrace Verbose: 0 : 17056, 5, 2023/10/31, 13:48:11.429, 573709563755, vstest.console.dll, ParallelProxyExecutionManager.StartTestRunOnConcurrentManager: Initializing test run. Started clients: 0
TpTrace Verbose: 0 : 17056, 5, 2023/10/31, 13:48:11.430, 573709564432, vstest.console.dll, ProxyExecutionManager: Test host is always Lazy initialize.
TpTrace Verbose: 0 : 17056, 5, 2023/10/31, 13:48:11.430, 573709566058, vstest.console.dll, TestRequestSender.InitializeCommunication: initialize communication. 
TpTrace Information: 0 : 17056, 5, 2023/10/31, 13:48:11.430, 573709569920, vstest.console.dll, SocketServer.Start: Listening on endpoint : 127.0.0.1:64265
TpTrace Verbose: 0 : 17056, 5, 2023/10/31, 13:48:11.431, 573709575334, vstest.console.dll, DotnetTestHostmanager.GetTestHostProcessStartInfo: Platform environment 'X64' target architecture 'X64' framework '.NETCoreApp,Version=v7.0' OS 'Windows'
TpTrace Verbose: 0 : 17056, 5, 2023/10/31, 13:48:11.431, 573709577077, vstest.console.dll, DotnetTestHostmanager: Adding  --runtimeconfig "D:\Users\lmoph\OneDrive\Skrivebord\github repos\software-utvikling\lecture1-2\consoleApp\consoleApp.UnitTest\bin\Debug\net7.0\fine-code-coverage\build-output\consoleApp.UnitTest.runtimeconfig.json" in args
TpTrace Verbose: 0 : 17056, 5, 2023/10/31, 13:48:11.431, 573709577770, vstest.console.dll, DotnetTestHostmanager: Adding  --depsfile "D:\Users\lmoph\OneDrive\Skrivebord\github repos\software-utvikling\lecture1-2\consoleApp\consoleApp.UnitTest\bin\Debug\net7.0\fine-code-coverage\build-output\consoleApp.UnitTest.deps.json" in args
TpTrace Verbose: 0 : 17056, 5, 2023/10/31, 13:48:11.431, 573709579035, vstest.console.dll, DotnetTestHostmanager.IsWinOnArm: Current PROCESSOR_ARCHITECTURE from environment variable 'AMD64'
TpTrace Verbose: 0 : 17056, 5, 2023/10/31, 13:48:11.431, 573709579430, vstest.console.dll, DotnetTestHostmanager.IsWinOnArm: Is Windows on ARM 'False'
TpTrace Verbose: 0 : 17056, 5, 2023/10/31, 13:48:11.431, 573709580074, vstest.console.dll, DotnetTestHostManager: testhost.exe found at path: D:\Users\lmoph\OneDrive\Skrivebord\github repos\software-utvikling\lecture1-2\consoleApp\consoleApp.UnitTest\bin\Debug\net7.0\fine-code-coverage\build-output\testhost.exe
TpTrace Verbose: 0 : 17056, 5, 2023/10/31, 13:48:11.431, 573709580368, vstest.console.dll, DotnetTestHostmanager: Full path of host exe is D:\Users\lmoph\OneDrive\Skrivebord\github repos\software-utvikling\lecture1-2\consoleApp\consoleApp.UnitTest\bin\Debug\net7.0\fine-code-coverage\build-output\testhost.exe
TpTrace Verbose: 0 : 17056, 5, 2023/10/31, 13:48:11.431, 573709581248, vstest.console.dll, DotnetTestHostmanager.LaunchTestHostAsync: Found 'VSTEST_WINAPPHOST_DOTNET_ROOT' in env variables, value 'C:\Program Files\dotnet', forwarding to 'DOTNET_ROOT'
TpTrace Verbose: 0 : 17056, 5, 2023/10/31, 13:48:11.431, 573709582332, vstest.console.dll, DotnetTestHostManager: Starting process 'D:\Users\lmoph\OneDrive\Skrivebord\github repos\software-utvikling\lecture1-2\consoleApp\consoleApp.UnitTest\bin\Debug\net7.0\fine-code-coverage\build-output\testhost.exe' with command line ' --runtimeconfig "D:\Users\lmoph\OneDrive\Skrivebord\github repos\software-utvikling\lecture1-2\consoleApp\consoleApp.UnitTest\bin\Debug\net7.0\fine-code-coverage\build-output\consoleApp.UnitTest.runtimeconfig.json" --depsfile "D:\Users\lmoph\OneDrive\Skrivebord\github repos\software-utvikling\lecture1-2\consoleApp\consoleApp.UnitTest\bin\Debug\net7.0\fine-code-coverage\build-output\consoleApp.UnitTest.deps.json" --port 64265 --endpoint 127.0.0.1:064265 --role client --parentprocessid 17056 --diag "D:\Users\lmoph\OneDrive\Skrivebord\github repos\software-utvikling\lecture1-2\consoleApp\consoleApp.UnitTest\bin\Debug\net7.0\fine-code-coverage\coverage-tool-output\diagnostics.host.23-10-31_13-48-11_43085_5.log" --tracelevel 4 --datacollectionport 64264 --telemetryoptedin false'
TpTrace Verbose: 0 : 17056, 5, 2023/10/31, 13:48:11.444, 573709712684, vstest.console.dll, MulticastDelegateUtilities.SafeInvoke: HostProviderEvents.OnHostLaunched: Invoking callback 1/2 for Microsoft.VisualStudio.TestPlatform.CrossPlatEngine.Client.ProxyExecutionManagerWithDataCollection., took 0 ms.
TpTrace Verbose: 0 : 17056, 5, 2023/10/31, 13:48:11.445, 573709714370, vstest.console.dll, Test Runtime launched
TpTrace Verbose: 0 : 17056, 5, 2023/10/31, 13:48:11.445, 573709714757, vstest.console.dll, MulticastDelegateUtilities.SafeInvoke: HostProviderEvents.OnHostLaunched: Invoking callback 2/2 for Microsoft.VisualStudio.TestPlatform.CrossPlatEngine.Client.ProxyOperationManager., took 0 ms.
TpTrace Verbose: 0 : 17056, 5, 2023/10/31, 13:48:11.445, 573709715700, vstest.console.dll, TestRequestSender.WaitForRequestHandlerConnection: waiting for connection with timeout: 90000.
TpTrace Verbose: 0 : 17056, 7, 2023/10/31, 13:48:11.711, 573712382470, vstest.console.dll, MulticastDelegateUtilities.SafeInvoke: SocketServer: ClientConnected: Invoking callback 1/1 for Microsoft.VisualStudio.TestPlatform.CommunicationUtilities.TestRequestSender., took 0 ms.
TpTrace Verbose: 0 : 17056, 7, 2023/10/31, 13:48:11.711, 573712383473, vstest.console.dll, SocketServer.OnClientConnected: Client connected for endPoint: 127.0.0.1:64265, starting MessageLoopAsync:
TpTrace Verbose: 0 : 17056, 5, 2023/10/31, 13:48:11.711, 573712382473, vstest.console.dll, TestRequestSender.WaitForRequestHandlerConnection: waiting took 266 ms, with timeout 90000 ms, and result 0, which is success.
TpTrace Verbose: 0 : 17056, 7, 2023/10/31, 13:48:11.712, 573712384893, vstest.console.dll, TcpClientExtensions.MessageLoopAsync: Polling on remoteEndPoint: 127.0.0.1:64266 localEndPoint: 127.0.0.1:64265
TpTrace Verbose: 0 : 17056, 5, 2023/10/31, 13:48:11.712, 573712391268, vstest.console.dll, TestRequestSender.CheckVersionWithTestHost: Sending check version message: {"MessageType":"ProtocolVersion","Payload":7}
TpTrace Verbose: 0 : 17056, 7, 2023/10/31, 13:48:11.799, 573713256756, vstest.console.dll, TcpClientExtensions.MessageLoopAsync: NotifyDataAvailable remoteEndPoint: 127.0.0.1:64266 localEndPoint: 127.0.0.1:64265
TpTrace Verbose: 0 : 17056, 7, 2023/10/31, 13:48:11.799, 573713258411, vstest.console.dll, TestRequestSender.CheckVersionWithTestHost: onMessageReceived received message: (ProtocolVersion) -> {"MessageType":"ProtocolVersion","Payload":7}
TpTrace Verbose: 0 : 17056, 7, 2023/10/31, 13:48:11.799, 573713263140, vstest.console.dll, MulticastDelegateUtilities.SafeInvoke: LengthPrefixCommunicationChannel: MessageReceived: Invoking callback 1/1 for Microsoft.VisualStudio.TestPlatform.CommunicationUtilities.TestRequestSender+<>c__DisplayClass29_0., took 0 ms.
TpTrace Verbose: 0 : 17056, 7, 2023/10/31, 13:48:11.799, 573713263811, vstest.console.dll, TcpClientExtensions.MessageLoopAsync: Polling on remoteEndPoint: 127.0.0.1:64266 localEndPoint: 127.0.0.1:64265
TpTrace Verbose: 0 : 17056, 5, 2023/10/31, 13:48:11.800, 573713264065, vstest.console.dll, TestPluginCache.GetExtensionPaths: Filtered extension paths: 
TpTrace Verbose: 0 : 17056, 5, 2023/10/31, 13:48:11.800, 573713265353, vstest.console.dll, TestPluginCache.GetExtensionPaths: Added default extension paths: C:\Program Files\dotnet\sdk\7.0.401\Extensions\Microsoft.Diagnostics.NETCore.Client.dll
C:\Program Files\dotnet\sdk\7.0.401\Extensions\Microsoft.TestPlatform.Extensions.BlameDataCollector.dll
C:\Program Files\dotnet\sdk\7.0.401\Extensions\Microsoft.TestPlatform.Extensions.EventLogCollector.dll
C:\Program Files\dotnet\sdk\7.0.401\Extensions\Microsoft.TestPlatform.TestHostRuntimeProvider.dll
C:\Program Files\dotnet\sdk\7.0.401\Extensions\Microsoft.VisualStudio.TestPlatform.Extensions.Html.TestLogger.dll
C:\Program Files\dotnet\sdk\7.0.401\Extensions\Microsoft.VisualStudio.TestPlatform.Extensions.Trx.TestLogger.dll
TpTrace Verbose: 0 : 17056, 5, 2023/10/31, 13:48:11.800, 573713265620, vstest.console.dll, TestPluginCache.GetExtensionPaths: Added unfilterableExtensionPaths: 
TpTrace Verbose: 0 : 17056, 5, 2023/10/31, 13:48:11.802, 573713290014, vstest.console.dll, TestRequestSender.InitializeExecution: Sending initialize execution with message: {"Version":7,"MessageType":"TestExecution.Initialize","Payload":["D:\\Users\\lmoph\\OneDrive\\Skrivebord\\github repos\\software-utvikling\\lecture1-2\\consoleApp\\consoleApp.UnitTest\\bin\\Debug\\net7.0\\fine-code-coverage\\build-output\\NUnit3.TestAdapter.dll"]}
TpTrace Verbose: 0 : 17056, 5, 2023/10/31, 13:48:11.802, 573713291442, vstest.console.dll, ParallelProxyExecutionManager.StartTestRunOnConcurrentManager: Execution starting. Started clients: 1
TpTrace Verbose: 0 : 17056, 5, 2023/10/31, 13:48:11.802, 573713293474, vstest.console.dll, TestRunRequest:SendTestRunMessage: Starting.
TpTrace Verbose: 0 : 17056, 5, 2023/10/31, 13:48:11.803, 573713294507, vstest.console.dll, MulticastDelegateUtilities.SafeInvoke: TestRun.LogMessages: Invoking callback 1/1 for Microsoft.VisualStudio.TestPlatform.CommandLine.TestRunResultAggregator., took 0 ms.
TpTrace Information: 0 : 17056, 5, 2023/10/31, 13:48:11.803, 573713294790, vstest.console.dll, TestRunRequest:SendTestRunMessage: Completed.
TpTrace Verbose: 0 : 17056, 7, 2023/10/31, 13:48:11.803, 573713295443, vstest.console.dll, TcpClientExtensions.MessageLoopAsync: NotifyDataAvailable remoteEndPoint: 127.0.0.1:64266 localEndPoint: 127.0.0.1:64265
TpTrace Verbose: 0 : 17056, 7, 2023/10/31, 13:48:11.803, 573713296472, vstest.console.dll, LengthPrefixCommunicationChannel.NotifyDataAvailable: New data are waiting to be received, but there is no subscriber to be notified. Not reading them from the stream.
TpTrace Verbose: 0 : 17056, 7, 2023/10/31, 13:48:11.803, 573713296829, vstest.console.dll, TcpClientExtensions.MessageLoopAsync: Polling on remoteEndPoint: 127.0.0.1:64266 localEndPoint: 127.0.0.1:64265
TpTrace Verbose: 0 : 17056, 4, 2023/10/31, 13:48:11.803, 573713296819, vstest.console.dll, MulticastDelegateUtilities.SafeInvoke: InternalTestLoggerEvents.SendTestRunMessage: Invoking callback 1/1 for Microsoft.VisualStudio.TestPlatform.CommandLine.Internal.ConsoleLogger., took 0 ms.
TpTrace Verbose: 0 : 17056, 7, 2023/10/31, 13:48:11.803, 573713297160, vstest.console.dll, TcpClientExtensions.MessageLoopAsync: NotifyDataAvailable remoteEndPoint: 127.0.0.1:64266 localEndPoint: 127.0.0.1:64265
TpTrace Verbose: 0 : 17056, 7, 2023/10/31, 13:48:11.803, 573713297959, vstest.console.dll, LengthPrefixCommunicationChannel.NotifyDataAvailable: New data are waiting to be received, but there is no subscriber to be notified. Not reading them from the stream.
TpTrace Warning: 0 : 17056, 5, 2023/10/31, 13:48:11.803, 573713298548, vstest.console.dll, InferRunSettingsHelper.MakeRunsettingsCompatible: Removing the following settings: TargetPlatform from RunSettings file. To use those settings please move to latest version of Microsoft.NET.Test.Sdk
TpTrace Verbose: 0 : 17056, 7, 2023/10/31, 13:48:11.803, 573713298716, vstest.console.dll, TcpClientExtensions.MessageLoopAsync: Polling on remoteEndPoint: 127.0.0.1:64266 localEndPoint: 127.0.0.1:64265
TpTrace Verbose: 0 : 17056, 7, 2023/10/31, 13:48:11.803, 573713299724, vstest.console.dll, TcpClientExtensions.MessageLoopAsync: NotifyDataAvailable remoteEndPoint: 127.0.0.1:64266 localEndPoint: 127.0.0.1:64265
TpTrace Verbose: 0 : 17056, 7, 2023/10/31, 13:48:11.803, 573713299966, vstest.console.dll, LengthPrefixCommunicationChannel.NotifyDataAvailable: New data are waiting to be received, but there is no subscriber to be notified. Not reading them from the stream.
TpTrace Verbose: 0 : 17056, 7, 2023/10/31, 13:48:11.803, 573713300154, vstest.console.dll, TcpClientExtensions.MessageLoopAsync: Polling on remoteEndPoint: 127.0.0.1:64266 localEndPoint: 127.0.0.1:64265
TpTrace Verbose: 0 : 17056, 7, 2023/10/31, 13:48:11.803, 573713300359, vstest.console.dll, TcpClientExtensions.MessageLoopAsync: NotifyDataAvailable remoteEndPoint: 127.0.0.1:64266 localEndPoint: 127.0.0.1:64265
TpTrace Verbose: 0 : 17056, 7, 2023/10/31, 13:48:11.803, 573713300624, vstest.console.dll, LengthPrefixCommunicationChannel.NotifyDataAvailable: New data are waiting to be received, but there is no subscriber to be notified. Not reading them from the stream.
TpTrace Verbose: 0 : 17056, 7, 2023/10/31, 13:48:11.803, 573713301017, vstest.console.dll, TcpClientExtensions.MessageLoopAsync: Polling on remoteEndPoint: 127.0.0.1:64266 localEndPoint: 127.0.0.1:64265
TpTrace Verbose: 0 : 17056, 7, 2023/10/31, 13:48:11.803, 573713301248, vstest.console.dll, TcpClientExtensions.MessageLoopAsync: NotifyDataAvailable remoteEndPoint: 127.0.0.1:64266 localEndPoint: 127.0.0.1:64265
TpTrace Verbose: 0 : 17056, 7, 2023/10/31, 13:48:11.803, 573713301426, vstest.console.dll, LengthPrefixCommunicationChannel.NotifyDataAvailable: New data are waiting to be received, but there is no subscriber to be notified. Not reading them from the stream.
TpTrace Verbose: 0 : 17056, 7, 2023/10/31, 13:48:11.803, 573713301674, vstest.console.dll, TcpClientExtensions.MessageLoopAsync: Polling on remoteEndPoint: 127.0.0.1:64266 localEndPoint: 127.0.0.1:64265
TpTrace Verbose: 0 : 17056, 7, 2023/10/31, 13:48:11.803, 573713301919, vstest.console.dll, TcpClientExtensions.MessageLoopAsync: NotifyDataAvailable remoteEndPoint: 127.0.0.1:64266 localEndPoint: 127.0.0.1:64265
TpTrace Verbose: 0 : 17056, 7, 2023/10/31, 13:48:11.803, 573713303884, vstest.console.dll, TestRequestSender.OnExecutionMessageReceived: Received message: {"Version":7,"MessageType":"TestSession.Message","Payload":{"MessageLevel":0,"Message":"Logging TestHost Diagnostics in file: D:\\Users\\lmoph\\OneDrive\\Skrivebord\\github repos\\software-utvikling\\lecture1-2\\consoleApp\\consoleApp.UnitTest\\bin\\Debug\\net7.0\\fine-code-coverage\\coverage-tool-output\\diagnostics.host.23-10-31_13-48-11_43085_5.log"}}
TpTrace Verbose: 0 : 17056, 7, 2023/10/31, 13:48:11.805, 573713321659, vstest.console.dll, TestRunRequest:SendTestRunMessage: Starting.
TpTrace Verbose: 0 : 17056, 7, 2023/10/31, 13:48:11.805, 573713322493, vstest.console.dll, MulticastDelegateUtilities.SafeInvoke: TestRun.LogMessages: Invoking callback 1/1 for Microsoft.VisualStudio.TestPlatform.CommandLine.TestRunResultAggregator., took 0 ms.
TpTrace Verbose: 0 : 17056, 4, 2023/10/31, 13:48:11.805, 573713322631, vstest.console.dll, MulticastDelegateUtilities.SafeInvoke: InternalTestLoggerEvents.SendTestRunMessage: Invoking callback 1/1 for Microsoft.VisualStudio.TestPlatform.CommandLine.Internal.ConsoleLogger., took 0 ms.
TpTrace Information: 0 : 17056, 7, 2023/10/31, 13:48:11.805, 573713322770, vstest.console.dll, TestRunRequest:SendTestRunMessage: Completed.
TpTrace Verbose: 0 : 17056, 7, 2023/10/31, 13:48:11.805, 573713323500, vstest.console.dll, MulticastDelegateUtilities.SafeInvoke: LengthPrefixCommunicationChannel: MessageReceived: Invoking callback 1/1 for Microsoft.VisualStudio.TestPlatform.CommunicationUtilities.TestRequestSender+<>c__DisplayClass34_0., took 2 ms.
TpTrace Verbose: 0 : 17056, 7, 2023/10/31, 13:48:11.805, 573713323761, vstest.console.dll, TcpClientExtensions.MessageLoopAsync: Polling on remoteEndPoint: 127.0.0.1:64266 localEndPoint: 127.0.0.1:64265
TpTrace Verbose: 0 : 17056, 5, 2023/10/31, 13:48:11.808, 573713353672, vstest.console.dll, TestRequestSender.StartTestRun: Sending test run with message: {"Version":7,"MessageType":"TestExecution.StartWithSources","Payload":{"AdapterSourceMap":{"_none_":["D:\\Users\\lmoph\\OneDrive\\Skrivebord\\github repos\\software-utvikling\\lecture1-2\\consoleApp\\consoleApp.UnitTest\\bin\\Debug\\net7.0\\fine-code-coverage\\build-output\\consoleApp.UnitTest.dll"]},"RunSettings":"<RunSettings>\r\n  <RunConfiguration>\r\n    <ResultsDirectory>D:\\Users\\lmoph\\OneDrive\\Skrivebord\\github repos\\software-utvikling\\lecture1-2\\consoleApp\\consoleApp.UnitTest\\bin\\Debug\\net7.0\\fine-code-coverage\\coverage-tool-output</ResultsDirectory>\r\n    <TargetFrameworkVersion>.NETCoreApp,Version=v7.0</TargetFrameworkVersion>\r\n    <DesignMode>False</DesignMode>\r\n    <CollectSourceInformation>False</CollectSourceInformation>\r\n  </RunConfiguration>\r\n  <LoggerRunSettings>\r\n    <Loggers>\r\n      <Logger friendlyName=\"blame\" enabled=\"True\" />\r\n      <Logger friendlyName=\"Console\" uri=\"logger://microsoft/TestPlatform/ConsoleLogger/v1\" assemblyQualifiedName=\"Microsoft.VisualStudio.TestPlatform.CommandLine.Internal.ConsoleLogger, vstest.console, Version=15.0.0.0, Culture=neutral, PublicKeyToken=b03f5f7f11d50a3a\" codeBase=\"C:\\Program Files\\dotnet\\sdk\\7.0.401\\vstest.console.dll\" enabled=\"True\" />\r\n    </Loggers>\r\n  </LoggerRunSettings>\r\n  <DataCollectionRunSettings>\r\n    <DataCollectors>\r\n      <DataCollector friendlyName=\"blame\" enabled=\"True\">\r\n        <Configuration>\r\n          <ResultsDirectory>D:\\Users\\lmoph\\OneDrive\\Skrivebord\\github repos\\software-utvikling\\lecture1-2\\consoleApp\\consoleApp.UnitTest\\bin\\Debug\\net7.0\\fine-code-coverage\\coverage-tool-output</ResultsDirectory>\r\n        </Configuration>\r\n      </DataCollector>\r\n    </DataCollectors>\r\n  </DataCollectionRunSettings>\r\n</RunSettings>","TestExecutionContext":{"FrequencyOfRunStatsChangeEvent":10,"RunStatsChangeEventTimeout":"00:00:01.5000000","InIsolation":false,"KeepAlive":false,"AreTestCaseLevelEventsRequired":false,"IsDebug":false,"TestCaseFilter":null,"FilterOptions":null},"Package":null}}
TpTrace Verbose: 0 : 17056, 5, 2023/10/31, 13:48:11.809, 573713354890, vstest.console.dll, ParallelProxyExecutionManager.StartTestRunOnConcurrentManager: Execution started. Started clients: 1
TpTrace Verbose: 0 : 17056, 7, 2023/10/31, 13:48:11.910, 573714365930, vstest.console.dll, TcpClientExtensions.MessageLoopAsync: NotifyDataAvailable remoteEndPoint: 127.0.0.1:64266 localEndPoint: 127.0.0.1:64265
TpTrace Verbose: 0 : 17056, 7, 2023/10/31, 13:48:11.910, 573714367347, vstest.console.dll, TestRequestSender.OnExecutionMessageReceived: Received message: {"Version":7,"MessageType":"TestSession.Message","Payload":{"MessageLevel":0,"Message":"NUnit Adapter 4.5.0.0: Test execution started"}}
TpTrace Verbose: 0 : 17056, 7, 2023/10/31, 13:48:11.910, 573714369288, vstest.console.dll, TestRunRequest:SendTestRunMessage: Starting.
TpTrace Verbose: 0 : 17056, 7, 2023/10/31, 13:48:11.910, 573714369748, vstest.console.dll, MulticastDelegateUtilities.SafeInvoke: TestRun.LogMessages: Invoking callback 1/1 for Microsoft.VisualStudio.TestPlatform.CommandLine.TestRunResultAggregator., took 0 ms.
TpTrace Information: 0 : 17056, 7, 2023/10/31, 13:48:11.910, 573714369961, vstest.console.dll, TestRunRequest:SendTestRunMessage: Completed.
TpTrace Verbose: 0 : 17056, 7, 2023/10/31, 13:48:11.910, 573714370158, vstest.console.dll, MulticastDelegateUtilities.SafeInvoke: LengthPrefixCommunicationChannel: MessageReceived: Invoking callback 1/1 for Microsoft.VisualStudio.TestPlatform.CommunicationUtilities.TestRequestSender+<>c__DisplayClass34_0., took 0 ms.
TpTrace Verbose: 0 : 17056, 4, 2023/10/31, 13:48:11.910, 573714370250, vstest.console.dll, MulticastDelegateUtilities.SafeInvoke: InternalTestLoggerEvents.SendTestRunMessage: Invoking callback 1/1 for Microsoft.VisualStudio.TestPlatform.CommandLine.Internal.ConsoleLogger., took 0 ms.
TpTrace Verbose: 0 : 17056, 7, 2023/10/31, 13:48:11.910, 573714370422, vstest.console.dll, TcpClientExtensions.MessageLoopAsync: Polling on remoteEndPoint: 127.0.0.1:64266 localEndPoint: 127.0.0.1:64265
TpTrace Verbose: 0 : 17056, 7, 2023/10/31, 13:48:11.926, 573714533077, vstest.console.dll, TcpClientExtensions.MessageLoopAsync: NotifyDataAvailable remoteEndPoint: 127.0.0.1:64266 localEndPoint: 127.0.0.1:64265
TpTrace Verbose: 0 : 17056, 7, 2023/10/31, 13:48:11.927, 573714533997, vstest.console.dll, TestRequestSender.OnExecutionMessageReceived: Received message: {"Version":7,"MessageType":"TestSession.Message","Payload":{"MessageLevel":0,"Message":"Running all tests in D:\\Users\\lmoph\\OneDrive\\Skrivebord\\github repos\\software-utvikling\\lecture1-2\\consoleApp\\consoleApp.UnitTest\\bin\\Debug\\net7.0\\fine-code-coverage\\build-output\\consoleApp.UnitTest.dll"}}
TpTrace Verbose: 0 : 17056, 7, 2023/10/31, 13:48:11.927, 573714534804, vstest.console.dll, TestRunRequest:SendTestRunMessage: Starting.
TpTrace Verbose: 0 : 17056, 7, 2023/10/31, 13:48:11.927, 573714535231, vstest.console.dll, MulticastDelegateUtilities.SafeInvoke: TestRun.LogMessages: Invoking callback 1/1 for Microsoft.VisualStudio.TestPlatform.CommandLine.TestRunResultAggregator., took 0 ms.
TpTrace Verbose: 0 : 17056, 4, 2023/10/31, 13:48:11.927, 573714535407, vstest.console.dll, MulticastDelegateUtilities.SafeInvoke: InternalTestLoggerEvents.SendTestRunMessage: Invoking callback 1/1 for Microsoft.VisualStudio.TestPlatform.CommandLine.Internal.ConsoleLogger., took 0 ms.
TpTrace Information: 0 : 17056, 7, 2023/10/31, 13:48:11.927, 573714535523, vstest.console.dll, TestRunRequest:SendTestRunMessage: Completed.
TpTrace Verbose: 0 : 17056, 7, 2023/10/31, 13:48:11.927, 573714536264, vstest.console.dll, MulticastDelegateUtilities.SafeInvoke: LengthPrefixCommunicationChannel: MessageReceived: Invoking callback 1/1 for Microsoft.VisualStudio.TestPlatform.CommunicationUtilities.TestRequestSender+<>c__DisplayClass34_0., took 0 ms.
TpTrace Verbose: 0 : 17056, 7, 2023/10/31, 13:48:11.927, 573714536508, vstest.console.dll, TcpClientExtensions.MessageLoopAsync: Polling on remoteEndPoint: 127.0.0.1:64266 localEndPoint: 127.0.0.1:64265
TpTrace Verbose: 0 : 17056, 7, 2023/10/31, 13:48:12.001, 573715276755, vstest.console.dll, TcpClientExtensions.MessageLoopAsync: NotifyDataAvailable remoteEndPoint: 127.0.0.1:64266 localEndPoint: 127.0.0.1:64265
TpTrace Verbose: 0 : 17056, 7, 2023/10/31, 13:48:12.001, 573715278214, vstest.console.dll, TestRequestSender.OnExecutionMessageReceived: Received message: {"Version":7,"MessageType":"TestSession.Message","Payload":{"MessageLevel":0,"Message":"   NUnit3TestExecutor discovered 13 of 13 NUnit test cases using Current Discovery mode, Non-Explicit run"}}
TpTrace Verbose: 0 : 17056, 7, 2023/10/31, 13:48:12.001, 573715279118, vstest.console.dll, TestRunRequest:SendTestRunMessage: Starting.
TpTrace Verbose: 0 : 17056, 7, 2023/10/31, 13:48:12.001, 573715279540, vstest.console.dll, MulticastDelegateUtilities.SafeInvoke: TestRun.LogMessages: Invoking callback 1/1 for Microsoft.VisualStudio.TestPlatform.CommandLine.TestRunResultAggregator., took 0 ms.
TpTrace Information: 0 : 17056, 7, 2023/10/31, 13:48:12.001, 573715279738, vstest.console.dll, TestRunRequest:SendTestRunMessage: Completed.
TpTrace Verbose: 0 : 17056, 7, 2023/10/31, 13:48:12.001, 573715279906, vstest.console.dll, MulticastDelegateUtilities.SafeInvoke: LengthPrefixCommunicationChannel: MessageReceived: Invoking callback 1/1 for Microsoft.VisualStudio.TestPlatform.CommunicationUtilities.TestRequestSender+<>c__DisplayClass34_0., took 0 ms.
TpTrace Verbose: 0 : 17056, 7, 2023/10/31, 13:48:12.001, 573715280086, vstest.console.dll, TcpClientExtensions.MessageLoopAsync: Polling on remoteEndPoint: 127.0.0.1:64266 localEndPoint: 127.0.0.1:64265
TpTrace Verbose: 0 : 17056, 4, 2023/10/31, 13:48:12.001, 573715280074, vstest.console.dll, MulticastDelegateUtilities.SafeInvoke: InternalTestLoggerEvents.SendTestRunMessage: Invoking callback 1/1 for Microsoft.VisualStudio.TestPlatform.CommandLine.Internal.ConsoleLogger., took 0 ms.
TpTrace Verbose: 0 : 17056, 7, 2023/10/31, 13:48:12.666, 573721932154, vstest.console.dll, TcpClientExtensions.MessageLoopAsync: NotifyDataAvailable remoteEndPoint: 127.0.0.1:64266 localEndPoint: 127.0.0.1:64265
TpTrace Verbose: 0 : 17056, 7, 2023/10/31, 13:48:12.667, 573721934430, vstest.console.dll, TestRequestSender.OnExecutionMessageReceived: Received message: {"Version":7,"MessageType":"TestExecution.StatsChange","Payload":{"NewTestResults":[{"TestCase":{"Id":"76b9835a-1705-ed13-c3d6-38d5d63cf01a","FullyQualifiedName":"Tests.addAndReadDataTest","DisplayName":"addAndReadDataTest","ExecutorUri":"executor://NUnit3TestExecutor","Source":"D:\\Users\\lmoph\\OneDrive\\Skrivebord\\github repos\\software-utvikling\\lecture1-2\\consoleApp\\consoleApp.UnitTest\\bin\\Debug\\net7.0\\fine-code-coverage\\build-output\\consoleApp.UnitTest.dll","CodeFilePath":null,"LineNumber":0,"Properties":[{"Key":{"Id":"NUnit.Seed","Label":"Seed","Category":"","Description":"","Attributes":0,"ValueType":"System.String"},"Value":"446338271"}]},"Attachments":[],"Outcome":2,"ErrorMessage":"Microsoft.Data.Sqlite.SqliteException : SQLite Error 14: 'unable to open database file'.","ErrorStackTrace":"   at Microsoft.Data.Sqlite.SqliteException.ThrowExceptionForRC(Int32 rc, sqlite3 db)\r\n   at Microsoft.Data.Sqlite.SqliteConnectionInternal..ctor(SqliteConnectionStringBuilder connectionOptions, SqliteConnectionPool pool)\r\n   at Microsoft.Data.Sqlite.SqliteConnectionPool.GetConnection()\r\n   at Microsoft.Data.Sqlite.SqliteConnectionFactory.GetConnection(SqliteConnection outerConnection)\r\n   at Microsoft.Data.Sqlite.SqliteConnection.Open()\r\n   at Microsoft.EntityFrameworkCore.Storage.RelationalConnection.OpenDbConnection(Boolean errorsExpected)\r\n   at Microsoft.EntityFrameworkCore.Storage.RelationalConnection.OpenInternal(Boolean errorsExpected)\r\n   at Microsoft.EntityFrameworkCore.Storage.RelationalConnection.Open(Boolean errorsExpected)\r\n   at Microsoft.EntityFrameworkCore.Update.Internal.BatchExecutor.Execute(IEnumerable`1 commandBatches, IRelationalConnection connection)\r\n   at Microsoft.EntityFrameworkCore.Storage.RelationalDatabase.SaveChanges(IList`1 entries)\r\n   at Microsoft.EntityFrameworkCore.ChangeTracking.Internal.StateManager.SaveChanges(IList`1 entriesToSave)\r\n   at Microsoft.EntityFrameworkCore.ChangeTracking.Internal.StateManager.SaveChanges(StateManager stateManager, Boolean acceptAllChangesOnSuccess)\r\n   at Microsoft.EntityFrameworkCore.ChangeTracking.Internal.StateManager.<>c.<SaveChanges>b__107_0(DbContext _, ValueTuple`2 t)\r\n   at Microsoft.EntityFrameworkCore.Storage.NonRetryingExecutionStrategy.Execute[TState,TResult](TState state, Func`3 operation, Func`3 verifySucceeded)\r\n   at Microsoft.EntityFrameworkCore.ChangeTracking.Internal.StateManager.SaveChanges(Boolean acceptAllChangesOnSuccess)\r\n   at Microsoft.EntityFrameworkCore.DbContext.SaveChanges(Boolean acceptAllChangesOnSuccess)\r\n   at Microsoft.EntityFrameworkCore.DbContext.SaveChanges()\r\n   at consoleApp.Program.addStudent(Student student) in D:\\Users\\lmoph\\OneDrive\\Skrivebord\\github repos\\software-utvikling\\lecture1-2\\consoleApp\\consoleApp\\Program.cs:line 241\r\n   at Tests.addAndReadDataTest() in D:\\Users\\lmoph\\OneDrive\\Skrivebord\\github repos\\software-utvikling\\lecture1-2\\consoleApp\\consoleApp.UnitTest\\UnitTest1.cs:line 116\r\n   at System.RuntimeMethodHandle.InvokeMethod(Object target, Void** arguments, Signature sig, Boolean isConstructor)\r\n   at System.Reflection.MethodInvoker.Invoke(Object obj, IntPtr* args, BindingFlags invokeAttr)\n","DisplayName":"addAndReadDataTest","Messages":[],"ComputerName":"DESKTOP-HFDIUV4","Duration":"00:00:00.5766040","StartTime":"2023-10-31T12:48:12.0213967+00:00","EndTime":"2023-10-31T12:48:12.5979434+00:00","Properties":[{"Key":{"Id":"NUnit.Seed","Label":"Seed","Category":"","Description":"","Attributes":0,"ValueType":"System.String"},"Value":"446338271"}]},{"TestCase":{"Id":"195e93ef-a34d-c4cc-0089-fc9133221ee4","FullyQualifiedName":"Tests.additionTest","DisplayName":"additionTest","ExecutorUri":"executor://NUnit3TestExecutor","Source":"D:\\Users\\lmoph\\OneDrive\\Skrivebord\\github repos\\software-utvikling\\lecture1-2\\consoleApp\\consoleApp.UnitTest\\bin\\Debug\\net7.0\\fine-code-coverage\\build-output\\consoleApp.UnitTest.dll","CodeFilePath":null,"LineNumber":0,"Properties":[{"Key":{"Id":"NUnit.Seed","Label":"Seed","Category":"","Description":"","Attributes":0,"ValueType":"System.String"},"Value":"1281404555"}]},"Attachments":[],"Outcome":1,"ErrorMessage":null,"ErrorStackTrace":null,"DisplayName":"additionTest","Messages":[],"ComputerName":"DESKTOP-HFDIUV4","Duration":"00:00:00.0077340","StartTime":"2023-10-31T12:48:12.599595+00:00","EndTime":"2023-10-31T12:48:12.6073293+00:00","Properties":[{"Key":{"Id":"NUnit.Seed","Label":"Seed","Category":"","Description":"","Attributes":0,"ValueType":"System.String"},"Value":"1281404555"}]},{"TestCase":{"Id":"e79ab113-bf0f-a2ad-44fc-4bf5b7333621","FullyQualifiedName":"Tests.divisionTest","DisplayName":"divisionTest","ExecutorUri":"executor://NUnit3TestExecutor","Source":"D:\\Users\\lmoph\\OneDrive\\Skrivebord\\github repos\\software-utvikling\\lecture1-2\\consoleApp\\consoleApp.UnitTest\\bin\\Debug\\net7.0\\fine-code-coverage\\build-output\\consoleApp.UnitTest.dll","CodeFilePath":null,"LineNumber":0,"Properties":[{"Key":{"Id":"NUnit.Seed","Label":"Seed","Category":"","Description":"","Attributes":0,"ValueType":"System.String"},"Value":"1086773299"}]},"Attachments":[],"Outcome":1,"ErrorMessage":null,"ErrorStackTrace":null,"DisplayName":"divisionTest","Messages":[],"ComputerName":"DESKTOP-HFDIUV4","Duration":"00:00:00.0003700","StartTime":"2023-10-31T12:48:12.6073683+00:00","EndTime":"2023-10-31T12:48:12.6077384+00:00","Properties":[{"Key":{"Id":"NUnit.Seed","Label":"Seed","Category":"","Description":"","Attributes":0,"ValueType":"System.String"},"Value":"1086773299"}]},{"TestCase":{"Id":"44bba1d1-d5b8-5243-8ba3-0e153176b036","FullyQualifiedName":"Tests.equalsTest","DisplayName":"equalsTest","ExecutorUri":"executor://NUnit3TestExecutor","Source":"D:\\Users\\lmoph\\OneDrive\\Skrivebord\\github repos\\software-utvikling\\lecture1-2\\consoleApp\\consoleApp.UnitTest\\bin\\Debug\\net7.0\\fine-code-coverage\\build-output\\consoleApp.UnitTest.dll","CodeFilePath":null,"LineNumber":0,"Properties":[{"Key":{"Id":"NUnit.Seed","Label":"Seed","Category":"","Description":"","Attributes":0,"ValueType":"System.String"},"Value":"562175506"}]},"Attachments":[],"Outcome":1,"ErrorMessage":null,"ErrorStackTrace":null,"DisplayName":"equalsTest","Messages":[],"ComputerName":"DESKTOP-HFDIUV4","Duration":"00:00:00.0005550","StartTime":"2023-10-31T12:48:12.6077462+00:00","EndTime":"2023-10-31T12:48:12.6083011+00:00","Properties":[{"Key":{"Id":"NUnit.Seed","Label":"Seed","Category":"","Description":"","Attributes":0,"ValueType":"System.String"},"Value":"562175506"}]},{"TestCase":{"Id":"29cb72df-eda1-b19d-84e8-4103f8e45c24","FullyQualifiedName":"Tests.greaterThanTest","DisplayName":"greaterThanTest","ExecutorUri":"executor://NUnit3TestExecutor","Source":"D:\\Users\\lmoph\\OneDrive\\Skrivebord\\github repos\\software-utvikling\\lecture1-2\\consoleApp\\consoleApp.UnitTest\\bin\\Debug\\net7.0\\fine-code-coverage\\build-output\\consoleApp.UnitTest.dll","CodeFilePath":null,"LineNumber":0,"Properties":[{"Key":{"Id":"NUnit.Seed","Label":"Seed","Category":"","Description":"","Attributes":0,"ValueType":"System.String"},"Value":"1294866584"}]},"Attachments":[],"Outcome":1,"ErrorMessage":null,"ErrorStackTrace":null,"DisplayName":"greaterThanTest","Messages":[],"ComputerName":"DESKTOP-HFDIUV4","Duration":"00:00:00.0002509","StartTime":"2023-10-31T12:48:12.6083125+00:00","EndTime":"2023-10-31T12:48:12.6085634+00:00","Properties":[{"Key":{"Id":"NUnit.Seed","Label":"Seed","Category":"","Description":"","Attributes":0,"ValueType":"System.String"},"Value":"1294866584"}]},{"TestCase":{"Id":"72b17210-3f61-923c-1607-eb332fc41cc0","FullyQualifiedName":"Tests.implicitCastToDoubleTest","DisplayName":"implicitCastToDoubleTest","ExecutorUri":"executor://NUnit3TestExecutor","Source":"D:\\Users\\lmoph\\OneDrive\\Skrivebord\\github repos\\software-utvikling\\lecture1-2\\consoleApp\\consoleApp.UnitTest\\bin\\Debug\\net7.0\\fine-code-coverage\\build-output\\consoleApp.UnitTest.dll","CodeFilePath":null,"LineNumber":0,"Properties":[{"Key":{"Id":"NUnit.Seed","Label":"Seed","Category":"","Description":"","Attributes":0,"ValueType":"System.String"},"Value":"1218866497"}]},"Attachments":[],"Outcome":1,"ErrorMessage":null,"ErrorStackTrace":null,"DisplayName":"implicitCastToDoubleTest","Messages":[],"ComputerName":"DESKTOP-HFDIUV4","Duration":"00:00:00.0007580","StartTime":"2023-10-31T12:48:12.6085711+00:00","EndTime":"2023-10-31T12:48:12.6093292+00:00","Properties":[{"Key":{"Id":"NUnit.Seed","Label":"Seed","Category":"","Description":"","Attributes":0,"ValueType":"System.String"},"Value":"1218866497"}]},{"TestCase":{"Id":"f805fdf8-d7f5-7a8c-8445-d48ecb912fe7","FullyQualifiedName":"Tests.lesserThanTest","DisplayName":"lesserThanTest","ExecutorUri":"executor://NUnit3TestExecutor","Source":"D:\\Users\\lmoph\\OneDrive\\Skrivebord\\github repos\\software-utvikling\\lecture1-2\\consoleApp\\consoleApp.UnitTest\\bin\\Debug\\net7.0\\fine-code-coverage\\build-output\\consoleApp.UnitTest.dll","CodeFilePath":null,"LineNumber":0,"Properties":[{"Key":{"Id":"NUnit.Seed","Label":"Seed","Category":"","Description":"","Attributes":0,"ValueType":"System.String"},"Value":"560269951"}]},"Attachments":[],"Outcome":1,"ErrorMessage":null,"ErrorStackTrace":null,"DisplayName":"lesserThanTest","Messages":[],"ComputerName":"DESKTOP-HFDIUV4","Duration":"00:00:00.0002410","StartTime":"2023-10-31T12:48:12.6093376+00:00","EndTime":"2023-10-31T12:48:12.6095785+00:00","Properties":[{"Key":{"Id":"NUnit.Seed","Label":"Seed","Category":"","Description":"","Attributes":0,"ValueType":"System.String"},"Value":"560269951"}]},{"TestCase":{"Id":"bffd5aa7-2ddc-2470-12cd-93547c7768ac","FullyQualifiedName":"Tests.multiplicationTest","DisplayName":"multiplicationTest","ExecutorUri":"executor://NUnit3TestExecutor","Source":"D:\\Users\\lmoph\\OneDrive\\Skrivebord\\github repos\\software-utvikling\\lecture1-2\\consoleApp\\consoleApp.UnitTest\\bin\\Debug\\net7.0\\fine-code-coverage\\build-output\\consoleApp.UnitTest.dll","CodeFilePath":null,"LineNumber":0,"Properties":[{"Key":{"Id":"NUnit.Seed","Label":"Seed","Category":"","Description":"","Attributes":0,"ValueType":"System.String"},"Value":"2039809540"}]},"Attachments":[],"Outcome":1,"ErrorMessage":null,"ErrorStackTrace":null,"DisplayName":"multiplicationTest","Messages":[],"ComputerName":"DESKTOP-HFDIUV4","Duration":"00:00:00.0001640","StartTime":"2023-10-31T12:48:12.609586+00:00","EndTime":"2023-10-31T12:48:12.60975+00:00","Properties":[{"Key":{"Id":"NUnit.Seed","Label":"Seed","Category":"","Description":"","Attributes":0,"ValueType":"System.String"},"Value":"2039809540"}]},{"TestCase":{"Id":"39d43606-0c1e-9982-552b-7420f1a4d7eb","FullyQualifiedName":"Tests.notEqualsTest","DisplayName":"notEqualsTest","ExecutorUri":"executor://NUnit3TestExecutor","Source":"D:\\Users\\lmoph\\OneDrive\\Skrivebord\\github repos\\software-utvikling\\lecture1-2\\consoleApp\\consoleApp.UnitTest\\bin\\Debug\\net7.0\\fine-code-coverage\\build-output\\consoleApp.UnitTest.dll","CodeFilePath":null,"LineNumber":0,"Properties":[{"Key":{"Id":"NUnit.Seed","Label":"Seed","Category":"","Description":"","Attributes":0,"ValueType":"System.String"},"Value":"465971079"}]},"Attachments":[],"Outcome":1,"ErrorMessage":null,"ErrorStackTrace":null,"DisplayName":"notEqualsTest","Messages":[],"ComputerName":"DESKTOP-HFDIUV4","Duration":"00:00:00.0001970","StartTime":"2023-10-31T12:48:12.6097572+00:00","EndTime":"2023-10-31T12:48:12.6099537+00:00","Properties":[{"Key":{"Id":"NUnit.Seed","Label":"Seed","Category":"","Description":"","Attributes":0,"ValueType":"System.String"},"Value":"465971079"}]}],"TestRunStatistics":{"ExecutedTests":9,"Stats":{"Failed":1,"Passed":8}},"ActiveTests":[{"Id":"134148de-49fb-8a5e-8718-ba164c6a71b8","FullyQualifiedName":"Tests.reductionTest","DisplayName":"reductionTest","ExecutorUri":"executor://NUnit3TestExecutor","Source":"D:\\Users\\lmoph\\OneDrive\\Skrivebord\\github repos\\software-utvikling\\lecture1-2\\consoleApp\\consoleApp.UnitTest\\bin\\Debug\\net7.0\\fine-code-coverage\\build-output\\consoleApp.UnitTest.dll","CodeFilePath":null,"LineNumber":0,"Properties":[{"Key":{"Id":"NUnit.Seed","Label":"Seed","Category":"","Description":"","Attributes":0,"ValueType":"System.String"},"Value":"1361202421"}]}]}}
TpTrace Verbose: 0 : 17056, 7, 2023/10/31, 13:48:12.683, 573722102145, vstest.console.dll, TestRunRequest:SendTestRunStatsChange: Starting.
TpTrace Verbose: 0 : 17056, 7, 2023/10/31, 13:48:12.683, 573722103463, vstest.console.dll, InProgress is reductionTest
TpTrace Verbose: 0 : 17056, 7, 2023/10/31, 13:48:12.684, 573722105210, vstest.console.dll, MulticastDelegateUtilities.SafeInvoke: TestRun.RunStatsChanged: Invoking callbacks was skipped because there are no subscribers.
TpTrace Information: 0 : 17056, 7, 2023/10/31, 13:48:12.684, 573722105464, vstest.console.dll, TestRunRequest:SendTestRunStatsChange: Completed.
TpTrace Verbose: 0 : 17056, 7, 2023/10/31, 13:48:12.684, 573722105649, vstest.console.dll, MulticastDelegateUtilities.SafeInvoke: LengthPrefixCommunicationChannel: MessageReceived: Invoking callback 1/1 for Microsoft.VisualStudio.TestPlatform.CommunicationUtilities.TestRequestSender+<>c__DisplayClass34_0., took 17 ms.
TpTrace Verbose: 0 : 17056, 7, 2023/10/31, 13:48:12.684, 573722105876, vstest.console.dll, TcpClientExtensions.MessageLoopAsync: Polling on remoteEndPoint: 127.0.0.1:64266 localEndPoint: 127.0.0.1:64265
TpTrace Verbose: 0 : 17056, 7, 2023/10/31, 13:48:12.684, 573722106123, vstest.console.dll, TcpClientExtensions.MessageLoopAsync: NotifyDataAvailable remoteEndPoint: 127.0.0.1:64266 localEndPoint: 127.0.0.1:64265
TpTrace Verbose: 0 : 17056, 7, 2023/10/31, 13:48:12.684, 573722106543, vstest.console.dll, TestRequestSender.OnExecutionMessageReceived: Received message: {"Version":7,"MessageType":"TestSession.Message","Payload":{"MessageLevel":0,"Message":"NUnit Adapter 4.5.0.0: Test execution complete"}}
TpTrace Verbose: 0 : 17056, 7, 2023/10/31, 13:48:12.684, 573722107076, vstest.console.dll, TestRunRequest:SendTestRunMessage: Starting.
TpTrace Verbose: 0 : 17056, 7, 2023/10/31, 13:48:12.684, 573722107326, vstest.console.dll, MulticastDelegateUtilities.SafeInvoke: TestRun.LogMessages: Invoking callback 1/1 for Microsoft.VisualStudio.TestPlatform.CommandLine.TestRunResultAggregator., took 0 ms.
TpTrace Information: 0 : 17056, 7, 2023/10/31, 13:48:12.684, 573722107589, vstest.console.dll, TestRunRequest:SendTestRunMessage: Completed.
TpTrace Verbose: 0 : 17056, 7, 2023/10/31, 13:48:12.684, 573722107757, vstest.console.dll, MulticastDelegateUtilities.SafeInvoke: LengthPrefixCommunicationChannel: MessageReceived: Invoking callback 1/1 for Microsoft.VisualStudio.TestPlatform.CommunicationUtilities.TestRequestSender+<>c__DisplayClass34_0., took 0 ms.
TpTrace Verbose: 0 : 17056, 7, 2023/10/31, 13:48:12.684, 573722107941, vstest.console.dll, TcpClientExtensions.MessageLoopAsync: Polling on remoteEndPoint: 127.0.0.1:64266 localEndPoint: 127.0.0.1:64265
TpTrace Verbose: 0 : 17056, 4, 2023/10/31, 13:48:12.686, 573722125333, vstest.console.dll, MulticastDelegateUtilities.SafeInvoke: InternalTestLoggerEvents.SendTestResult: Invoking callback 1/1 for Microsoft.VisualStudio.TestPlatform.CommandLine.Internal.ConsoleLogger., took 1 ms.
TpTrace Verbose: 0 : 17056, 4, 2023/10/31, 13:48:12.686, 573722127219, vstest.console.dll, MulticastDelegateUtilities.SafeInvoke: InternalTestLoggerEvents.SendTestResult: Invoking callback 1/1 for Microsoft.VisualStudio.TestPlatform.CommandLine.Internal.ConsoleLogger., took 0 ms.
TpTrace Verbose: 0 : 17056, 4, 2023/10/31, 13:48:12.686, 573722127601, vstest.console.dll, MulticastDelegateUtilities.SafeInvoke: InternalTestLoggerEvents.SendTestResult: Invoking callback 1/1 for Microsoft.VisualStudio.TestPlatform.CommandLine.Internal.ConsoleLogger., took 0 ms.
TpTrace Verbose: 0 : 17056, 7, 2023/10/31, 13:48:12.686, 573722132288, vstest.console.dll, TcpClientExtensions.MessageLoopAsync: NotifyDataAvailable remoteEndPoint: 127.0.0.1:64266 localEndPoint: 127.0.0.1:64265
TpTrace Verbose: 0 : 17056, 7, 2023/10/31, 13:48:12.686, 573722133355, vstest.console.dll, TestRequestSender.OnExecutionMessageReceived: Received message: {"Version":7,"MessageType":"TestExecution.Completed","Payload":{"TestRunCompleteArgs":{"TestRunStatistics":{"ExecutedTests":13,"Stats":{"Failed":1,"Passed":12}},"IsCanceled":false,"IsAborted":false,"Error":null,"AttachmentSets":[],"InvokedDataCollectors":[],"ElapsedTimeInRunningTests":"00:00:00.7832737","Metrics":{},"DiscoveredExtensions":{"TestDiscoverers":["NUnit.VisualStudio.TestAdapter.NUnit3TestDiscoverer, NUnit3.TestAdapter, Version=4.5.0.0, Culture=neutral, PublicKeyToken=4cb40d35494691ac"],"TestExecutors":["executor://NUnit3TestExecutor"],"TestExecutors2":[],"TestSettingsProviders":[]}},"LastRunTests":{"NewTestResults":[{"TestCase":{"Id":"134148de-49fb-8a5e-8718-ba164c6a71b8","FullyQualifiedName":"Tests.reductionTest","DisplayName":"reductionTest","ExecutorUri":"executor://NUnit3TestExecutor","Source":"D:\\Users\\lmoph\\OneDrive\\Skrivebord\\github repos\\software-utvikling\\lecture1-2\\consoleApp\\consoleApp.UnitTest\\bin\\Debug\\net7.0\\fine-code-coverage\\build-output\\consoleApp.UnitTest.dll","CodeFilePath":null,"LineNumber":0,"Properties":[{"Key":{"Id":"NUnit.Seed","Label":"Seed","Category":"","Description":"","Attributes":0,"ValueType":"System.String"},"Value":"1361202421"}]},"Attachments":[],"Outcome":1,"ErrorMessage":null,"ErrorStackTrace":null,"DisplayName":"reductionTest","Messages":[],"ComputerName":"DESKTOP-HFDIUV4","Duration":"00:00:00.0001030","StartTime":"2023-10-31T12:48:12.6099609+00:00","EndTime":"2023-10-31T12:48:12.6100634+00:00","Properties":[{"Key":{"Id":"NUnit.Seed","Label":"Seed","Category":"","Description":"","Attributes":0,"ValueType":"System.String"},"Value":"1361202421"}]},{"TestCase":{"Id":"6af55d0a-5b2a-5ba3-a21f-686dab0a3b4f","FullyQualifiedName":"Tests.subtractionTest","DisplayName":"subtractionTest","ExecutorUri":"executor://NUnit3TestExecutor","Source":"D:\\Users\\lmoph\\OneDrive\\Skrivebord\\github repos\\software-utvikling\\lecture1-2\\consoleApp\\consoleApp.UnitTest\\bin\\Debug\\net7.0\\fine-code-coverage\\build-output\\consoleApp.UnitTest.dll","CodeFilePath":null,"LineNumber":0,"Properties":[{"Key":{"Id":"NUnit.Seed","Label":"Seed","Category":"","Description":"","Attributes":0,"ValueType":"System.String"},"Value":"1230805185"}]},"Attachments":[],"Outcome":1,"ErrorMessage":null,"ErrorStackTrace":null,"DisplayName":"subtractionTest","Messages":[],"ComputerName":"DESKTOP-HFDIUV4","Duration":"00:00:00.0001570","StartTime":"2023-10-31T12:48:12.6100698+00:00","EndTime":"2023-10-31T12:48:12.6102266+00:00","Properties":[{"Key":{"Id":"NUnit.Seed","Label":"Seed","Category":"","Description":"","Attributes":0,"ValueType":"System.String"},"Value":"1230805185"}]},{"TestCase":{"Id":"780039c5-d811-24e0-790b-78789ce304ab","FullyQualifiedName":"Tests.throwErrorTest","DisplayName":"throwErrorTest","ExecutorUri":"executor://NUnit3TestExecutor","Source":"D:\\Users\\lmoph\\OneDrive\\Skrivebord\\github repos\\software-utvikling\\lecture1-2\\consoleApp\\consoleApp.UnitTest\\bin\\Debug\\net7.0\\fine-code-coverage\\build-output\\consoleApp.UnitTest.dll","CodeFilePath":null,"LineNumber":0,"Properties":[{"Key":{"Id":"NUnit.Seed","Label":"Seed","Category":"","Description":"","Attributes":0,"ValueType":"System.String"},"Value":"1047461310"}]},"Attachments":[],"Outcome":1,"ErrorMessage":null,"ErrorStackTrace":null,"DisplayName":"throwErrorTest","Messages":[],"ComputerName":"DESKTOP-HFDIUV4","Duration":"00:00:00.0034520","StartTime":"2023-10-31T12:48:12.6102334+00:00","EndTime":"2023-10-31T12:48:12.613685+00:00","Properties":[{"Key":{"Id":"NUnit.Seed","Label":"Seed","Category":"","Description":"","Attributes":0,"ValueType":"System.String"},"Value":"1047461310"}]},{"TestCase":{"Id":"a32e60f2-a207-4e4f-9a95-e1dfe34d27d9","FullyQualifiedName":"Tests.ToDoubleTest","DisplayName":"ToDoubleTest","ExecutorUri":"executor://NUnit3TestExecutor","Source":"D:\\Users\\lmoph\\OneDrive\\Skrivebord\\github repos\\software-utvikling\\lecture1-2\\consoleApp\\consoleApp.UnitTest\\bin\\Debug\\net7.0\\fine-code-coverage\\build-output\\consoleApp.UnitTest.dll","CodeFilePath":null,"LineNumber":0,"Properties":[{"Key":{"Id":"NUnit.Seed","Label":"Seed","Category":"","Description":"","Attributes":0,"ValueType":"System.String"},"Value":"169739165"}]},"Attachments":[],"Outcome":1,"ErrorMessage":null,"ErrorStackTrace":null,"DisplayName":"ToDoubleTest","Messages":[],"ComputerName":"DESKTOP-HFDIUV4","Duration":"00:00:00.0001730","StartTime":"2023-10-31T12:48:12.613694+00:00","EndTime":"2023-10-31T12:48:12.6138671+00:00","Properties":[{"Key":{"Id":"NUnit.Seed","Label":"Seed","Category":"","Description":"","Attributes":0,"ValueType":"System.String"},"Value":"169739165"}]}],"TestRunStatistics":{"ExecutedTests":13,"Stats":{"Failed":1,"Passed":12}},"ActiveTests":[]},"RunAttachments":[],"ExecutorUris":["executor://nunit3testexecutor/"]}}
TpTrace Verbose: 0 : 17056, 4, 2023/10/31, 13:48:12.686, 573722133519, vstest.console.dll, MulticastDelegateUtilities.SafeInvoke: InternalTestLoggerEvents.SendTestResult: Invoking callback 1/1 for Microsoft.VisualStudio.TestPlatform.CommandLine.Internal.ConsoleLogger., took 0 ms.
TpTrace Verbose: 0 : 17056, 7, 2023/10/31, 13:48:12.687, 573722134193, vstest.console.dll, TestRequestSender.EndSession: Sending end session.
TpTrace Verbose: 0 : 17056, 4, 2023/10/31, 13:48:12.687, 573722134847, vstest.console.dll, MulticastDelegateUtilities.SafeInvoke: InternalTestLoggerEvents.SendTestResult: Invoking callback 1/1 for Microsoft.VisualStudio.TestPlatform.CommandLine.Internal.ConsoleLogger., took 0 ms.
TpTrace Verbose: 0 : 17056, 7, 2023/10/31, 13:48:12.687, 573722135181, vstest.console.dll, ProxyOperationManager.Close: waiting for test host to exit for 100 ms
TpTrace Verbose: 0 : 17056, 4, 2023/10/31, 13:48:12.687, 573722135469, vstest.console.dll, MulticastDelegateUtilities.SafeInvoke: InternalTestLoggerEvents.SendTestResult: Invoking callback 1/1 for Microsoft.VisualStudio.TestPlatform.CommandLine.Internal.ConsoleLogger., took 0 ms.
TpTrace Verbose: 0 : 17056, 4, 2023/10/31, 13:48:12.687, 573722136723, vstest.console.dll, MulticastDelegateUtilities.SafeInvoke: InternalTestLoggerEvents.SendTestResult: Invoking callback 1/1 for Microsoft.VisualStudio.TestPlatform.CommandLine.Internal.ConsoleLogger., took 0 ms.
TpTrace Verbose: 0 : 17056, 4, 2023/10/31, 13:48:12.687, 573722137319, vstest.console.dll, MulticastDelegateUtilities.SafeInvoke: InternalTestLoggerEvents.SendTestResult: Invoking callback 1/1 for Microsoft.VisualStudio.TestPlatform.CommandLine.Internal.ConsoleLogger., took 0 ms.
TpTrace Verbose: 0 : 17056, 4, 2023/10/31, 13:48:12.687, 573722137658, vstest.console.dll, MulticastDelegateUtilities.SafeInvoke: InternalTestLoggerEvents.SendTestResult: Invoking callback 1/1 for Microsoft.VisualStudio.TestPlatform.CommandLine.Internal.ConsoleLogger., took 0 ms.
TpTrace Verbose: 0 : 17056, 4, 2023/10/31, 13:48:12.687, 573722137901, vstest.console.dll, MulticastDelegateUtilities.SafeInvoke: InternalTestLoggerEvents.SendTestRunMessage: Invoking callback 1/1 for Microsoft.VisualStudio.TestPlatform.CommandLine.Internal.ConsoleLogger., took 0 ms.
TpTrace Verbose: 0 : 17056, 12, 2023/10/31, 13:48:12.694, 573722212930, vstest.console.dll, TestHostManagerCallbacks.ctor: Experimental forwarding output is disabled.
TpTrace Warning: 0 : 17056, 12, 2023/10/31, 13:48:12.694, 573722213359, vstest.console.dll, TestHostManagerCallbacks.ErrorReceivedCallback Test host standard error line: 
TpTrace Verbose: 0 : 17056, 12, 2023/10/31, 13:48:12.701, 573722280532, vstest.console.dll, TestHostProvider.ExitCallBack: Host exited starting callback.
TpTrace Information: 0 : 17056, 12, 2023/10/31, 13:48:12.701, 573722281633, vstest.console.dll, TestHostManagerCallbacks.ExitCallBack: Testhost processId: 30860 exited with exitcode: 0 error: ''
TpTrace Verbose: 0 : 17056, 12, 2023/10/31, 13:48:12.701, 573722281887, vstest.console.dll, DotnetTestHostManager.OnHostExited: invoking OnHostExited callback
TpTrace Verbose: 0 : 17056, 12, 2023/10/31, 13:48:12.701, 573722282370, vstest.console.dll, CrossPlatEngine.TestHostManagerHostExited: calling on client process exit callback.
TpTrace Information: 0 : 17056, 12, 2023/10/31, 13:48:12.701, 573722282724, vstest.console.dll, TestRequestSender.OnClientProcessExit: Test host process exited. Standard error: 
TpTrace Information: 0 : 17056, 12, 2023/10/31, 13:48:12.701, 573722282971, vstest.console.dll, SocketServer.Stop: Stop server endPoint: 127.0.0.1:64265
TpTrace Information: 0 : 17056, 12, 2023/10/31, 13:48:12.701, 573722283148, vstest.console.dll, SocketServer.Stop: Cancellation requested. Stopping message loop.
TpTrace Information: 0 : 17056, 7, 2023/10/31, 13:48:12.701, 573722283474, vstest.console.dll, SocketServer.Stop: Stop server endPoint: 127.0.0.1:64265
TpTrace Verbose: 0 : 17056, 12, 2023/10/31, 13:48:12.701, 573722283729, vstest.console.dll, MulticastDelegateUtilities.SafeInvoke: HostProviderEvents.OnHostExited: Invoking callback 1/1 for Microsoft.VisualStudio.TestPlatform.CrossPlatEngine.Client.ProxyOperationManager., took 0 ms.
TpTrace Information: 0 : 17056, 7, 2023/10/31, 13:48:12.701, 573722283847, vstest.console.dll, SocketServer.Stop: Cancellation requested. Stopping message loop.
TpTrace Information: 0 : 17056, 7, 2023/10/31, 13:48:12.702, 573722284396, vstest.console.dll, Closing the connection
TpTrace Verbose: 0 : 17056, 7, 2023/10/31, 13:48:12.702, 573722285844, vstest.console.dll, ProxyDataCollectionManager.InvokeDataCollectionServiceAction: Starting.
TpTrace Information: 0 : 17056, 7, 2023/10/31, 13:48:12.702, 573722286113, vstest.console.dll, ProxyDataCollectionManager.AfterTestRunEnd: Get attachment set and invoked data collectors processId: 23484 port: 64262
TpTrace Verbose: 0 : 17056, 7, 2023/10/31, 13:48:12.702, 573722286386, vstest.console.dll, DataCollectionRequestSender.SendAfterTestRunStartAndGetResult: Send AfterTestRunEnd message with isCancelled: False
TpTrace Verbose: 0 : 17056, 7, 2023/10/31, 13:48:12.706, 573722333285, vstest.console.dll, DataCollectionRequestSender.SendAfterTestRunStartAndGetResult: Received message: (DataCollection.AfterTestRunEndResult) -> {"MessageType":"DataCollection.AfterTestRunEndResult","Payload":{"AttachmentSets":[],"InvokedDataCollectors":[{"Uri":"datacollector://Microsoft/TestPlatform/Extensions/Blame/v1","FriendlyName":"Blame","AssemblyQualifiedName":"Microsoft.TestPlatform.Extensions.BlameDataCollector.BlameCollector, Microsoft.TestPlatform.Extensions.BlameDataCollector, Version=15.0.0.0, Culture=neutral, PublicKeyToken=b03f5f7f11d50a3a","FilePath":"C:\\Program Files\\dotnet\\sdk\\7.0.401\\Extensions\\Microsoft.TestPlatform.Extensions.BlameDataCollector.dll","HasAttachmentProcessor":false}],"Metrics":{}}}
TpTrace Warning: 0 : 17056, 11, 2023/10/31, 13:48:12.709, 573722359688, vstest.console.dll, DataCollectionLauncher.ErrorReceivedCallback datacollector standard error line: 
TpTrace Information: 0 : 17056, 7, 2023/10/31, 13:48:12.710, 573722364678, vstest.console.dll, ProxyDataCollectionManager.InvokeDataCollectionServiceAction: Completed.
TpTrace Information: 0 : 17056, 11, 2023/10/31, 13:48:12.713, 573722399332, vstest.console.dll, DataCollectionLauncher.ExitCallBack: Data collector exited with exitcode: 0 error: ''
TpTrace Verbose: 0 : 17056, 7, 2023/10/31, 13:48:12.736, 573722633398, vstest.console.dll, TestRunRequest:SendTestRunStatsChange: Starting.
TpTrace Verbose: 0 : 17056, 7, 2023/10/31, 13:48:12.737, 573722634243, vstest.console.dll, MulticastDelegateUtilities.SafeInvoke: TestRun.RunStatsChanged: Invoking callbacks was skipped because there are no subscribers.
TpTrace Information: 0 : 17056, 7, 2023/10/31, 13:48:12.737, 573722634439, vstest.console.dll, TestRunRequest:SendTestRunStatsChange: Completed.
TpTrace Verbose: 0 : 17056, 4, 2023/10/31, 13:48:12.737, 573722634687, vstest.console.dll, MulticastDelegateUtilities.SafeInvoke: InternalTestLoggerEvents.SendTestResult: Invoking callback 1/1 for Microsoft.VisualStudio.TestPlatform.CommandLine.Internal.ConsoleLogger., took 0 ms.
TpTrace Verbose: 0 : 17056, 4, 2023/10/31, 13:48:12.737, 573722635335, vstest.console.dll, MulticastDelegateUtilities.SafeInvoke: InternalTestLoggerEvents.SendTestResult: Invoking callback 1/1 for Microsoft.VisualStudio.TestPlatform.CommandLine.Internal.ConsoleLogger., took 0 ms.
TpTrace Verbose: 0 : 17056, 4, 2023/10/31, 13:48:12.737, 573722635662, vstest.console.dll, MulticastDelegateUtilities.SafeInvoke: InternalTestLoggerEvents.SendTestResult: Invoking callback 1/1 for Microsoft.VisualStudio.TestPlatform.CommandLine.Internal.ConsoleLogger., took 0 ms.
TpTrace Verbose: 0 : 17056, 4, 2023/10/31, 13:48:12.737, 573722635956, vstest.console.dll, MulticastDelegateUtilities.SafeInvoke: InternalTestLoggerEvents.SendTestResult: Invoking callback 1/1 for Microsoft.VisualStudio.TestPlatform.CommandLine.Internal.ConsoleLogger., took 0 ms.
TpTrace Verbose: 0 : 17056, 7, 2023/10/31, 13:48:12.737, 573722637345, vstest.console.dll, ParallelProxyExecutionManager: HandlePartialRunComplete: Total workloads = 1, Total started clients = 1 Total completed clients = 1, Run complete = True, Run canceled: False.
TpTrace Verbose: 0 : 17056, 7, 2023/10/31, 13:48:12.737, 573722637650, vstest.console.dll, ParallelProxyExecutionManager: HandlePartialRunComplete: All runs completed stopping all managers.
TpTrace Verbose: 0 : 17056, 7, 2023/10/31, 13:48:12.737, 573722637854, vstest.console.dll, ParallelOperationManager.StopAllManagers: Stopping all managers.
TpTrace Verbose: 0 : 17056, 7, 2023/10/31, 13:48:12.737, 573722638022, vstest.console.dll, ParallelOperationManager.ClearSlots: Clearing all slots. Slots should accept more work: False
TpTrace Verbose: 0 : 17056, 7, 2023/10/31, 13:48:12.737, 573722638326, vstest.console.dll, ParallelOperationManager.SetOccupiedSlotCount: Setting slot counts AvailableSlotCount = 1, OccupiedSlotCount = 0.
TpTrace Verbose: 0 : 17056, 7, 2023/10/31, 13:48:12.737, 573722638639, vstest.console.dll, Occupied slots:

TpTrace Verbose: 0 : 17056, 4, 2023/10/31, 13:48:12.753, 573722802761, vstest.console.dll, MulticastDelegateUtilities.SafeInvoke: InternalTestLoggerEvents.SendTestRunComplete: Invoking callback 1/2 for Microsoft.TestPlatform.Extensions.BlameDataCollector.BlameLogger., took 0 ms.
TpTrace Verbose: 0 : 17056, 4, 2023/10/31, 13:48:12.757, 573722840864, vstest.console.dll, MulticastDelegateUtilities.SafeInvoke: InternalTestLoggerEvents.SendTestRunComplete: Invoking callback 2/2 for Microsoft.VisualStudio.TestPlatform.CommandLine.Internal.ConsoleLogger., took 3 ms.
TpTrace Verbose: 0 : 17056, 7, 2023/10/31, 13:48:12.757, 573722843898, vstest.console.dll, TestRunRequest:TestRunComplete: Starting. IsAborted:False IsCanceled:False.
TpTrace Verbose: 0 : 17056, 7, 2023/10/31, 13:48:12.758, 573722845297, vstest.console.dll, ParallelOperationManager.DoActionOnAllManagers: Calling an action on all managers.
TpTrace Verbose: 0 : 17056, 7, 2023/10/31, 13:48:12.758, 573722853169, vstest.console.dll, TestLoggerManager.HandleTestRunComplete: Ignoring as the object is disposed.
TpTrace Verbose: 0 : 17056, 7, 2023/10/31, 13:48:12.759, 573722855426, vstest.console.dll, MulticastDelegateUtilities.SafeInvoke: TestRun.TestRunComplete: Invoking callback 1/2 for Microsoft.VisualStudio.TestPlatform.CommandLine.TestRunResultAggregator., took 0 ms.
TpTrace Verbose: 0 : 17056, 7, 2023/10/31, 13:48:12.759, 573722856438, vstest.console.dll, MulticastDelegateUtilities.SafeInvoke: TestRun.TestRunComplete: Invoking callback 2/2 for Microsoft.VisualStudio.TestPlatform.CommandLine.Processors.RunTestsArgumentExecutor+TestRunRequestEventsRegistrar., took 0 ms.
TpTrace Information: 0 : 17056, 7, 2023/10/31, 13:48:12.759, 573722857484, vstest.console.dll, TestRunRequest:TestRunComplete: Completed.
TpTrace Verbose: 0 : 17056, 1, 2023/10/31, 13:48:12.759, 573722857547, vstest.console.dll, TestRunRequest.Dispose: Starting.
TpTrace Verbose: 0 : 17056, 7, 2023/10/31, 13:48:12.759, 573722857783, vstest.console.dll, TestRequestSender.SetOperationComplete: Setting operation complete.
TpTrace Information: 0 : 17056, 1, 2023/10/31, 13:48:12.759, 573722858315, vstest.console.dll, TestRunRequest.Dispose: Completed.
TpTrace Information: 0 : 17056, 7, 2023/10/31, 13:48:12.759, 573722858710, vstest.console.dll, SocketServer.Stop: Stop server endPoint: 127.0.0.1:64265
TpTrace Information: 0 : 17056, 7, 2023/10/31, 13:48:12.759, 573722859435, vstest.console.dll, SocketServer.Stop: Cancellation requested. Stopping message loop.
TpTrace Information: 0 : 17056, 1, 2023/10/31, 13:48:12.759, 573722859250, vstest.console.dll, TestRequestManager.RunTests: run tests completed.
TpTrace Verbose: 0 : 17056, 7, 2023/10/31, 13:48:12.759, 573722859734, vstest.console.dll, MulticastDelegateUtilities.SafeInvoke: LengthPrefixCommunicationChannel: MessageReceived: Invoking callback 1/1 for Microsoft.VisualStudio.TestPlatform.CommunicationUtilities.TestRequestSender+<>c__DisplayClass34_0., took 72 ms.
TpTrace Information: 0 : 17056, 7, 2023/10/31, 13:48:12.759, 573722860239, vstest.console.dll, SocketServer.PrivateStop: Stopping server endPoint: 127.0.0.1:64265 error: 
TpTrace Information: 0 : 17056, 1, 2023/10/31, 13:48:12.759, 573722860671, vstest.console.dll, RunTestsArgumentProcessor:Execute: Test run is completed.
TpTrace Verbose: 0 : 17056, 1, 2023/10/31, 13:48:12.759, 573722861942, vstest.console.dll, Executor.Execute: Exiting with exit code of 1
TpTrace Verbose: 0 : 17056, 7, 2023/10/31, 13:48:12.759, 573722863795, vstest.console.dll, LengthPrefixCommunicationChannel.Dispose: Dispose reader and writer.
TpTrace Information: 0 : 17056, 7, 2023/10/31, 13:48:12.760, 573722864332, vstest.console.dll, SocketServer.Stop: Raise disconnected event endPoint: 127.0.0.1:64265 error: 
TpTrace Verbose: 0 : 17056, 7, 2023/10/31, 13:48:12.760, 573722864982, vstest.console.dll, TestRequestSender: OnTestRunAbort: Operation is already complete. Skip error message.
TpTrace Verbose: 0 : 17056, 7, 2023/10/31, 13:48:12.760, 573722865231, vstest.console.dll, MulticastDelegateUtilities.SafeInvoke: SocketServer: ClientDisconnected: Invoking callback 1/1 for Microsoft.VisualStudio.TestPlatform.CommunicationUtilities.TestRequestSender., took 0 ms.
TpTrace Verbose: 0 : 17056, 7, 2023/10/31, 13:48:12.760, 573722865407, vstest.console.dll, TcpClientExtensions.MessageLoopAsync: exiting MessageLoopAsync remoteEndPoint: 127.0.0.1:64266 localEndPoint: 127.0.0.1:64265
